2019-07-06 04:45:50,155 INFO  DownloadService - Downloading "https://github.com/v-b7/ExpandableSearchView/archive/master.zip", attempt 3
2019-07-06 04:46:50,851 INFO  GithubDownloadService - Could not find ZIP archive for master branch
2019-07-06 04:46:51,687 INFO  GithubDownloadService - Default branch of this repository: master
2019-07-06 04:46:51,687 INFO  DownloadService - Downloading "https://github.com/v-b7/ExpandableSearchView/archive/master.zip", attempt 3
2019-07-06 04:47:53,139 DEBUG FullProcessService - Repository https://github.com/v-b7/ExpandableSearchView available: true
2019-07-06 04:47:53,139 INFO  FullProcessService - Could not download ZIP file from Github, lets clone it
2019-07-06 04:47:53,140 INFO  SysUtils - Execute command: [git, clone, -q, --single-branch, --depth, 1, https://github.com/v-b7/ExpandableSearchView, /var/folders/bq/vtzpc5ns5sg2cthy61lqpg3dfzgbys/T/1562363150151-0/src]
2019-07-06 04:47:55,426 INFO  SysUtils - 
2019-07-06 04:47:55,442 INFO  GitService - Deleted "/var/folders/bq/vtzpc5ns5sg2cthy61lqpg3dfzgbys/T/1562363150151-0/src/.git": true
2019-07-06 04:47:55,443 INFO  FullProcessService - Size of directory with sources: 501 KB
2019-07-06 04:47:55,443 INFO  SysUtils - Execute command: [git, init, /var/folders/bq/vtzpc5ns5sg2cthy61lqpg3dfzgbys/T/1562363150151-0/src]
2019-07-06 04:47:55,458 INFO  SysUtils - Initialized empty Git repository in /private/var/folders/bq/vtzpc5ns5sg2cthy61lqpg3dfzgbys/T/1562363150151-0/src/.git/

2019-07-06 04:47:55,460 INFO  ProjectBuildService - Gradle wrapper(s): /var/folders/bq/vtzpc5ns5sg2cthy61lqpg3dfzgbys/T/1562363150151-0/src/gradlew
2019-07-06 04:47:55,461 INFO  ProjectBuildService - Build script(s): /var/folders/bq/vtzpc5ns5sg2cthy61lqpg3dfzgbys/T/1562363150151-0/src/app/build.gradle /var/folders/bq/vtzpc5ns5sg2cthy61lqpg3dfzgbys/T/1562363150151-0/src/build.gradle
2019-07-06 04:47:55,462 INFO  ProjectBuildService - All script(s): /var/folders/bq/vtzpc5ns5sg2cthy61lqpg3dfzgbys/T/1562363150151-0/src/app/build.gradle /var/folders/bq/vtzpc5ns5sg2cthy61lqpg3dfzgbys/T/1562363150151-0/src/build.gradle /var/folders/bq/vtzpc5ns5sg2cthy61lqpg3dfzgbys/T/1562363150151-0/src/settings.gradle
2019-07-06 04:47:55,462 INFO  ProjectBuildService - Remote scripts: none
2019-07-06 04:47:55,462 INFO  ProjectFixService - Fixing project...
2019-07-06 04:47:55,465 INFO  LocalPropertiesFixService - Created fake /var/folders/bq/vtzpc5ns5sg2cthy61lqpg3dfzgbys/T/1562363150151-0/src/app/local.properties
2019-07-06 04:47:55,465 INFO  ProjectFixService - Build info for "/var/folders/bq/vtzpc5ns5sg2cthy61lqpg3dfzgbys/T/1562363150151-0/src/app/build.gradle": [buildToolsVersion=24.0.1,compileSdkVersion=24,minSdkVersion=15,targetSdkVersion=24]
2019-07-06 04:47:55,466 INFO  LocalPropertiesFixService - Created fake /var/folders/bq/vtzpc5ns5sg2cthy61lqpg3dfzgbys/T/1562363150151-0/src/local.properties
2019-07-06 04:47:55,466 INFO  ProjectFixService - Build info for "/var/folders/bq/vtzpc5ns5sg2cthy61lqpg3dfzgbys/T/1562363150151-0/src/build.gradle": [buildToolsVersion=24.0.1,compileSdkVersion=24,minSdkVersion=15,targetSdkVersion=24]
2019-07-06 04:47:55,466 INFO  ProjectFixService - Project was maybe fixed
2019-07-06 04:47:55,466 INFO  ProjectTaskService - Detecting possible tasks...
2019-07-06 04:47:55,466 INFO  SysUtils - Execute command: [/var/folders/bq/vtzpc5ns5sg2cthy61lqpg3dfzgbys/T/1562363150151-0/src/gradlew, -b, /var/folders/bq/vtzpc5ns5sg2cthy61lqpg3dfzgbys/T/1562363150151-0/src/app/build.gradle, -Dorg.gradle.daemon=false, -Dorg.gradle.daemon.performance.enable-monitoring=false, -Dorg.gradle.configureondemand=true, tasks]
2019-07-06 04:47:55,593 ERROR ProjectTaskService - Could not detect possible Gradle tasks: Process exited with an error: 1 (Exit value: 1)
2019-07-06 04:47:55,593 INFO  ProjectTaskService - Detected possible tasks: 0
2019-07-06 04:47:55,593 INFO  ProjectTaskService - Excluded tasks (0): none
2019-07-06 04:47:55,593 INFO  SysUtils - Execute command: [/var/folders/bq/vtzpc5ns5sg2cthy61lqpg3dfzgbys/T/1562363150151-0/src/gradlew, -b, /var/folders/bq/vtzpc5ns5sg2cthy61lqpg3dfzgbys/T/1562363150151-0/src/app/build.gradle, -Dorg.gradle.daemon=false, -Dorg.gradle.daemon.performance.enable-monitoring=false, -Dorg.gradle.configureondemand=true, --stacktrace, build]
2019-07-06 04:47:55,705 ERROR SysUtils - Could not process external command
org.apache.commons.exec.ExecuteException: Process exited with an error: 1 (Exit value: 1)
	at org.apache.commons.exec.DefaultExecutor.executeInternal(DefaultExecutor.java:404)
	at org.apache.commons.exec.DefaultExecutor.execute(DefaultExecutor.java:166)
	at com.github.vbauer.apkmaster.util.SysUtils.execute(SysUtils.java:67)
	at com.github.vbauer.apkmaster.util.SysUtils.executeSimple(SysUtils.java:43)
	at com.github.vbauer.apkmaster.service.assembly.ProjectBuildService.buildProject(ProjectBuildService.java:78)
	at com.github.vbauer.apkmaster.service.assembly.ProjectBuildService.buildProject(ProjectBuildService.java:64)
	at com.github.vbauer.apkmaster.service.assembly.ProjectBuildService.buildProject(ProjectBuildService.java:43)
	at com.github.vbauer.apkmaster.service.FullProcessService.build(FullProcessService.java:84)
	at com.github.vbauer.apkmaster.service.FullProcessService.process(FullProcessService.java:34)
	at com.github.vbauer.apkmaster.app.MainApplication.process(MainApplication.java:38)
	at com.github.vbauer.apkmaster.app.MainApplication.main(MainApplication.java:20)
	at sun.reflect.GeneratedMethodAccessor9.invoke(Unknown Source)
	at sun.reflect.DelegatingMethodAccessorImpl.invoke(DelegatingMethodAccessorImpl.java:43)
	at java.lang.reflect.Method.invoke(Method.java:498)
	at com.android.arsenal.util.ReflectionUtils.invoke(ReflectionUtils.java:52)
	at com.android.arsenal.util.ApkMasterUtils.main(ApkMasterUtils.java:30)
	at com.android.arsenal.service.processor.impl.BuildProcessorServiceImpl.buildProject(BuildProcessorServiceImpl.java:196)
	at com.android.arsenal.service.processor.impl.BuildProcessorServiceImpl.build(BuildProcessorServiceImpl.java:130)
	at com.android.arsenal.service.processor.impl.BuildProcessorServiceImpl.lambda$createTasks$1(BuildProcessorServiceImpl.java:113)
	at java.util.concurrent.FutureTask.run(FutureTask.java:266)
	at java.util.concurrent.Executors$RunnableAdapter.call(Executors.java:511)
	at java.util.concurrent.FutureTask.run(FutureTask.java:266)
	at java.util.concurrent.ThreadPoolExecutor.runWorker(ThreadPoolExecutor.java:1149)
	at java.util.concurrent.ThreadPoolExecutor$Worker.run(ThreadPoolExecutor.java:624)
	at java.lang.Thread.run(Thread.java:748)
2019-07-06 04:47:55,705 INFO  SysUtils - Error: Could not find or load main class org.gradle.wrapper.GradleWrapperMain

2019-07-06 04:47:55,706 INFO  ProjectTaskService - Detecting possible tasks...
2019-07-06 04:47:55,706 INFO  SysUtils - Execute command: [/var/folders/bq/vtzpc5ns5sg2cthy61lqpg3dfzgbys/T/1562363150151-0/src/gradlew, -b, /var/folders/bq/vtzpc5ns5sg2cthy61lqpg3dfzgbys/T/1562363150151-0/src/build.gradle, -Dorg.gradle.daemon=false, -Dorg.gradle.daemon.performance.enable-monitoring=false, -Dorg.gradle.configureondemand=true, tasks]
2019-07-06 04:47:55,816 ERROR ProjectTaskService - Could not detect possible Gradle tasks: Process exited with an error: 1 (Exit value: 1)
2019-07-06 04:47:55,816 INFO  ProjectTaskService - Detected possible tasks: 0
2019-07-06 04:47:55,816 INFO  ProjectTaskService - Excluded tasks (0): none
2019-07-06 04:47:55,816 INFO  SysUtils - Execute command: [/var/folders/bq/vtzpc5ns5sg2cthy61lqpg3dfzgbys/T/1562363150151-0/src/gradlew, -b, /var/folders/bq/vtzpc5ns5sg2cthy61lqpg3dfzgbys/T/1562363150151-0/src/build.gradle, -Dorg.gradle.daemon=false, -Dorg.gradle.daemon.performance.enable-monitoring=false, -Dorg.gradle.configureondemand=true, --stacktrace, build]
2019-07-06 04:47:55,929 ERROR SysUtils - Could not process external command
org.apache.commons.exec.ExecuteException: Process exited with an error: 1 (Exit value: 1)
	at org.apache.commons.exec.DefaultExecutor.executeInternal(DefaultExecutor.java:404)
	at org.apache.commons.exec.DefaultExecutor.execute(DefaultExecutor.java:166)
	at com.github.vbauer.apkmaster.util.SysUtils.execute(SysUtils.java:67)
	at com.github.vbauer.apkmaster.util.SysUtils.executeSimple(SysUtils.java:43)
	at com.github.vbauer.apkmaster.service.assembly.ProjectBuildService.buildProject(ProjectBuildService.java:78)
	at com.github.vbauer.apkmaster.service.assembly.ProjectBuildService.buildProject(ProjectBuildService.java:64)
	at com.github.vbauer.apkmaster.service.assembly.ProjectBuildService.buildProject(ProjectBuildService.java:43)
	at com.github.vbauer.apkmaster.service.FullProcessService.build(FullProcessService.java:84)
	at com.github.vbauer.apkmaster.service.FullProcessService.process(FullProcessService.java:34)
	at com.github.vbauer.apkmaster.app.MainApplication.process(MainApplication.java:38)
	at com.github.vbauer.apkmaster.app.MainApplication.main(MainApplication.java:20)
	at sun.reflect.GeneratedMethodAccessor9.invoke(Unknown Source)
	at sun.reflect.DelegatingMethodAccessorImpl.invoke(DelegatingMethodAccessorImpl.java:43)
	at java.lang.reflect.Method.invoke(Method.java:498)
	at com.android.arsenal.util.ReflectionUtils.invoke(ReflectionUtils.java:52)
	at com.android.arsenal.util.ApkMasterUtils.main(ApkMasterUtils.java:30)
	at com.android.arsenal.service.processor.impl.BuildProcessorServiceImpl.buildProject(BuildProcessorServiceImpl.java:196)
	at com.android.arsenal.service.processor.impl.BuildProcessorServiceImpl.build(BuildProcessorServiceImpl.java:130)
	at com.android.arsenal.service.processor.impl.BuildProcessorServiceImpl.lambda$createTasks$1(BuildProcessorServiceImpl.java:113)
	at java.util.concurrent.FutureTask.run(FutureTask.java:266)
	at java.util.concurrent.Executors$RunnableAdapter.call(Executors.java:511)
	at java.util.concurrent.FutureTask.run(FutureTask.java:266)
	at java.util.concurrent.ThreadPoolExecutor.runWorker(ThreadPoolExecutor.java:1149)
	at java.util.concurrent.ThreadPoolExecutor$Worker.run(ThreadPoolExecutor.java:624)
	at java.lang.Thread.run(Thread.java:748)
2019-07-06 04:47:55,929 INFO  SysUtils - Error: Could not find or load main class org.gradle.wrapper.GradleWrapperMain

2019-07-06 04:47:55,931 ERROR FullProcessService - Project build has not produced APK file
2019-07-06 04:47:55,932 ERROR FullProcessService - Could not find generated or existed APK file
