2017-01-25 10:01:00,495 INFO  DownloadService - Downloading "https://github.com/ChaitanyaPramod/findbugs-android/archive/master.zip", attempt 3
2017-01-25 10:01:02,335 INFO  DownloadService - Downloaded https://github.com/ChaitanyaPramod/findbugs-android/archive/master.zip, attempt 3
2017-01-25 10:01:02,335 INFO  ArchiveUtils - Checking entries [.gradle] in ZIP file...
2017-01-25 10:01:02,336 INFO  ArchiveUtils - Has entries [.gradle] in ZIP file /var/folders/3k/mymj0cx15f9c3m0kv4gch66h0000gn/T/1485316860490-0/master.zip: true
2017-01-25 10:01:02,336 DEBUG ZipUtil - Extracting '/var/folders/3k/mymj0cx15f9c3m0kv4gch66h0000gn/T/1485316860490-0/master.zip' into '/var/folders/3k/mymj0cx15f9c3m0kv4gch66h0000gn/T/1485316860490-0/src'.
2017-01-25 10:01:02,343 INFO  FullProcessService - Size of directory with sources: 68 KB
2017-01-25 10:01:02,343 INFO  SysUtils - Execute command: [git, init, /var/folders/3k/mymj0cx15f9c3m0kv4gch66h0000gn/T/1485316860490-0/src]
2017-01-25 10:01:02,404 INFO  SysUtils - Initialized empty Git repository in /private/var/folders/3k/mymj0cx15f9c3m0kv4gch66h0000gn/T/1485316860490-0/src/.git/

2017-01-25 10:01:02,405 INFO  ProjectBuildService - Gradle wrapper(s): /var/folders/3k/mymj0cx15f9c3m0kv4gch66h0000gn/T/1485316860490-0/src/findbugs-android-master/gradlew
2017-01-25 10:01:02,407 INFO  ProjectBuildService - Build script(s): /var/folders/3k/mymj0cx15f9c3m0kv4gch66h0000gn/T/1485316860490-0/src/findbugs-android-master/build.gradle
2017-01-25 10:01:02,408 INFO  ProjectBuildService - All script(s): /var/folders/3k/mymj0cx15f9c3m0kv4gch66h0000gn/T/1485316860490-0/src/findbugs-android-master/build.gradle /var/folders/3k/mymj0cx15f9c3m0kv4gch66h0000gn/T/1485316860490-0/src/findbugs-android-master/settings.gradle
2017-01-25 10:01:02,409 INFO  ProjectBuildService - Remote scripts: none
2017-01-25 10:01:02,409 INFO  ProjectFixService - Fixing project...
2017-01-25 10:01:02,414 INFO  LocalPropertiesFixService - Created fake /var/folders/3k/mymj0cx15f9c3m0kv4gch66h0000gn/T/1485316860490-0/src/findbugs-android-master/local.properties
2017-01-25 10:01:02,415 INFO  WrapperPropertiesFixService - Gradle wrapper: https://services.gradle.org/distributions/gradle-2.14.1-bin.zip
2017-01-25 10:01:02,418 INFO  ProjectFixService - Build info for "/var/folders/3k/mymj0cx15f9c3m0kv4gch66h0000gn/T/1485316860490-0/src/findbugs-android-master/build.gradle": [buildToolsVersion=<null>,compileSdkVersion=<null>,minSdkVersion=<null>,targetSdkVersion=<null>]
2017-01-25 10:01:02,418 INFO  ProjectFixService - Fixed build info for "/var/folders/3k/mymj0cx15f9c3m0kv4gch66h0000gn/T/1485316860490-0/src/findbugs-android-master/build.gradle": [buildToolsVersion=25.0.2,compileSdkVersion=25,minSdkVersion=25,targetSdkVersion=25]
2017-01-25 10:01:02,420 INFO  ProjectFixService - Project was maybe fixed
2017-01-25 10:01:02,420 INFO  ProjectTaskService - Detecting possible tasks...
2017-01-25 10:01:02,420 INFO  SysUtils - Execute command: [/var/folders/3k/mymj0cx15f9c3m0kv4gch66h0000gn/T/1485316860490-0/src/findbugs-android-master/gradlew, -b, /var/folders/3k/mymj0cx15f9c3m0kv4gch66h0000gn/T/1485316860490-0/src/findbugs-android-master/build.gradle, tasks]
2017-01-25 10:01:11,789 ERROR ProjectTaskService - Could not detect possible Gradle tasks: Process exited with an error: 1 (Exit value: 1)
2017-01-25 10:01:11,790 INFO  ProjectTaskService - Detected possible tasks: 0
2017-01-25 10:01:11,790 INFO  ProjectTaskService - Excluded tasks (0): none
2017-01-25 10:01:11,790 INFO  SysUtils - Execute command: [/var/folders/3k/mymj0cx15f9c3m0kv4gch66h0000gn/T/1485316860490-0/src/findbugs-android-master/gradlew, -b, /var/folders/3k/mymj0cx15f9c3m0kv4gch66h0000gn/T/1485316860490-0/src/findbugs-android-master/build.gradle, --stacktrace, build]
2017-01-25 10:01:19,764 ERROR SysUtils - Could not process external command
org.apache.commons.exec.ExecuteException: Process exited with an error: 1 (Exit value: 1)
	at org.apache.commons.exec.DefaultExecutor.executeInternal(DefaultExecutor.java:404)
	at org.apache.commons.exec.DefaultExecutor.execute(DefaultExecutor.java:166)
	at com.github.vbauer.apkmaster.util.SysUtils.execute(SysUtils.java:72)
	at com.github.vbauer.apkmaster.util.SysUtils.executeSimple(SysUtils.java:46)
	at com.github.vbauer.apkmaster.service.assembly.ProjectBuildService.buildProject(ProjectBuildService.java:78)
	at com.github.vbauer.apkmaster.service.assembly.ProjectBuildService.buildProject(ProjectBuildService.java:64)
	at com.github.vbauer.apkmaster.service.assembly.ProjectBuildService.buildProject(ProjectBuildService.java:43)
	at com.github.vbauer.apkmaster.service.FullProcessService.build(FullProcessService.java:77)
	at com.github.vbauer.apkmaster.service.FullProcessService.process(FullProcessService.java:33)
	at com.github.vbauer.apkmaster.app.MainApplication.process(MainApplication.java:38)
	at com.github.vbauer.apkmaster.app.MainApplication.main(MainApplication.java:20)
	at sun.reflect.GeneratedMethodAccessor12.invoke(Unknown Source)
	at sun.reflect.DelegatingMethodAccessorImpl.invoke(DelegatingMethodAccessorImpl.java:43)
	at java.lang.reflect.Method.invoke(Method.java:497)
	at com.android.arsenal.util.ReflectionUtils.invoke(ReflectionUtils.java:42)
	at com.android.arsenal.util.ApkMasterUtils.main(ApkMasterUtils.java:30)
	at com.android.arsenal.service.processor.impl.BuildProcessorServiceImpl.buildProject(BuildProcessorServiceImpl.java:204)
	at com.android.arsenal.service.processor.impl.BuildProcessorServiceImpl.build(BuildProcessorServiceImpl.java:131)
	at com.android.arsenal.service.processor.impl.BuildProcessorServiceImpl.lambda$createTasks$16(BuildProcessorServiceImpl.java:110)
	at java.util.concurrent.FutureTask.run(FutureTask.java:266)
	at java.util.concurrent.Executors$RunnableAdapter.call(Executors.java:511)
	at java.util.concurrent.FutureTask.run(FutureTask.java:266)
	at java.util.concurrent.ThreadPoolExecutor.runWorker(ThreadPoolExecutor.java:1142)
	at java.util.concurrent.ThreadPoolExecutor$Worker.run(ThreadPoolExecutor.java:617)
	at java.lang.Thread.run(Thread.java:745)
2017-01-25 10:01:19,764 INFO  SysUtils - 
FAILURE: Build failed with an exception.

* Where:
Build file '/private/var/folders/3k/mymj0cx15f9c3m0kv4gch66h0000gn/T/1485316860490-0/src/findbugs-android-master/build.gradle' line: 37

* What went wrong:
A problem occurred evaluating root project 'findbugs-android'.
> Could not get unknown property 'bintray.user' for root project 'findbugs-android' of type org.gradle.api.Project.

* Try:
Run with --info or --debug option to get more log output.

* Exception is:
org.gradle.api.GradleScriptException: A problem occurred evaluating root project 'findbugs-android'.
	at org.gradle.groovy.scripts.internal.DefaultScriptRunnerFactory$ScriptRunnerImpl.run(DefaultScriptRunnerFactory.java:93)
	at org.gradle.configuration.DefaultScriptPluginFactory$ScriptPluginImpl$2.run(DefaultScriptPluginFactory.java:177)
	at org.gradle.configuration.ProjectScriptTarget.addConfiguration(ProjectScriptTarget.java:77)
	at org.gradle.configuration.DefaultScriptPluginFactory$ScriptPluginImpl.apply(DefaultScriptPluginFactory.java:182)
	at org.gradle.configuration.project.BuildScriptProcessor.execute(BuildScriptProcessor.java:38)
	at org.gradle.configuration.project.BuildScriptProcessor.execute(BuildScriptProcessor.java:25)
	at org.gradle.configuration.project.ConfigureActionsProjectEvaluator.evaluate(ConfigureActionsProjectEvaluator.java:34)
	at org.gradle.configuration.project.LifecycleProjectEvaluator.evaluate(LifecycleProjectEvaluator.java:55)
	at org.gradle.api.internal.project.AbstractProject.evaluate(AbstractProject.java:540)
	at org.gradle.api.internal.project.AbstractProject.evaluate(AbstractProject.java:93)
	at org.gradle.execution.TaskPathProjectEvaluator.configureHierarchy(TaskPathProjectEvaluator.java:42)
	at org.gradle.configuration.DefaultBuildConfigurer.configure(DefaultBuildConfigurer.java:35)
	at org.gradle.initialization.DefaultGradleLauncher$2.run(DefaultGradleLauncher.java:124)
	at org.gradle.internal.Factories$1.create(Factories.java:22)
	at org.gradle.internal.progress.DefaultBuildOperationExecutor.run(DefaultBuildOperationExecutor.java:91)
	at org.gradle.internal.progress.DefaultBuildOperationExecutor.run(DefaultBuildOperationExecutor.java:53)
	at org.gradle.initialization.DefaultGradleLauncher.doBuildStages(DefaultGradleLauncher.java:121)
	at org.gradle.initialization.DefaultGradleLauncher.access$200(DefaultGradleLauncher.java:32)
	at org.gradle.initialization.DefaultGradleLauncher$1.create(DefaultGradleLauncher.java:98)
	at org.gradle.initialization.DefaultGradleLauncher$1.create(DefaultGradleLauncher.java:92)
	at org.gradle.internal.progress.DefaultBuildOperationExecutor.run(DefaultBuildOperationExecutor.java:91)
	at org.gradle.internal.progress.DefaultBuildOperationExecutor.run(DefaultBuildOperationExecutor.java:63)
	at org.gradle.initialization.DefaultGradleLauncher.doBuild(DefaultGradleLauncher.java:92)
	at org.gradle.initialization.DefaultGradleLauncher.run(DefaultGradleLauncher.java:83)
	at org.gradle.launcher.exec.InProcessBuildActionExecuter$DefaultBuildController.run(InProcessBuildActionExecuter.java:99)
	at org.gradle.tooling.internal.provider.ExecuteBuildActionRunner.run(ExecuteBuildActionRunner.java:28)
	at org.gradle.launcher.exec.ChainingBuildActionRunner.run(ChainingBuildActionRunner.java:35)
	at org.gradle.launcher.exec.InProcessBuildActionExecuter.execute(InProcessBuildActionExecuter.java:48)
	at org.gradle.launcher.exec.InProcessBuildActionExecuter.execute(InProcessBuildActionExecuter.java:30)
	at org.gradle.launcher.exec.ContinuousBuildActionExecuter.execute(ContinuousBuildActionExecuter.java:81)
	at org.gradle.launcher.exec.ContinuousBuildActionExecuter.execute(ContinuousBuildActionExecuter.java:46)
	at org.gradle.launcher.exec.DaemonUsageSuggestingBuildActionExecuter.execute(DaemonUsageSuggestingBuildActionExecuter.java:51)
	at org.gradle.launcher.exec.DaemonUsageSuggestingBuildActionExecuter.execute(DaemonUsageSuggestingBuildActionExecuter.java:28)
	at org.gradle.launcher.cli.RunBuildAction.run(RunBuildAction.java:43)
	at org.gradle.internal.Actions$RunnableActionAdapter.execute(Actions.java:173)
	at org.gradle.launcher.cli.CommandLineActionFactory$ParseAndBuildAction.execute(CommandLineActionFactory.java:239)
	at org.gradle.launcher.cli.CommandLineActionFactory$ParseAndBuildAction.execute(CommandLineActionFactory.java:212)
	at org.gradle.launcher.cli.JavaRuntimeValidationAction.execute(JavaRuntimeValidationAction.java:35)
	at org.gradle.launcher.cli.JavaRuntimeValidationAction.execute(JavaRuntimeValidationAction.java:24)
	at org.gradle.launcher.cli.ExceptionReportingAction.execute(ExceptionReportingAction.java:33)
	at org.gradle.launcher.cli.ExceptionReportingAction.execute(ExceptionReportingAction.java:22)
	at org.gradle.launcher.cli.CommandLineActionFactory$WithLogging.execute(CommandLineActionFactory.java:205)
	at org.gradle.launcher.cli.CommandLineActionFactory$WithLogging.execute(CommandLineActionFactory.java:169)
	at org.gradle.launcher.Main.doAction(Main.java:33)
	at org.gradle.launcher.bootstrap.EntryPoint.run(EntryPoint.java:45)
	at org.gradle.launcher.bootstrap.ProcessBootstrap.runNoExit(ProcessBootstrap.java:55)
	at org.gradle.launcher.bootstrap.ProcessBootstrap.run(ProcessBootstrap.java:36)
	at org.gradle.launcher.GradleMain.main(GradleMain.java:23)
	at org.gradle.wrapper.BootstrapMainStarter.start(BootstrapMainStarter.java:30)
	at org.gradle.wrapper.WrapperExecutor.execute(WrapperExecutor.java:127)
	at org.gradle.wrapper.GradleWrapperMain.main(GradleWrapperMain.java:61)
Caused by: groovy.lang.MissingPropertyException: Could not get unknown property 'bintray.user' for root project 'findbugs-android' of type org.gradle.api.Project.
	at org.gradle.internal.metaobject.AbstractDynamicObject.getMissingProperty(AbstractDynamicObject.java:85)
	at org.gradle.internal.metaobject.AbstractDynamicObject.getProperty(AbstractDynamicObject.java:62)
	at org.gradle.api.internal.project.AbstractProject.property(AbstractProject.java:790)
	at org.gradle.internal.metaobject.BeanDynamicObject$MetaClassAdapter.invokeMethod(BeanDynamicObject.java:374)
	at org.gradle.internal.metaobject.BeanDynamicObject.invokeMethod(BeanDynamicObject.java:169)
	at org.gradle.internal.metaobject.CompositeDynamicObject.invokeMethod(CompositeDynamicObject.java:96)
	at org.gradle.internal.metaobject.MixInClosurePropertiesAsMethodsDynamicObject.invokeMethod(MixInClosurePropertiesAsMethodsDynamicObject.java:30)
	at org.gradle.internal.metaobject.AbstractDynamicObject.invokeMethod(AbstractDynamicObject.java:163)
	at org.gradle.groovy.scripts.BasicScript.methodMissing(BasicScript.java:79)
	at build_erdjs9trckkoygn2luz2pcttb$_run_closure4.doCall(/private/var/folders/3k/mymj0cx15f9c3m0kv4gch66h0000gn/T/1485316860490-0/src/findbugs-android-master/build.gradle:37)
	at org.gradle.api.internal.ClosureBackedAction.execute(ClosureBackedAction.java:67)
	at org.gradle.api.internal.plugins.ExtensionsStorage$ExtensionHolder.configure(ExtensionsStorage.java:145)
	at org.gradle.api.internal.plugins.ExtensionsStorage.configureExtension(ExtensionsStorage.java:69)
	at org.gradle.api.internal.plugins.DefaultConvention$ExtensionsDynamicObject.invokeMethod(DefaultConvention.java:215)
	at org.gradle.internal.metaobject.CompositeDynamicObject.invokeMethod(CompositeDynamicObject.java:96)
	at org.gradle.internal.metaobject.MixInClosurePropertiesAsMethodsDynamicObject.invokeMethod(MixInClosurePropertiesAsMethodsDynamicObject.java:30)
	at org.gradle.internal.metaobject.AbstractDynamicObject.invokeMethod(AbstractDynamicObject.java:163)
	at org.gradle.groovy.scripts.BasicScript.methodMissing(BasicScript.java:79)
	at build_erdjs9trckkoygn2luz2pcttb.run(/private/var/folders/3k/mymj0cx15f9c3m0kv4gch66h0000gn/T/1485316860490-0/src/findbugs-android-master/build.gradle:36)
	at org.gradle.groovy.scripts.internal.DefaultScriptRunnerFactory$ScriptRunnerImpl.run(DefaultScriptRunnerFactory.java:91)
	... 50 more


BUILD FAILED

Total time: 7.397 secs

2017-01-25 10:01:19,766 ERROR FullProcessService - Project build has not produced APK file
2017-01-25 10:01:19,768 ERROR FullProcessService - Could not find generated or existed APK file
