2019-07-06 02:39:57,427 INFO  DownloadService - Downloading "https://github.com/Jaouan/Article-Details-Transition-Example/archive/master.zip", attempt 3
2019-07-06 02:40:58,031 INFO  GithubDownloadService - Could not find ZIP archive for master branch
2019-07-06 02:40:59,460 INFO  GithubDownloadService - Default branch of this repository: master
2019-07-06 02:40:59,460 INFO  DownloadService - Downloading "https://github.com/Jaouan/Article-Details-Transition-Example/archive/master.zip", attempt 3
2019-07-06 02:42:00,815 DEBUG FullProcessService - Repository https://github.com/Jaouan/Article-Details-Transition-Example available: true
2019-07-06 02:42:00,815 INFO  FullProcessService - Could not download ZIP file from Github, lets clone it
2019-07-06 02:42:00,815 INFO  SysUtils - Execute command: [git, clone, -q, --single-branch, --depth, 1, https://github.com/Jaouan/Article-Details-Transition-Example, /var/folders/bq/vtzpc5ns5sg2cthy61lqpg3dfzgbys/T/1562355597423-0/src]
2019-07-06 02:42:05,261 INFO  SysUtils - 
2019-07-06 02:42:05,269 INFO  GitService - Deleted "/var/folders/bq/vtzpc5ns5sg2cthy61lqpg3dfzgbys/T/1562355597423-0/src/.git": true
2019-07-06 02:42:05,273 INFO  FullProcessService - Size of directory with sources: 4 MB
2019-07-06 02:42:05,273 INFO  SysUtils - Execute command: [git, init, /var/folders/bq/vtzpc5ns5sg2cthy61lqpg3dfzgbys/T/1562355597423-0/src]
2019-07-06 02:42:05,290 INFO  SysUtils - Initialized empty Git repository in /private/var/folders/bq/vtzpc5ns5sg2cthy61lqpg3dfzgbys/T/1562355597423-0/src/.git/

2019-07-06 02:42:05,294 INFO  ProjectBuildService - Gradle wrapper(s): /var/folders/bq/vtzpc5ns5sg2cthy61lqpg3dfzgbys/T/1562355597423-0/src/gradlew
2019-07-06 02:42:05,297 INFO  ProjectBuildService - Build script(s): /var/folders/bq/vtzpc5ns5sg2cthy61lqpg3dfzgbys/T/1562355597423-0/src/pop-from-item-example/build.gradle /var/folders/bq/vtzpc5ns5sg2cthy61lqpg3dfzgbys/T/1562355597423-0/src/pop-from-top-example/build.gradle /var/folders/bq/vtzpc5ns5sg2cthy61lqpg3dfzgbys/T/1562355597423-0/src/build.gradle
2019-07-06 02:42:05,301 INFO  ProjectBuildService - All script(s): /var/folders/bq/vtzpc5ns5sg2cthy61lqpg3dfzgbys/T/1562355597423-0/src/pop-from-top-example/build.gradle /var/folders/bq/vtzpc5ns5sg2cthy61lqpg3dfzgbys/T/1562355597423-0/src/build.gradle /var/folders/bq/vtzpc5ns5sg2cthy61lqpg3dfzgbys/T/1562355597423-0/src/pop-from-item-example/build.gradle /var/folders/bq/vtzpc5ns5sg2cthy61lqpg3dfzgbys/T/1562355597423-0/src/settings.gradle
2019-07-06 02:42:05,301 INFO  ProjectBuildService - Remote scripts: none
2019-07-06 02:42:05,301 INFO  ProjectFixService - Fixing project...
2019-07-06 02:42:05,309 INFO  LocalPropertiesFixService - Created fake /var/folders/bq/vtzpc5ns5sg2cthy61lqpg3dfzgbys/T/1562355597423-0/src/pop-from-item-example/local.properties
2019-07-06 02:42:05,309 INFO  ProjectFixService - Build info for "/var/folders/bq/vtzpc5ns5sg2cthy61lqpg3dfzgbys/T/1562355597423-0/src/pop-from-item-example/build.gradle": [buildToolsVersion=23.0.2,compileSdkVersion=23,minSdkVersion=21,targetSdkVersion=23]
2019-07-06 02:42:05,309 INFO  LocalPropertiesFixService - Created fake /var/folders/bq/vtzpc5ns5sg2cthy61lqpg3dfzgbys/T/1562355597423-0/src/pop-from-top-example/local.properties
2019-07-06 02:42:05,309 INFO  ProjectFixService - Build info for "/var/folders/bq/vtzpc5ns5sg2cthy61lqpg3dfzgbys/T/1562355597423-0/src/pop-from-top-example/build.gradle": [buildToolsVersion=23.0.2,compileSdkVersion=23,minSdkVersion=21,targetSdkVersion=23]
2019-07-06 02:42:05,310 INFO  LocalPropertiesFixService - Created fake /var/folders/bq/vtzpc5ns5sg2cthy61lqpg3dfzgbys/T/1562355597423-0/src/local.properties
2019-07-06 02:42:05,310 INFO  WrapperPropertiesFixService - Gradle wrapper: https://services.gradle.org/distributions/gradle-2.10-all.zip
2019-07-06 02:42:05,310 INFO  WrapperPropertiesFixService - Gradle wrapper was changed from "-all.zip" to "-bin.zip" (https://services.gradle.org/distributions/gradle-2.10-bin.zip)
2019-07-06 02:42:05,311 INFO  ProjectFixService - Build info for "/var/folders/bq/vtzpc5ns5sg2cthy61lqpg3dfzgbys/T/1562355597423-0/src/build.gradle": [buildToolsVersion=23.0.2,compileSdkVersion=23,minSdkVersion=21,targetSdkVersion=23]
2019-07-06 02:42:05,311 INFO  ProjectFixService - Project was maybe fixed
2019-07-06 02:42:05,311 INFO  ProjectTaskService - Detecting possible tasks...
2019-07-06 02:42:05,311 INFO  SysUtils - Execute command: [/var/folders/bq/vtzpc5ns5sg2cthy61lqpg3dfzgbys/T/1562355597423-0/src/gradlew, -b, /var/folders/bq/vtzpc5ns5sg2cthy61lqpg3dfzgbys/T/1562355597423-0/src/pop-from-item-example/build.gradle, -Dorg.gradle.daemon=false, -Dorg.gradle.daemon.performance.enable-monitoring=false, -Dorg.gradle.configureondemand=true, tasks]
2019-07-06 02:42:13,793 ERROR ProjectTaskService - Could not detect possible Gradle tasks: Process exited with an error: 1 (Exit value: 1)
2019-07-06 02:42:13,793 INFO  ProjectTaskService - Detected possible tasks: 0
2019-07-06 02:42:13,793 INFO  ProjectTaskService - Excluded tasks (0): none
2019-07-06 02:42:13,793 INFO  SysUtils - Execute command: [/var/folders/bq/vtzpc5ns5sg2cthy61lqpg3dfzgbys/T/1562355597423-0/src/gradlew, -b, /var/folders/bq/vtzpc5ns5sg2cthy61lqpg3dfzgbys/T/1562355597423-0/src/pop-from-item-example/build.gradle, -Dorg.gradle.daemon=false, -Dorg.gradle.daemon.performance.enable-monitoring=false, -Dorg.gradle.configureondemand=true, --stacktrace, build]
2019-07-06 02:42:26,836 ERROR SysUtils - Could not process external command
org.apache.commons.exec.ExecuteException: Process exited with an error: 1 (Exit value: 1)
	at org.apache.commons.exec.DefaultExecutor.executeInternal(DefaultExecutor.java:404)
	at org.apache.commons.exec.DefaultExecutor.execute(DefaultExecutor.java:166)
	at com.github.vbauer.apkmaster.util.SysUtils.execute(SysUtils.java:67)
	at com.github.vbauer.apkmaster.util.SysUtils.executeSimple(SysUtils.java:43)
	at com.github.vbauer.apkmaster.service.assembly.ProjectBuildService.buildProject(ProjectBuildService.java:78)
	at com.github.vbauer.apkmaster.service.assembly.ProjectBuildService.buildProject(ProjectBuildService.java:64)
	at com.github.vbauer.apkmaster.service.assembly.ProjectBuildService.buildProject(ProjectBuildService.java:43)
	at com.github.vbauer.apkmaster.service.FullProcessService.build(FullProcessService.java:84)
	at com.github.vbauer.apkmaster.service.FullProcessService.process(FullProcessService.java:34)
	at com.github.vbauer.apkmaster.app.MainApplication.process(MainApplication.java:38)
	at com.github.vbauer.apkmaster.app.MainApplication.main(MainApplication.java:20)
	at sun.reflect.GeneratedMethodAccessor9.invoke(Unknown Source)
	at sun.reflect.DelegatingMethodAccessorImpl.invoke(DelegatingMethodAccessorImpl.java:43)
	at java.lang.reflect.Method.invoke(Method.java:498)
	at com.android.arsenal.util.ReflectionUtils.invoke(ReflectionUtils.java:52)
	at com.android.arsenal.util.ApkMasterUtils.main(ApkMasterUtils.java:30)
	at com.android.arsenal.service.processor.impl.BuildProcessorServiceImpl.buildProject(BuildProcessorServiceImpl.java:196)
	at com.android.arsenal.service.processor.impl.BuildProcessorServiceImpl.build(BuildProcessorServiceImpl.java:130)
	at com.android.arsenal.service.processor.impl.BuildProcessorServiceImpl.lambda$createTasks$1(BuildProcessorServiceImpl.java:113)
	at java.util.concurrent.FutureTask.run(FutureTask.java:266)
	at java.util.concurrent.Executors$RunnableAdapter.call(Executors.java:511)
	at java.util.concurrent.FutureTask.run(FutureTask.java:266)
	at java.util.concurrent.ThreadPoolExecutor.runWorker(ThreadPoolExecutor.java:1149)
	at java.util.concurrent.ThreadPoolExecutor$Worker.run(ThreadPoolExecutor.java:624)
	at java.lang.Thread.run(Thread.java:748)
2019-07-06 02:42:26,836 INFO  SysUtils - Configuration on demand is an incubating feature.
Incremental java compilation is an incubating feature.
:pop-from-item-example:preBuild UP-TO-DATE
:pop-from-item-example:preDebugBuild UP-TO-DATE
:pop-from-item-example:checkDebugManifest
:pop-from-item-example:preReleaseBuild UP-TO-DATE
:pop-from-item-example:prepareComAndroidSupportAnimatedVectorDrawable2340Library
:pop-from-item-example:prepareComAndroidSupportAppcompatV72340Library
:pop-from-item-example:prepareComAndroidSupportDesign2340Library
:pop-from-item-example:prepareComAndroidSupportRecyclerviewV72340Library
:pop-from-item-example:prepareComAndroidSupportSupportV42340Library
:pop-from-item-example:prepareComAndroidSupportSupportVectorDrawable2340Library
:pop-from-item-example:prepareComGithubJaouanViewsfrom100Library
:pop-from-item-example:prepareComJakewhartonButterknife821Library
:pop-from-item-example:prepareDebugDependencies
:pop-from-item-example:compileDebugAidl
:pop-from-item-example:compileDebugRenderscript
:pop-from-item-example:generateDebugBuildConfig
:pop-from-item-example:mergeDebugShaders
:pop-from-item-example:compileDebugShaders
:pop-from-item-example:generateDebugAssets
:pop-from-item-example:mergeDebugAssets
:pop-from-item-example:generateDebugResValues
:pop-from-item-example:generateDebugResources
:pop-from-item-example:mergeDebugResources
:pop-from-item-example:processDebugManifest
:pop-from-item-example:processDebugResources
:pop-from-item-example:generateDebugSources
:pop-from-item-example:incrementalDebugJavaCompilationSafeguard
:pop-from-item-example:compileDebugJavaWithJavac
:pop-from-item-example:compileDebugNdk UP-TO-DATE
:pop-from-item-example:compileDebugSources
:pop-from-item-example:prePackageMarkerForDebug
:pop-from-item-example:transformClassesWithDexForDebug
Merged dex #1 (28 defs/10.4KiB)
Merged dex #2 (5 defs/15.3KiB)
Merged dex #3 (330 defs/538.0KiB)
Merged dex #4 (182 defs/256.4KiB)
Merged dex #5 (134 defs/303.8KiB)
Merged dex #6 (770 defs/937.1KiB)
Merged dex #7 (17 defs/48.5KiB)
Merged dex #8 (22 defs/15.1KiB)
Merged dex #9 (17 defs/18.3KiB)
Merged dex #10 (74 defs/158.2KiB)
Merged dex #11 (335 defs/262.9KiB)
Merged dex #12 (46 defs/7.4KiB)
Result is 1960 defs/3120.1KiB. Took 0.2s
:pop-from-item-example:mergeDebugJniLibFolders
:pop-from-item-example:transformNative_libsWithMergeJniLibsForDebug
:pop-from-item-example:processDebugJavaRes UP-TO-DATE
:pop-from-item-example:transformResourcesWithMergeJavaResForDebug
:pop-from-item-example:validateDebugSigning
:pop-from-item-example:packageDebug
:pop-from-item-example:zipalignDebug
:pop-from-item-example:assembleDebug
:pop-from-item-example:checkReleaseManifest
:pop-from-item-example:prepareReleaseDependencies
:pop-from-item-example:compileReleaseAidl
:pop-from-item-example:compileReleaseRenderscript
:pop-from-item-example:generateReleaseBuildConfig
:pop-from-item-example:mergeReleaseShaders
:pop-from-item-example:compileReleaseShaders
:pop-from-item-example:generateReleaseAssets
:pop-from-item-example:mergeReleaseAssets
:pop-from-item-example:generateReleaseResValues
:pop-from-item-example:generateReleaseResources
:pop-from-item-example:mergeReleaseResources
:pop-from-item-example:processReleaseManifest
:pop-from-item-example:processReleaseResources
:pop-from-item-example:generateReleaseSources
:pop-from-item-example:incrementalReleaseJavaCompilationSafeguard
:pop-from-item-example:compileReleaseJavaWithJavac
:pop-from-item-example:compileReleaseNdk UP-TO-DATE
:pop-from-item-example:compileReleaseSources
:pop-from-item-example:lintVitalRelease FAILED

FAILURE: Build failed with an exception.

* What went wrong:
Execution failed for task ':pop-from-item-example:lintVitalRelease'.
> No toolchains found in the NDK toolchains folder for ABI with prefix: mipsel-linux-android

* Try:
Run with --info or --debug option to get more log output.

* Exception is:
org.gradle.api.tasks.TaskExecutionException: Execution failed for task ':pop-from-item-example:lintVitalRelease'.
	at org.gradle.api.internal.tasks.execution.ExecuteActionsTaskExecuter.executeActions(ExecuteActionsTaskExecuter.java:69)
	at org.gradle.api.internal.tasks.execution.ExecuteActionsTaskExecuter.execute(ExecuteActionsTaskExecuter.java:46)
	at org.gradle.api.internal.tasks.execution.PostExecutionAnalysisTaskExecuter.execute(PostExecutionAnalysisTaskExecuter.java:35)
	at org.gradle.api.internal.tasks.execution.SkipUpToDateTaskExecuter.execute(SkipUpToDateTaskExecuter.java:64)
	at org.gradle.api.internal.tasks.execution.ValidatingTaskExecuter.execute(ValidatingTaskExecuter.java:58)
	at org.gradle.api.internal.tasks.execution.SkipEmptySourceFilesTaskExecuter.execute(SkipEmptySourceFilesTaskExecuter.java:52)
	at org.gradle.api.internal.tasks.execution.SkipTaskWithNoActionsExecuter.execute(SkipTaskWithNoActionsExecuter.java:52)
	at org.gradle.api.internal.tasks.execution.SkipOnlyIfTaskExecuter.execute(SkipOnlyIfTaskExecuter.java:53)
	at org.gradle.api.internal.tasks.execution.ExecuteAtMostOnceTaskExecuter.execute(ExecuteAtMostOnceTaskExecuter.java:43)
	at org.gradle.execution.taskgraph.DefaultTaskGraphExecuter$EventFiringTaskWorker.execute(DefaultTaskGraphExecuter.java:203)
	at org.gradle.execution.taskgraph.DefaultTaskGraphExecuter$EventFiringTaskWorker.execute(DefaultTaskGraphExecuter.java:185)
	at org.gradle.execution.taskgraph.AbstractTaskPlanExecutor$TaskExecutorWorker.processTask(AbstractTaskPlanExecutor.java:66)
	at org.gradle.execution.taskgraph.AbstractTaskPlanExecutor$TaskExecutorWorker.run(AbstractTaskPlanExecutor.java:50)
	at org.gradle.execution.taskgraph.DefaultTaskPlanExecutor.process(DefaultTaskPlanExecutor.java:25)
	at org.gradle.execution.taskgraph.DefaultTaskGraphExecuter.execute(DefaultTaskGraphExecuter.java:110)
	at org.gradle.execution.SelectedTaskExecutionAction.execute(SelectedTaskExecutionAction.java:37)
	at org.gradle.execution.DefaultBuildExecuter.execute(DefaultBuildExecuter.java:37)
	at org.gradle.execution.DefaultBuildExecuter.access$000(DefaultBuildExecuter.java:23)
	at org.gradle.execution.DefaultBuildExecuter$1.proceed(DefaultBuildExecuter.java:43)
	at org.gradle.execution.DryRunBuildExecutionAction.execute(DryRunBuildExecutionAction.java:32)
	at org.gradle.execution.DefaultBuildExecuter.execute(DefaultBuildExecuter.java:37)
	at org.gradle.execution.DefaultBuildExecuter.execute(DefaultBuildExecuter.java:30)
	at org.gradle.initialization.DefaultGradleLauncher$4.run(DefaultGradleLauncher.java:154)
	at org.gradle.internal.Factories$1.create(Factories.java:22)
	at org.gradle.internal.progress.DefaultBuildOperationExecutor.run(DefaultBuildOperationExecutor.java:90)
	at org.gradle.internal.progress.DefaultBuildOperationExecutor.run(DefaultBuildOperationExecutor.java:52)
	at org.gradle.initialization.DefaultGradleLauncher.doBuildStages(DefaultGradleLauncher.java:151)
	at org.gradle.initialization.DefaultGradleLauncher.access$200(DefaultGradleLauncher.java:32)
	at org.gradle.initialization.DefaultGradleLauncher$1.create(DefaultGradleLauncher.java:99)
	at org.gradle.initialization.DefaultGradleLauncher$1.create(DefaultGradleLauncher.java:93)
	at org.gradle.internal.progress.DefaultBuildOperationExecutor.run(DefaultBuildOperationExecutor.java:90)
	at org.gradle.internal.progress.DefaultBuildOperationExecutor.run(DefaultBuildOperationExecutor.java:62)
	at org.gradle.initialization.DefaultGradleLauncher.doBuild(DefaultGradleLauncher.java:93)
	at org.gradle.initialization.DefaultGradleLauncher.run(DefaultGradleLauncher.java:82)
	at org.gradle.launcher.exec.InProcessBuildActionExecuter$DefaultBuildController.run(InProcessBuildActionExecuter.java:94)
	at org.gradle.tooling.internal.provider.ExecuteBuildActionRunner.run(ExecuteBuildActionRunner.java:28)
	at org.gradle.launcher.exec.ChainingBuildActionRunner.run(ChainingBuildActionRunner.java:35)
	at org.gradle.launcher.exec.InProcessBuildActionExecuter.execute(InProcessBuildActionExecuter.java:43)
	at org.gradle.launcher.exec.InProcessBuildActionExecuter.execute(InProcessBuildActionExecuter.java:28)
	at org.gradle.launcher.exec.ContinuousBuildActionExecuter.execute(ContinuousBuildActionExecuter.java:78)
	at org.gradle.launcher.exec.ContinuousBuildActionExecuter.execute(ContinuousBuildActionExecuter.java:48)
	at org.gradle.launcher.exec.DaemonUsageSuggestingBuildActionExecuter.execute(DaemonUsageSuggestingBuildActionExecuter.java:51)
	at org.gradle.launcher.exec.DaemonUsageSuggestingBuildActionExecuter.execute(DaemonUsageSuggestingBuildActionExecuter.java:28)
	at org.gradle.launcher.cli.RunBuildAction.run(RunBuildAction.java:43)
	at org.gradle.internal.Actions$RunnableActionAdapter.execute(Actions.java:170)
	at org.gradle.launcher.cli.CommandLineActionFactory$ParseAndBuildAction.execute(CommandLineActionFactory.java:237)
	at org.gradle.launcher.cli.CommandLineActionFactory$ParseAndBuildAction.execute(CommandLineActionFactory.java:210)
	at org.gradle.launcher.cli.JavaRuntimeValidationAction.execute(JavaRuntimeValidationAction.java:35)
	at org.gradle.launcher.cli.JavaRuntimeValidationAction.execute(JavaRuntimeValidationAction.java:24)
	at org.gradle.launcher.cli.CommandLineActionFactory$WithLogging.execute(CommandLineActionFactory.java:206)
	at org.gradle.launcher.cli.CommandLineActionFactory$WithLogging.execute(CommandLineActionFactory.java:169)
	at org.gradle.launcher.cli.ExceptionReportingAction.execute(ExceptionReportingAction.java:33)
	at org.gradle.launcher.cli.ExceptionReportingAction.execute(ExceptionReportingAction.java:22)
	at org.gradle.launcher.Main.doAction(Main.java:33)
	at org.gradle.launcher.bootstrap.EntryPoint.run(EntryPoint.java:45)
	at org.gradle.launcher.bootstrap.ProcessBootstrap.runNoExit(ProcessBootstrap.java:54)
	at org.gradle.launcher.bootstrap.ProcessBootstrap.run(ProcessBootstrap.java:35)
	at org.gradle.launcher.GradleMain.main(GradleMain.java:23)
	at org.gradle.wrapper.BootstrapMainStarter.start(BootstrapMainStarter.java:30)
	at org.gradle.wrapper.WrapperExecutor.execute(WrapperExecutor.java:129)
	at org.gradle.wrapper.GradleWrapperMain.main(GradleWrapperMain.java:61)
Caused by: java.lang.RuntimeException: No toolchains found in the NDK toolchains folder for ABI with prefix: mipsel-linux-android
	at com.android.build.gradle.internal.NdkHandler.getDefaultToolchainVersion(NdkHandler.java:375)
	at com.android.build.gradle.internal.NdkHandler.getToolchainPath(NdkHandler.java:273)
	at com.android.build.gradle.internal.NdkHandler.getCCompiler(NdkHandler.java:461)
	at com.android.build.gradle.internal.model.ModelBuilder.createNativeToolchainModelMap(ModelBuilder.java:227)
	at com.android.build.gradle.internal.model.ModelBuilder.buildAll(ModelBuilder.java:166)
	at org.gradle.tooling.provider.model.ToolingModelBuilder$buildAll.call(Unknown Source)
	at com.android.build.gradle.tasks.Lint.createAndroidProject(Lint.groovy:256)
	at com.android.build.gradle.tasks.Lint.lint(Lint.groovy:73)
	at org.gradle.internal.reflect.JavaMethod.invoke(JavaMethod.java:75)
	at org.gradle.api.internal.project.taskfactory.AnnotationProcessingTaskFactory$StandardTaskAction.doExecute(AnnotationProcessingTaskFactory.java:227)
	at org.gradle.api.internal.project.taskfactory.AnnotationProcessingTaskFactory$StandardTaskAction.execute(AnnotationProcessingTaskFactory.java:220)
	at org.gradle.api.internal.project.taskfactory.AnnotationProcessingTaskFactory$StandardTaskAction.execute(AnnotationProcessingTaskFactory.java:209)
	at org.gradle.api.internal.AbstractTask$TaskActionWrapper.execute(AbstractTask.java:585)
	at org.gradle.api.internal.AbstractTask$TaskActionWrapper.execute(AbstractTask.java:568)
	at org.gradle.api.internal.tasks.execution.ExecuteActionsTaskExecuter.executeAction(ExecuteActionsTaskExecuter.java:80)
	at org.gradle.api.internal.tasks.execution.ExecuteActionsTaskExecuter.executeActions(ExecuteActionsTaskExecuter.java:61)
	... 60 more


BUILD FAILED

Total time: 12.457 secs

2019-07-06 02:42:26,881 INFO  FullProcessService - Found APK file: /var/folders/bq/vtzpc5ns5sg2cthy61lqpg3dfzgbys/T/1562355597423-0/src/pop-from-item-example/build/outputs/apk/pop-from-item-example-debug-unaligned.apk
