2018-11-04 19:31:04,581 INFO  DownloadService - Downloading "https://github.com/miguelbcr/RxGpsService/archive/master.zip", attempt 3
2018-11-04 19:32:05,528 INFO  GithubDownloadService - Could not find ZIP archive for master branch
2018-11-04 19:32:06,481 INFO  GithubDownloadService - Default branch of this repository: master
2018-11-04 19:32:06,481 INFO  DownloadService - Downloading "https://github.com/miguelbcr/RxGpsService/archive/master.zip", attempt 3
2018-11-04 19:33:08,073 DEBUG FullProcessService - Repository https://github.com/miguelbcr/RxGpsService available: true
2018-11-04 19:33:08,074 INFO  FullProcessService - Could not download ZIP file from Github, lets clone it
2018-11-04 19:33:08,074 INFO  SysUtils - Execute command: [git, clone, -q, --single-branch, --depth, 1, https://github.com/miguelbcr/RxGpsService, /var/folders/bq/vtzpc5ns5sg2cthy61lqpg3dfzgbys/T/1541334664573-0/src]
2018-11-04 19:33:10,447 INFO  SysUtils - 
2018-11-04 19:33:10,460 INFO  GitService - Deleted "/var/folders/bq/vtzpc5ns5sg2cthy61lqpg3dfzgbys/T/1541334664573-0/src/.git": true
2018-11-04 19:33:10,467 INFO  FullProcessService - Size of directory with sources: 219 KB
2018-11-04 19:33:10,468 INFO  SysUtils - Execute command: [git, init, /var/folders/bq/vtzpc5ns5sg2cthy61lqpg3dfzgbys/T/1541334664573-0/src]
2018-11-04 19:33:10,508 INFO  SysUtils - Initialized empty Git repository in /private/var/folders/bq/vtzpc5ns5sg2cthy61lqpg3dfzgbys/T/1541334664573-0/src/.git/

2018-11-04 19:33:10,515 INFO  ProjectBuildService - Gradle wrapper(s): /var/folders/bq/vtzpc5ns5sg2cthy61lqpg3dfzgbys/T/1541334664573-0/src/gradlew
2018-11-04 19:33:10,520 INFO  ProjectBuildService - Build script(s): /var/folders/bq/vtzpc5ns5sg2cthy61lqpg3dfzgbys/T/1541334664573-0/src/app/build.gradle /var/folders/bq/vtzpc5ns5sg2cthy61lqpg3dfzgbys/T/1541334664573-0/src/lib/build.gradle /var/folders/bq/vtzpc5ns5sg2cthy61lqpg3dfzgbys/T/1541334664573-0/src/build.gradle
2018-11-04 19:33:10,525 INFO  ProjectBuildService - All script(s): /var/folders/bq/vtzpc5ns5sg2cthy61lqpg3dfzgbys/T/1541334664573-0/src/app/build.gradle /var/folders/bq/vtzpc5ns5sg2cthy61lqpg3dfzgbys/T/1541334664573-0/src/build.gradle /var/folders/bq/vtzpc5ns5sg2cthy61lqpg3dfzgbys/T/1541334664573-0/src/lib/build.gradle /var/folders/bq/vtzpc5ns5sg2cthy61lqpg3dfzgbys/T/1541334664573-0/src/settings.gradle
2018-11-04 19:33:10,525 INFO  ProjectBuildService - Remote scripts: none
2018-11-04 19:33:10,525 INFO  ProjectFixService - Fixing project...
2018-11-04 19:33:10,540 INFO  LocalPropertiesFixService - Created fake /var/folders/bq/vtzpc5ns5sg2cthy61lqpg3dfzgbys/T/1541334664573-0/src/app/local.properties
2018-11-04 19:33:10,541 INFO  ProjectFixService - Build info for "/var/folders/bq/vtzpc5ns5sg2cthy61lqpg3dfzgbys/T/1541334664573-0/src/app/build.gradle": [buildToolsVersion=24.0.1,compileSdkVersion=24,minSdkVersion=10,targetSdkVersion=24]
2018-11-04 19:33:10,542 INFO  LocalPropertiesFixService - Created fake /var/folders/bq/vtzpc5ns5sg2cthy61lqpg3dfzgbys/T/1541334664573-0/src/lib/local.properties
2018-11-04 19:33:10,542 INFO  ProjectFixService - Build info for "/var/folders/bq/vtzpc5ns5sg2cthy61lqpg3dfzgbys/T/1541334664573-0/src/lib/build.gradle": [buildToolsVersion=24.0.1,compileSdkVersion=24,minSdkVersion=10,targetSdkVersion=24]
2018-11-04 19:33:10,543 INFO  LocalPropertiesFixService - Created fake /var/folders/bq/vtzpc5ns5sg2cthy61lqpg3dfzgbys/T/1541334664573-0/src/local.properties
2018-11-04 19:33:10,544 INFO  WrapperPropertiesFixService - Gradle wrapper: https://services.gradle.org/distributions/gradle-2.14.1-all.zip
2018-11-04 19:33:10,544 INFO  WrapperPropertiesFixService - Gradle wrapper was changed from "-all.zip" to "-bin.zip" (https://services.gradle.org/distributions/gradle-2.14.1-bin.zip)
2018-11-04 19:33:10,546 INFO  ProjectFixService - Build info for "/var/folders/bq/vtzpc5ns5sg2cthy61lqpg3dfzgbys/T/1541334664573-0/src/build.gradle": [buildToolsVersion=24.0.1,compileSdkVersion=24,minSdkVersion=10,targetSdkVersion=24]
2018-11-04 19:33:10,546 INFO  ProjectFixService - Project was maybe fixed
2018-11-04 19:33:10,546 INFO  ProjectTaskService - Detecting possible tasks...
2018-11-04 19:33:10,546 INFO  SysUtils - Execute command: [/var/folders/bq/vtzpc5ns5sg2cthy61lqpg3dfzgbys/T/1541334664573-0/src/gradlew, -b, /var/folders/bq/vtzpc5ns5sg2cthy61lqpg3dfzgbys/T/1541334664573-0/src/app/build.gradle, -Dorg.gradle.daemon=false, -Dorg.gradle.daemon.performance.enable-monitoring=false, -Dorg.gradle.configureondemand=true, tasks]
2018-11-04 19:33:57,837 ERROR ProjectTaskService - Could not detect possible Gradle tasks: Process exited with an error: 1 (Exit value: 1)
2018-11-04 19:33:57,843 INFO  ProjectTaskService - Detected possible tasks: 0
2018-11-04 19:33:57,843 INFO  ProjectTaskService - Excluded tasks (0): none
2018-11-04 19:33:57,843 INFO  SysUtils - Execute command: [/var/folders/bq/vtzpc5ns5sg2cthy61lqpg3dfzgbys/T/1541334664573-0/src/gradlew, -b, /var/folders/bq/vtzpc5ns5sg2cthy61lqpg3dfzgbys/T/1541334664573-0/src/app/build.gradle, -Dorg.gradle.daemon=false, -Dorg.gradle.daemon.performance.enable-monitoring=false, -Dorg.gradle.configureondemand=true, --stacktrace, build]
2018-11-04 19:34:08,936 ERROR SysUtils - Could not process external command
org.apache.commons.exec.ExecuteException: Process exited with an error: 1 (Exit value: 1)
	at org.apache.commons.exec.DefaultExecutor.executeInternal(DefaultExecutor.java:404)
	at org.apache.commons.exec.DefaultExecutor.execute(DefaultExecutor.java:166)
	at com.github.vbauer.apkmaster.util.SysUtils.execute(SysUtils.java:67)
	at com.github.vbauer.apkmaster.util.SysUtils.executeSimple(SysUtils.java:43)
	at com.github.vbauer.apkmaster.service.assembly.ProjectBuildService.buildProject(ProjectBuildService.java:78)
	at com.github.vbauer.apkmaster.service.assembly.ProjectBuildService.buildProject(ProjectBuildService.java:64)
	at com.github.vbauer.apkmaster.service.assembly.ProjectBuildService.buildProject(ProjectBuildService.java:43)
	at com.github.vbauer.apkmaster.service.FullProcessService.build(FullProcessService.java:84)
	at com.github.vbauer.apkmaster.service.FullProcessService.process(FullProcessService.java:34)
	at com.github.vbauer.apkmaster.app.MainApplication.process(MainApplication.java:38)
	at com.github.vbauer.apkmaster.app.MainApplication.main(MainApplication.java:20)
	at sun.reflect.NativeMethodAccessorImpl.invoke0(Native Method)
	at sun.reflect.NativeMethodAccessorImpl.invoke(NativeMethodAccessorImpl.java:62)
	at sun.reflect.DelegatingMethodAccessorImpl.invoke(DelegatingMethodAccessorImpl.java:43)
	at java.lang.reflect.Method.invoke(Method.java:498)
	at com.android.arsenal.util.ReflectionUtils.invoke(ReflectionUtils.java:52)
	at com.android.arsenal.util.ApkMasterUtils.main(ApkMasterUtils.java:30)
	at com.android.arsenal.service.processor.impl.BuildProcessorServiceImpl.buildProject(BuildProcessorServiceImpl.java:196)
	at com.android.arsenal.service.processor.impl.BuildProcessorServiceImpl.build(BuildProcessorServiceImpl.java:130)
	at com.android.arsenal.service.processor.impl.BuildProcessorServiceImpl.lambda$null$1(BuildProcessorServiceImpl.java:113)
	at java.util.concurrent.FutureTask.run(FutureTask.java:266)
	at java.util.concurrent.Executors$RunnableAdapter.call(Executors.java:511)
	at java.util.concurrent.FutureTask.run(FutureTask.java:266)
	at java.util.concurrent.ThreadPoolExecutor.runWorker(ThreadPoolExecutor.java:1149)
	at java.util.concurrent.ThreadPoolExecutor$Worker.run(ThreadPoolExecutor.java:624)
	at java.lang.Thread.run(Thread.java:748)
2018-11-04 19:34:08,936 INFO  SysUtils - Configuration on demand is an incubating feature.

FAILURE: Build failed with an exception.

* What went wrong:
A problem occurred configuring project ':app'.
> No toolchains found in the NDK toolchains folder for ABI with prefix: mipsel-linux-android

* Try:
Run with --info or --debug option to get more log output.

* Exception is:
org.gradle.api.ProjectConfigurationException: A problem occurred configuring project ':app'.
	at org.gradle.configuration.project.LifecycleProjectEvaluator.addConfigurationFailure(LifecycleProjectEvaluator.java:79)
	at org.gradle.configuration.project.LifecycleProjectEvaluator.notifyAfterEvaluate(LifecycleProjectEvaluator.java:74)
	at org.gradle.configuration.project.LifecycleProjectEvaluator.evaluate(LifecycleProjectEvaluator.java:61)
	at org.gradle.api.internal.project.AbstractProject.evaluate(AbstractProject.java:540)
	at org.gradle.api.internal.project.AbstractProject.evaluate(AbstractProject.java:93)
	at org.gradle.execution.TaskPathProjectEvaluator.configureHierarchy(TaskPathProjectEvaluator.java:42)
	at org.gradle.execution.TaskSelector.getSelection(TaskSelector.java:84)
	at org.gradle.execution.TaskSelector.getSelection(TaskSelector.java:75)
	at org.gradle.execution.commandline.CommandLineTaskParser.parseTasks(CommandLineTaskParser.java:42)
	at org.gradle.execution.TaskNameResolvingBuildConfigurationAction.configure(TaskNameResolvingBuildConfigurationAction.java:44)
	at org.gradle.execution.DefaultBuildConfigurationActionExecuter.configure(DefaultBuildConfigurationActionExecuter.java:48)
	at org.gradle.execution.DefaultBuildConfigurationActionExecuter.access$000(DefaultBuildConfigurationActionExecuter.java:25)
	at org.gradle.execution.DefaultBuildConfigurationActionExecuter$1.proceed(DefaultBuildConfigurationActionExecuter.java:54)
	at org.gradle.execution.DefaultTasksBuildExecutionAction.configure(DefaultTasksBuildExecutionAction.java:44)
	at org.gradle.execution.DefaultBuildConfigurationActionExecuter.configure(DefaultBuildConfigurationActionExecuter.java:48)
	at org.gradle.execution.DefaultBuildConfigurationActionExecuter.access$000(DefaultBuildConfigurationActionExecuter.java:25)
	at org.gradle.execution.DefaultBuildConfigurationActionExecuter$1.proceed(DefaultBuildConfigurationActionExecuter.java:54)
	at org.gradle.execution.ExcludedTaskFilteringBuildConfigurationAction.configure(ExcludedTaskFilteringBuildConfigurationAction.java:47)
	at org.gradle.execution.DefaultBuildConfigurationActionExecuter.configure(DefaultBuildConfigurationActionExecuter.java:48)
	at org.gradle.execution.DefaultBuildConfigurationActionExecuter.select(DefaultBuildConfigurationActionExecuter.java:36)
	at org.gradle.initialization.DefaultGradleLauncher$3.run(DefaultGradleLauncher.java:142)
	at org.gradle.internal.Factories$1.create(Factories.java:22)
	at org.gradle.internal.progress.DefaultBuildOperationExecutor.run(DefaultBuildOperationExecutor.java:91)
	at org.gradle.internal.progress.DefaultBuildOperationExecutor.run(DefaultBuildOperationExecutor.java:53)
	at org.gradle.initialization.DefaultGradleLauncher.doBuildStages(DefaultGradleLauncher.java:139)
	at org.gradle.initialization.DefaultGradleLauncher.access$200(DefaultGradleLauncher.java:32)
	at org.gradle.initialization.DefaultGradleLauncher$1.create(DefaultGradleLauncher.java:98)
	at org.gradle.initialization.DefaultGradleLauncher$1.create(DefaultGradleLauncher.java:92)
	at org.gradle.internal.progress.DefaultBuildOperationExecutor.run(DefaultBuildOperationExecutor.java:91)
	at org.gradle.internal.progress.DefaultBuildOperationExecutor.run(DefaultBuildOperationExecutor.java:63)
	at org.gradle.initialization.DefaultGradleLauncher.doBuild(DefaultGradleLauncher.java:92)
	at org.gradle.initialization.DefaultGradleLauncher.run(DefaultGradleLauncher.java:83)
	at org.gradle.launcher.exec.InProcessBuildActionExecuter$DefaultBuildController.run(InProcessBuildActionExecuter.java:99)
	at org.gradle.tooling.internal.provider.ExecuteBuildActionRunner.run(ExecuteBuildActionRunner.java:28)
	at org.gradle.launcher.exec.ChainingBuildActionRunner.run(ChainingBuildActionRunner.java:35)
	at org.gradle.launcher.exec.InProcessBuildActionExecuter.execute(InProcessBuildActionExecuter.java:48)
	at org.gradle.launcher.exec.InProcessBuildActionExecuter.execute(InProcessBuildActionExecuter.java:30)
	at org.gradle.launcher.exec.ContinuousBuildActionExecuter.execute(ContinuousBuildActionExecuter.java:81)
	at org.gradle.launcher.exec.ContinuousBuildActionExecuter.execute(ContinuousBuildActionExecuter.java:46)
	at org.gradle.launcher.exec.DaemonUsageSuggestingBuildActionExecuter.execute(DaemonUsageSuggestingBuildActionExecuter.java:51)
	at org.gradle.launcher.exec.DaemonUsageSuggestingBuildActionExecuter.execute(DaemonUsageSuggestingBuildActionExecuter.java:28)
	at org.gradle.launcher.cli.RunBuildAction.run(RunBuildAction.java:43)
	at org.gradle.internal.Actions$RunnableActionAdapter.execute(Actions.java:173)
	at org.gradle.launcher.cli.CommandLineActionFactory$ParseAndBuildAction.execute(CommandLineActionFactory.java:239)
	at org.gradle.launcher.cli.CommandLineActionFactory$ParseAndBuildAction.execute(CommandLineActionFactory.java:212)
	at org.gradle.launcher.cli.JavaRuntimeValidationAction.execute(JavaRuntimeValidationAction.java:35)
	at org.gradle.launcher.cli.JavaRuntimeValidationAction.execute(JavaRuntimeValidationAction.java:24)
	at org.gradle.launcher.cli.ExceptionReportingAction.execute(ExceptionReportingAction.java:33)
	at org.gradle.launcher.cli.ExceptionReportingAction.execute(ExceptionReportingAction.java:22)
	at org.gradle.launcher.cli.CommandLineActionFactory$WithLogging.execute(CommandLineActionFactory.java:205)
	at org.gradle.launcher.cli.CommandLineActionFactory$WithLogging.execute(CommandLineActionFactory.java:169)
	at org.gradle.launcher.Main.doAction(Main.java:33)
	at org.gradle.launcher.bootstrap.EntryPoint.run(EntryPoint.java:45)
	at org.gradle.launcher.bootstrap.ProcessBootstrap.runNoExit(ProcessBootstrap.java:55)
	at org.gradle.launcher.bootstrap.ProcessBootstrap.run(ProcessBootstrap.java:36)
	at org.gradle.launcher.GradleMain.main(GradleMain.java:23)
	at org.gradle.wrapper.BootstrapMainStarter.start(BootstrapMainStarter.java:30)
	at org.gradle.wrapper.WrapperExecutor.execute(WrapperExecutor.java:129)
	at org.gradle.wrapper.GradleWrapperMain.main(GradleWrapperMain.java:61)
Caused by: java.lang.RuntimeException: No toolchains found in the NDK toolchains folder for ABI with prefix: mipsel-linux-android
	at com.android.build.gradle.internal.ndk.DefaultNdkInfo.getDefaultToolchainVersion(DefaultNdkInfo.java:330)
	at com.android.build.gradle.internal.ndk.DefaultNdkInfo.getToolchainPath(DefaultNdkInfo.java:207)
	at com.android.build.gradle.internal.ndk.DefaultNdkInfo.getStripExecutable(DefaultNdkInfo.java:300)
	at com.android.build.gradle.internal.ndk.NdkHandler.getStripExecutable(NdkHandler.java:333)
	at com.android.build.gradle.internal.transforms.StripDebugSymbolTransform.<init>(StripDebugSymbolTransform.java:87)
	at com.android.build.gradle.internal.TaskManager.createStripNativeLibraryTask(TaskManager.java:1342)
	at com.android.build.gradle.internal.ApplicationTaskManager.createTasksForVariantData(ApplicationTaskManager.java:289)
	at com.android.build.gradle.internal.VariantManager.createTasksForVariantData(VariantManager.java:485)
	at com.android.build.gradle.internal.VariantManager$3.call(VariantManager.java:293)
	at com.android.build.gradle.internal.VariantManager$3.call(VariantManager.java:290)
	at com.android.builder.profile.ThreadRecorder.record(ThreadRecorder.java:156)
	at com.android.builder.profile.ThreadRecorder.record(ThreadRecorder.java:120)
	at com.android.build.gradle.internal.profile.SpanRecorders.record(SpanRecorders.java:44)
	at com.android.build.gradle.internal.VariantManager.createAndroidTasks(VariantManager.java:286)
	at com.android.build.gradle.BasePlugin$11.call(BasePlugin.java:688)
	at com.android.build.gradle.BasePlugin$11.call(BasePlugin.java:685)
	at com.android.builder.profile.ThreadRecorder.record(ThreadRecorder.java:156)
	at com.android.builder.profile.ThreadRecorder.record(ThreadRecorder.java:120)
	at com.android.build.gradle.BasePlugin.createAndroidTasks(BasePlugin.java:683)
	at com.android.build.gradle.BasePlugin$10.call(BasePlugin.java:608)
	at com.android.build.gradle.BasePlugin$10.call(BasePlugin.java:605)
	at com.android.builder.profile.ThreadRecorder.record(ThreadRecorder.java:156)
	at com.android.builder.profile.ThreadRecorder.record(ThreadRecorder.java:120)
	at com.android.build.gradle.BasePlugin.lambda$createTasks$1(BasePlugin.java:603)
	at org.gradle.internal.event.BroadcastDispatch$ActionInvocationHandler.dispatch(BroadcastDispatch.java:93)
	at org.gradle.internal.event.BroadcastDispatch$ActionInvocationHandler.dispatch(BroadcastDispatch.java:82)
	at org.gradle.internal.event.AbstractBroadcastDispatch.dispatch(AbstractBroadcastDispatch.java:44)
	at org.gradle.internal.event.BroadcastDispatch.dispatch(BroadcastDispatch.java:79)
	at org.gradle.internal.event.BroadcastDispatch.dispatch(BroadcastDispatch.java:30)
	at org.gradle.internal.dispatch.ProxyDispatchAdapter$DispatchingInvocationHandler.invoke(ProxyDispatchAdapter.java:93)
	at com.sun.proxy.$Proxy11.afterEvaluate(Unknown Source)
	at org.gradle.configuration.project.LifecycleProjectEvaluator.notifyAfterEvaluate(LifecycleProjectEvaluator.java:67)
	... 57 more


BUILD FAILED

Total time: 10.461 secs

2018-11-04 19:34:08,942 INFO  ProjectTaskService - Detecting possible tasks...
2018-11-04 19:34:08,942 INFO  SysUtils - Execute command: [/var/folders/bq/vtzpc5ns5sg2cthy61lqpg3dfzgbys/T/1541334664573-0/src/gradlew, -b, /var/folders/bq/vtzpc5ns5sg2cthy61lqpg3dfzgbys/T/1541334664573-0/src/lib/build.gradle, -Dorg.gradle.daemon=false, -Dorg.gradle.daemon.performance.enable-monitoring=false, -Dorg.gradle.configureondemand=true, tasks]
2018-11-04 19:34:20,562 ERROR ProjectTaskService - Could not detect possible Gradle tasks: Process exited with an error: 1 (Exit value: 1)
2018-11-04 19:34:20,562 INFO  ProjectTaskService - Detected possible tasks: 0
2018-11-04 19:34:20,562 INFO  ProjectTaskService - Excluded tasks (0): none
2018-11-04 19:34:20,562 INFO  SysUtils - Execute command: [/var/folders/bq/vtzpc5ns5sg2cthy61lqpg3dfzgbys/T/1541334664573-0/src/gradlew, -b, /var/folders/bq/vtzpc5ns5sg2cthy61lqpg3dfzgbys/T/1541334664573-0/src/lib/build.gradle, -Dorg.gradle.daemon=false, -Dorg.gradle.daemon.performance.enable-monitoring=false, -Dorg.gradle.configureondemand=true, --stacktrace, build]
2018-11-04 19:34:43,322 ERROR SysUtils - Could not process external command
org.apache.commons.exec.ExecuteException: Process exited with an error: 1 (Exit value: 1)
	at org.apache.commons.exec.DefaultExecutor.executeInternal(DefaultExecutor.java:404)
	at org.apache.commons.exec.DefaultExecutor.execute(DefaultExecutor.java:166)
	at com.github.vbauer.apkmaster.util.SysUtils.execute(SysUtils.java:67)
	at com.github.vbauer.apkmaster.util.SysUtils.executeSimple(SysUtils.java:43)
	at com.github.vbauer.apkmaster.service.assembly.ProjectBuildService.buildProject(ProjectBuildService.java:78)
	at com.github.vbauer.apkmaster.service.assembly.ProjectBuildService.buildProject(ProjectBuildService.java:64)
	at com.github.vbauer.apkmaster.service.assembly.ProjectBuildService.buildProject(ProjectBuildService.java:43)
	at com.github.vbauer.apkmaster.service.FullProcessService.build(FullProcessService.java:84)
	at com.github.vbauer.apkmaster.service.FullProcessService.process(FullProcessService.java:34)
	at com.github.vbauer.apkmaster.app.MainApplication.process(MainApplication.java:38)
	at com.github.vbauer.apkmaster.app.MainApplication.main(MainApplication.java:20)
	at sun.reflect.NativeMethodAccessorImpl.invoke0(Native Method)
	at sun.reflect.NativeMethodAccessorImpl.invoke(NativeMethodAccessorImpl.java:62)
	at sun.reflect.DelegatingMethodAccessorImpl.invoke(DelegatingMethodAccessorImpl.java:43)
	at java.lang.reflect.Method.invoke(Method.java:498)
	at com.android.arsenal.util.ReflectionUtils.invoke(ReflectionUtils.java:52)
	at com.android.arsenal.util.ApkMasterUtils.main(ApkMasterUtils.java:30)
	at com.android.arsenal.service.processor.impl.BuildProcessorServiceImpl.buildProject(BuildProcessorServiceImpl.java:196)
	at com.android.arsenal.service.processor.impl.BuildProcessorServiceImpl.build(BuildProcessorServiceImpl.java:130)
	at com.android.arsenal.service.processor.impl.BuildProcessorServiceImpl.lambda$null$1(BuildProcessorServiceImpl.java:113)
	at java.util.concurrent.FutureTask.run(FutureTask.java:266)
	at java.util.concurrent.Executors$RunnableAdapter.call(Executors.java:511)
	at java.util.concurrent.FutureTask.run(FutureTask.java:266)
	at java.util.concurrent.ThreadPoolExecutor.runWorker(ThreadPoolExecutor.java:1149)
	at java.util.concurrent.ThreadPoolExecutor$Worker.run(ThreadPoolExecutor.java:624)
	at java.lang.Thread.run(Thread.java:748)
2018-11-04 19:34:43,322 INFO  SysUtils - Configuration on demand is an incubating feature.
:lib:preBuild UP-TO-DATE
:lib:preDebugBuild UP-TO-DATE
:lib:checkDebugManifest
:lib:preDebugAndroidTestBuild UP-TO-DATE
:lib:preDebugUnitTestBuild UP-TO-DATE
:lib:preReleaseBuild UP-TO-DATE
:lib:preReleaseUnitTestBuild UP-TO-DATE
:lib:prepareComAndroidSupportSupportV42400Library
:lib:prepareComGoogleAndroidGmsPlayServicesBase961Library
:lib:prepareComGoogleAndroidGmsPlayServicesBasement961Library
:lib:prepareComGoogleAndroidGmsPlayServicesLocation961Library
:lib:prepareComGoogleAndroidGmsPlayServicesMaps961Library
:lib:prepareComGoogleAndroidGmsPlayServicesPlaces961Library
:lib:prepareComGoogleAndroidGmsPlayServicesTasks961Library
:lib:prepareComTbruyelleRxpermissionsRxpermissions080Library
:lib:preparePlCharmasAndroidAndroidReactiveLocation010Library
:lib:prepareDebugDependencies
:lib:compileDebugAidl
:lib:compileDebugNdk UP-TO-DATE
:lib:compileLint
:lib:copyDebugLint UP-TO-DATE
:lib:compileDebugRenderscript
:lib:generateDebugBuildConfig
:lib:generateDebugResValues
:lib:generateDebugResources
:lib:mergeDebugResources
:lib:processDebugManifest
:lib:processDebugResources
:lib:generateDebugSources
:lib:incrementalDebugJavaCompilationSafeguard
:lib:compileDebugJavaWithJavacNote: /private/var/folders/bq/vtzpc5ns5sg2cthy61lqpg3dfzgbys/T/1541334664573-0/src/lib/src/main/java/com/miguelbcr/io/rx_gps_service/lib/RecordTime.java uses unchecked or unsafe operations.
Note: Recompile with -Xlint:unchecked for details.

:lib:extractDebugAnnotations
:lib:mergeDebugShaders
:lib:compileDebugShaders
:lib:generateDebugAssets
:lib:mergeDebugAssets
:lib:mergeDebugProguardFiles
:lib:packageDebugRenderscript UP-TO-DATE
:lib:packageDebugResources
:lib:processDebugJavaRes UP-TO-DATE
:lib:transformResourcesWithMergeJavaResForDebug
:lib:transformClassesAndResourcesWithSyncLibJarsForDebug
:lib:mergeDebugJniLibFolders
:lib:transformNative_libsWithMergeJniLibsForDebug
:lib:transformNative_libsWithSyncJniLibsForDebug
:lib:bundleDebug
:lib:compileDebugSources
:lib:assembleDebug
:lib:checkReleaseManifest
:lib:prepareReleaseDependencies
:lib:compileReleaseAidl
:lib:compileReleaseNdk UP-TO-DATE
:lib:copyReleaseLint UP-TO-DATE
:lib:compileReleaseRenderscript
:lib:generateReleaseBuildConfig
:lib:generateReleaseResValues
:lib:generateReleaseResources
:lib:mergeReleaseResources
:lib:processReleaseManifest
:lib:processReleaseResources
:lib:generateReleaseSources
:lib:incrementalReleaseJavaCompilationSafeguard
:lib:compileReleaseJavaWithJavacNote: /private/var/folders/bq/vtzpc5ns5sg2cthy61lqpg3dfzgbys/T/1541334664573-0/src/lib/src/main/java/com/miguelbcr/io/rx_gps_service/lib/RecordTime.java uses unchecked or unsafe operations.
Note: Recompile with -Xlint:unchecked for details.

:lib:extractReleaseAnnotations
:lib:mergeReleaseShaders
:lib:compileReleaseShaders
:lib:generateReleaseAssets
:lib:mergeReleaseAssets
:lib:mergeReleaseProguardFiles
:lib:packageReleaseRenderscript UP-TO-DATE
:lib:packageReleaseResources
:lib:processReleaseJavaRes UP-TO-DATE
:lib:transformResourcesWithMergeJavaResForRelease
:lib:transformClassesAndResourcesWithSyncLibJarsForRelease
:lib:mergeReleaseJniLibFolders
:lib:transformNative_libsWithMergeJniLibsForRelease
:lib:transformNative_libsWithSyncJniLibsForRelease
:lib:bundleRelease
:lib:compileReleaseSources
:lib:assembleRelease
:lib:javadoc/private/var/folders/bq/vtzpc5ns5sg2cthy61lqpg3dfzgbys/T/1541334664573-0/src/lib/src/main/java/com/miguelbcr/io/rx_gps_service/lib/entities/LatLong.java:19: error: package com.google.auto.value does not exist
import com.google.auto.value.AutoValue;
                            ^
/private/var/folders/bq/vtzpc5ns5sg2cthy61lqpg3dfzgbys/T/1541334664573-0/src/lib/src/main/java/com/miguelbcr/io/rx_gps_service/lib/entities/LatLong.java:21: error: cannot find symbol
@AutoValue public abstract class LatLong {
 ^
  symbol: class AutoValue
/private/var/folders/bq/vtzpc5ns5sg2cthy61lqpg3dfzgbys/T/1541334664573-0/src/lib/src/main/java/com/miguelbcr/io/rx_gps_service/lib/GpsConfig.java:20: error: package com.google.android.gms.location does not exist
import com.google.android.gms.location.LocationRequest;
                                      ^
/private/var/folders/bq/vtzpc5ns5sg2cthy61lqpg3dfzgbys/T/1541334664573-0/src/lib/src/main/java/com/miguelbcr/io/rx_gps_service/lib/RxGpsService.java:25: error: package android.support.v4.app does not exist
import android.support.v4.app.NotificationCompat;
                             ^
/private/var/folders/bq/vtzpc5ns5sg2cthy61lqpg3dfzgbys/T/1541334664573-0/src/lib/src/main/java/com/miguelbcr/io/rx_gps_service/lib/NotificationFactory.java:22: error: package android.support.v4.app does not exist
import android.support.v4.app.NotificationCompat;
                             ^
/private/var/folders/bq/vtzpc5ns5sg2cthy61lqpg3dfzgbys/T/1541334664573-0/src/lib/src/main/java/com/miguelbcr/io/rx_gps_service/lib/NotificationFactory.java:23: error: package android.support.v4.app does not exist
import android.support.v4.app.NotificationManagerCompat;
                             ^
/private/var/folders/bq/vtzpc5ns5sg2cthy61lqpg3dfzgbys/T/1541334664573-0/src/lib/src/main/java/com/miguelbcr/io/rx_gps_service/lib/entities/RouteStats.java:20: error: package com.google.auto.value does not exist
import com.google.auto.value.AutoValue;
                            ^
/private/var/folders/bq/vtzpc5ns5sg2cthy61lqpg3dfzgbys/T/1541334664573-0/src/lib/src/main/java/com/miguelbcr/io/rx_gps_service/lib/entities/RouteStats.java:23: error: cannot find symbol
@AutoValue public abstract class RouteStats {
 ^
  symbol: class AutoValue
/private/var/folders/bq/vtzpc5ns5sg2cthy61lqpg3dfzgbys/T/1541334664573-0/src/lib/src/main/java/com/miguelbcr/io/rx_gps_service/lib/RxGpsService.java:47: error: package NotificationCompat does not exist
    NotificationCompat.Builder notificationServiceStarted(Context context);
                      ^
/private/var/folders/bq/vtzpc5ns5sg2cthy61lqpg3dfzgbys/T/1541334664573-0/src/lib/src/main/java/com/miguelbcr/io/rx_gps_service/lib/entities/RxGpsServiceExtras.java:21: error: package com.google.auto.value does not exist
import com.google.auto.value.AutoValue;
                            ^
/private/var/folders/bq/vtzpc5ns5sg2cthy61lqpg3dfzgbys/T/1541334664573-0/src/lib/src/main/java/com/miguelbcr/io/rx_gps_service/lib/entities/RxGpsServiceExtras.java:31: error: cannot find symbol
@AutoValue public abstract class RxGpsServiceExtras {
 ^
  symbol: class AutoValue
/private/var/folders/bq/vtzpc5ns5sg2cthy61lqpg3dfzgbys/T/1541334664573-0/src/lib/src/main/java/com/miguelbcr/io/rx_gps_service/lib/NotificationFactory.java:38: error: package NotificationCompat does not exist
  private NotificationCompat.Builder builderServiceStarted;
                            ^
/private/var/folders/bq/vtzpc5ns5sg2cthy61lqpg3dfzgbys/T/1541334664573-0/src/lib/src/main/java/com/miguelbcr/io/rx_gps_service/lib/NotificationFactory.java:39: error: cannot find symbol
  private NotificationManagerCompat notificationManager;
          ^
  symbol:   class NotificationManagerCompat
  location: class NotificationFactory
/private/var/folders/bq/vtzpc5ns5sg2cthy61lqpg3dfzgbys/T/1541334664573-0/src/lib/src/main/java/com/miguelbcr/io/rx_gps_service/lib/entities/LatLongDetailed.java:20: error: package com.google.auto.value does not exist
import com.google.auto.value.AutoValue;
                            ^
/private/var/folders/bq/vtzpc5ns5sg2cthy61lqpg3dfzgbys/T/1541334664573-0/src/lib/src/main/java/com/miguelbcr/io/rx_gps_service/lib/entities/LatLongDetailed.java:22: error: cannot find symbol
@AutoValue public abstract class LatLongDetailed {
 ^
  symbol: class AutoValue
/private/var/folders/bq/vtzpc5ns5sg2cthy61lqpg3dfzgbys/T/1541334664573-0/src/lib/src/main/java/com/miguelbcr/io/rx_gps_service/lib/GrantPermissions.java:21: error: package com.tbruyelle.rxpermissions does not exist
import com.tbruyelle.rxpermissions.RxPermissions;
                                  ^
/private/var/folders/bq/vtzpc5ns5sg2cthy61lqpg3dfzgbys/T/1541334664573-0/src/lib/src/main/java/com/miguelbcr/io/rx_gps_service/lib/RxLocation.java:23: error: package com.google.android.gms.common.api does not exist
import com.google.android.gms.common.api.Status;
                                        ^
/private/var/folders/bq/vtzpc5ns5sg2cthy61lqpg3dfzgbys/T/1541334664573-0/src/lib/src/main/java/com/miguelbcr/io/rx_gps_service/lib/RxLocation.java:24: error: package com.google.android.gms.location does not exist
import com.google.android.gms.location.LocationRequest;
                                      ^
/private/var/folders/bq/vtzpc5ns5sg2cthy61lqpg3dfzgbys/T/1541334664573-0/src/lib/src/main/java/com/miguelbcr/io/rx_gps_service/lib/RxLocation.java:25: error: package com.google.android.gms.location does not exist
import com.google.android.gms.location.LocationSettingsRequest;
                                      ^
/private/var/folders/bq/vtzpc5ns5sg2cthy61lqpg3dfzgbys/T/1541334664573-0/src/lib/src/main/java/com/miguelbcr/io/rx_gps_service/lib/RxLocation.java:26: error: package com.google.android.gms.location does not exist
import com.google.android.gms.location.LocationSettingsResult;
                                      ^
/private/var/folders/bq/vtzpc5ns5sg2cthy61lqpg3dfzgbys/T/1541334664573-0/src/lib/src/main/java/com/miguelbcr/io/rx_gps_service/lib/RxLocation.java:27: error: package com.google.android.gms.location does not exist
import com.google.android.gms.location.LocationSettingsStatusCodes;
                                      ^
/private/var/folders/bq/vtzpc5ns5sg2cthy61lqpg3dfzgbys/T/1541334664573-0/src/lib/src/main/java/com/miguelbcr/io/rx_gps_service/lib/RxLocation.java:28: error: package pl.charmas.android.reactivelocation does not exist
import pl.charmas.android.reactivelocation.ReactiveLocationProvider;
                                          ^
javadoc: warning - Class AutoValue not found.
javadoc: warning - Class AutoValue not found.
javadoc: warning - Class AutoValue not found.
javadoc: warning - Class AutoValue not found.
javadoc: warning - Class AutoValue not found.
javadoc: warning - Class AutoValue not found.
javadoc: warning - Class AutoValue not found.
javadoc: warning - Class AutoValue not found.
javadoc: warning - Class AutoValue not found.
javadoc: warning - Class AutoValue not found.
javadoc: warning - Class AutoValue not found.
javadoc: warning - Class AutoValue not found.
javadoc: warning - Class AutoValue not found.
javadoc: warning - Class AutoValue not found.
javadoc: warning - Class AutoValue not found.
javadoc: warning - Class AutoValue not found.
javadoc: warning - Class AutoValue not found.
javadoc: warning - Class AutoValue not found.
javadoc: warning - Class AutoValue not found.
javadoc: warning - Class AutoValue not found.
javadoc: warning - Class AutoValue not found.
javadoc: warning - Class AutoValue not found.
javadoc: warning - Class AutoValue not found.
javadoc: warning - Class AutoValue not found.
javadoc: warning - Class AutoValue not found.
javadoc: warning - Class AutoValue not found.
javadoc: warning - Class AutoValue not found.
javadoc: warning - Class AutoValue not found.
javadoc: warning - Class AutoValue not found.
javadoc: warning - Class AutoValue not found.
javadoc: warning - Class AutoValue not found.
javadoc: warning - Class AutoValue not found.
javadoc: warning - Class AutoValue not found.
javadoc: warning - Class AutoValue not found.
javadoc: warning - Class AutoValue not found.
javadoc: warning - Class AutoValue not found.
javadoc: warning - Class AutoValue not found.
javadoc: warning - Class AutoValue not found.
javadoc: warning - Class AutoValue not found.
javadoc: warning - Class AutoValue not found.
javadoc: warning - Class AutoValue not found.
javadoc: warning - Class AutoValue not found.
javadoc: warning - Class AutoValue not found.
javadoc: warning - Class AutoValue not found.
javadoc: warning - Class AutoValue not found.
javadoc: warning - Class AutoValue not found.
javadoc: warning - Class AutoValue not found.
javadoc: warning - Class AutoValue not found.
javadoc: warning - Class AutoValue not found.
javadoc: warning - Class AutoValue not found.
javadoc: warning - Class AutoValue not found.
javadoc: warning - Class AutoValue not found.
javadoc: warning - Class AutoValue not found.
javadoc: warning - Class AutoValue not found.
javadoc: warning - Class AutoValue not found.
javadoc: warning - Class AutoValue not found.
javadoc: warning - Class AutoValue not found.
javadoc: warning - Class AutoValue not found.
javadoc: warning - Class AutoValue not found.
javadoc: warning - Class AutoValue not found.
javadoc: warning - Class AutoValue not found.
javadoc: warning - Class AutoValue not found.
javadoc: warning - Class AutoValue not found.
javadoc: warning - Class AutoValue not found.
javadoc: warning - Class AutoValue not found.
javadoc: warning - Class AutoValue not found.
javadoc: warning - Class AutoValue not found.
javadoc: warning - Class AutoValue not found.
javadoc: warning - Class AutoValue not found.
javadoc: warning - Class AutoValue not found.
javadoc: warning - Class AutoValue not found.
javadoc: warning - Class AutoValue not found.
javadoc: warning - Class AutoValue not found.
javadoc: warning - Class AutoValue not found.
javadoc: warning - Class AutoValue not found.
javadoc: warning - Class AutoValue not found.
javadoc: warning - Class AutoValue not found.
javadoc: warning - Class AutoValue not found.
/private/var/folders/bq/vtzpc5ns5sg2cthy61lqpg3dfzgbys/T/1541334664573-0/src/lib/src/main/java/com/miguelbcr/io/rx_gps_service/lib/entities/RxGpsServiceExtras.java:24: error: reference not found
 * Extras to use on {@link android.support.v4.app.NotificationCompat.Builder#setExtras(Bundle)}.
                           ^
/private/var/folders/bq/vtzpc5ns5sg2cthy61lqpg3dfzgbys/T/1541334664573-0/src/lib/src/main/java/com/miguelbcr/io/rx_gps_service/lib/entities/RxGpsServiceExtras.java:25: error: self-closing element not allowed
 * <br/><br/>
   ^
/private/var/folders/bq/vtzpc5ns5sg2cthy61lqpg3dfzgbys/T/1541334664573-0/src/lib/src/main/java/com/miguelbcr/io/rx_gps_service/lib/entities/RxGpsServiceExtras.java:25: error: self-closing element not allowed
 * <br/><br/>
        ^
/private/var/folders/bq/vtzpc5ns5sg2cthy61lqpg3dfzgbys/T/1541334664573-0/src/lib/src/main/java/com/miguelbcr/io/rx_gps_service/lib/entities/RxGpsServiceExtras.java:56: error: self-closing element not allowed
   * Shows distance traveled in format m or km on a expanded view. Default false.<br/><br/>
                                                                                 ^
/private/var/folders/bq/vtzpc5ns5sg2cthy61lqpg3dfzgbys/T/1541334664573-0/src/lib/src/main/java/com/miguelbcr/io/rx_gps_service/lib/entities/RxGpsServiceExtras.java:56: error: self-closing element not allowed
   * Shows distance traveled in format m or km on a expanded view. Default false.<br/><br/>
                                                                                      ^
/private/var/folders/bq/vtzpc5ns5sg2cthy61lqpg3dfzgbys/T/1541334664573-0/src/lib/src/main/java/com/miguelbcr/io/rx_gps_service/lib/entities/RxGpsServiceExtras.java:45: error: self-closing element not allowed
   * Shows chrono time in format HH:mm:ss on a expanded layout. Default false.<br/><br/>
                                                                              ^
/private/var/folders/bq/vtzpc5ns5sg2cthy61lqpg3dfzgbys/T/1541334664573-0/src/lib/src/main/java/com/miguelbcr/io/rx_gps_service/lib/entities/RxGpsServiceExtras.java:45: error: self-closing element not allowed
   * Shows chrono time in format HH:mm:ss on a expanded layout. Default false.<br/><br/>
                                                                                   ^
/private/var/folders/bq/vtzpc5ns5sg2cthy61lqpg3dfzgbys/T/1541334664573-0/src/lib/src/main/java/com/miguelbcr/io/rx_gps_service/lib/entities/RxGpsServiceExtras.java:62: error: self-closing element not allowed
   * replacing %1$s by the distance traveled. Default empty.<br/><br/>
                                                            ^
/private/var/folders/bq/vtzpc5ns5sg2cthy61lqpg3dfzgbys/T/1541334664573-0/src/lib/src/main/java/com/miguelbcr/io/rx_gps_service/lib/entities/RxGpsServiceExtras.java:62: error: self-closing element not allowed
   * replacing %1$s by the distance traveled. Default empty.<br/><br/>
                                                                 ^
/private/var/folders/bq/vtzpc5ns5sg2cthy61lqpg3dfzgbys/T/1541334664573-0/src/lib/src/main/java/com/miguelbcr/io/rx_gps_service/lib/entities/RxGpsServiceExtras.java:51: error: self-closing element not allowed
   * replacing %1$s by the chrono time. Default empty.<br/><br/>
                                                      ^
/private/var/folders/bq/vtzpc5ns5sg2cthy61lqpg3dfzgbys/T/1541334664573-0/src/lib/src/main/java/com/miguelbcr/io/rx_gps_service/lib/entities/RxGpsServiceExtras.java:51: error: self-closing element not allowed
   * replacing %1$s by the chrono time. Default empty.<br/><br/>
                                                           ^
/private/var/folders/bq/vtzpc5ns5sg2cthy61lqpg3dfzgbys/T/1541334664573-0/src/lib/src/main/java/com/miguelbcr/io/rx_gps_service/lib/RxGpsService.java:157: error: self-closing element not allowed
     * Shows extra information on debug mode.<br/>
                                             ^
/private/var/folders/bq/vtzpc5ns5sg2cthy61lqpg3dfzgbys/T/1541334664573-0/src/lib/src/main/java/com/miguelbcr/io/rx_gps_service/lib/RxGpsService.java:166: error: self-closing element not allowed
     * Stage distance reached in meters to be notified.<br/>
                                                       ^
/private/var/folders/bq/vtzpc5ns5sg2cthy61lqpg3dfzgbys/T/1541334664573-0/src/lib/src/main/java/com/miguelbcr/io/rx_gps_service/lib/RxGpsService.java:175: error: self-closing element not allowed
     * Min distance traveled in meters to be considered meaningful.<br/>
                                                                   ^
/private/var/folders/bq/vtzpc5ns5sg2cthy61lqpg3dfzgbys/T/1541334664573-0/src/lib/src/main/java/com/miguelbcr/io/rx_gps_service/lib/RxGpsService.java:184: error: self-closing element not allowed
     * Speed treshold in meters per second to start or pause chrono in mode auto.<br/>
                                                                                 ^
/private/var/folders/bq/vtzpc5ns5sg2cthy61lqpg3dfzgbys/T/1541334664573-0/src/lib/src/main/java/com/miguelbcr/io/rx_gps_service/lib/RxGpsService.java:193: error: self-closing element not allowed
     * Discard higher speeds in meters per seconds<br/>
                                                  ^
/private/var/folders/bq/vtzpc5ns5sg2cthy61lqpg3dfzgbys/T/1541334664573-0/src/lib/src/main/java/com/miguelbcr/io/rx_gps_service/lib/RxGpsService.java:202: error: reference not found
     * Sets the {@link com.google.android.gms.location.LocationRequest} priority.<br/>
                       ^
/private/var/folders/bq/vtzpc5ns5sg2cthy61lqpg3dfzgbys/T/1541334664573-0/src/lib/src/main/java/com/miguelbcr/io/rx_gps_service/lib/RxGpsService.java:202: error: self-closing element not allowed
     * Sets the {@link com.google.android.gms.location.LocationRequest} priority.<br/>
                                                                                 ^
/private/var/folders/bq/vtzpc5ns5sg2cthy61lqpg3dfzgbys/T/1541334664573-0/src/lib/src/main/java/com/miguelbcr/io/rx_gps_service/lib/RxGpsService.java:203: error: reference not found
     * Default {@link com.google.android.gms.location.LocationRequest#PRIORITY_HIGH_ACCURACY}
                      ^
/private/var/folders/bq/vtzpc5ns5sg2cthy61lqpg3dfzgbys/T/1541334664573-0/src/lib/src/main/java/com/miguelbcr/io/rx_gps_service/lib/RxGpsService.java:205: error: reference not found
     * @param priority A {@link com.google.android.gms.location.LocationRequest} value
                                ^
/private/var/folders/bq/vtzpc5ns5sg2cthy61lqpg3dfzgbys/T/1541334664573-0/src/lib/src/main/java/com/miguelbcr/io/rx_gps_service/lib/RxGpsService.java:213: error: self-closing element not allowed
     * Location update interval in milliseconds.<br/>
                                                ^
/private/var/folders/bq/vtzpc5ns5sg2cthy61lqpg3dfzgbys/T/1541334664573-0/src/lib/src/main/java/com/miguelbcr/io/rx_gps_service/lib/RxGpsService.java:222: error: self-closing element not allowed
     * The fastest location update interval in milliseconds.<br/>
                                                            ^
/private/var/folders/bq/vtzpc5ns5sg2cthy61lqpg3dfzgbys/T/1541334664573-0/src/lib/src/main/java/com/miguelbcr/io/rx_gps_service/lib/RxGpsService.java:231: error: self-closing element not allowed
     * Uses simple or detailed waypoints for your route, but not both of them.<br/><br/>
                                                                              ^
/private/var/folders/bq/vtzpc5ns5sg2cthy61lqpg3dfzgbys/T/1541334664573-0/src/lib/src/main/java/com/miguelbcr/io/rx_gps_service/lib/RxGpsService.java:231: error: self-closing element not allowed
     * Uses simple or detailed waypoints for your route, but not both of them.<br/><br/>
                                                                                   ^
/private/var/folders/bq/vtzpc5ns5sg2cthy61lqpg3dfzgbys/T/1541334664573-0/src/lib/src/main/java/com/miguelbcr/io/rx_gps_service/lib/RxGpsService.java:232: error: self-closing element not allowed
     * See {@link RouteStats#latLongs()} and {@link RouteStats#latLongsDetailed()}.<br/>
                                                                                   ^
/private/var/folders/bq/vtzpc5ns5sg2cthy61lqpg3dfzgbys/T/1541334664573-0/src/lib/src/main/java/com/miguelbcr/io/rx_gps_service/lib/RxGpsService.java:242: error: self-closing element not allowed
     * method.<br/>
              ^
/private/var/folders/bq/vtzpc5ns5sg2cthy61lqpg3dfzgbys/T/1541334664573-0/src/lib/src/main/java/com/miguelbcr/io/rx_gps_service/lib/RxGpsService.java:40: error: reference not found
     * A {@link android.support.v4.app.NotificationCompat.Builder} is required in order to
                ^
/private/var/folders/bq/vtzpc5ns5sg2cthy61lqpg3dfzgbys/T/1541334664573-0/src/lib/src/main/java/com/miguelbcr/io/rx_gps_service/lib/RxGpsService.java:41: error: self-closing element not allowed
     * notify the service is running.<br/><br/>
                                     ^
/private/var/folders/bq/vtzpc5ns5sg2cthy61lqpg3dfzgbys/T/1541334664573-0/src/lib/src/main/java/com/miguelbcr/io/rx_gps_service/lib/RxGpsService.java:41: error: self-closing element not allowed
     * notify the service is running.<br/><br/>
                                          ^

29 errors
100 warnings
:lib:javadocJar
:lib:sourcesJar
:lib:assemble
:lib:lint FAILED

FAILURE: Build failed with an exception.

* What went wrong:
Execution failed for task ':lib:lint'.
> No toolchains found in the NDK toolchains folder for ABI with prefix: mipsel-linux-android

* Try:
Run with --info or --debug option to get more log output.

* Exception is:
org.gradle.api.tasks.TaskExecutionException: Execution failed for task ':lib:lint'.
	at org.gradle.api.internal.tasks.execution.ExecuteActionsTaskExecuter.executeActions(ExecuteActionsTaskExecuter.java:69)
	at org.gradle.api.internal.tasks.execution.ExecuteActionsTaskExecuter.execute(ExecuteActionsTaskExecuter.java:46)
	at org.gradle.api.internal.tasks.execution.PostExecutionAnalysisTaskExecuter.execute(PostExecutionAnalysisTaskExecuter.java:35)
	at org.gradle.api.internal.tasks.execution.SkipUpToDateTaskExecuter.execute(SkipUpToDateTaskExecuter.java:66)
	at org.gradle.api.internal.tasks.execution.ValidatingTaskExecuter.execute(ValidatingTaskExecuter.java:58)
	at org.gradle.api.internal.tasks.execution.SkipEmptySourceFilesTaskExecuter.execute(SkipEmptySourceFilesTaskExecuter.java:52)
	at org.gradle.api.internal.tasks.execution.SkipTaskWithNoActionsExecuter.execute(SkipTaskWithNoActionsExecuter.java:52)
	at org.gradle.api.internal.tasks.execution.SkipOnlyIfTaskExecuter.execute(SkipOnlyIfTaskExecuter.java:53)
	at org.gradle.api.internal.tasks.execution.ExecuteAtMostOnceTaskExecuter.execute(ExecuteAtMostOnceTaskExecuter.java:43)
	at org.gradle.execution.taskgraph.DefaultTaskGraphExecuter$EventFiringTaskWorker.execute(DefaultTaskGraphExecuter.java:203)
	at org.gradle.execution.taskgraph.DefaultTaskGraphExecuter$EventFiringTaskWorker.execute(DefaultTaskGraphExecuter.java:185)
	at org.gradle.execution.taskgraph.AbstractTaskPlanExecutor$TaskExecutorWorker.processTask(AbstractTaskPlanExecutor.java:66)
	at org.gradle.execution.taskgraph.AbstractTaskPlanExecutor$TaskExecutorWorker.run(AbstractTaskPlanExecutor.java:50)
	at org.gradle.execution.taskgraph.DefaultTaskPlanExecutor.process(DefaultTaskPlanExecutor.java:25)
	at org.gradle.execution.taskgraph.DefaultTaskGraphExecuter.execute(DefaultTaskGraphExecuter.java:110)
	at org.gradle.execution.SelectedTaskExecutionAction.execute(SelectedTaskExecutionAction.java:37)
	at org.gradle.execution.DefaultBuildExecuter.execute(DefaultBuildExecuter.java:37)
	at org.gradle.execution.DefaultBuildExecuter.access$000(DefaultBuildExecuter.java:23)
	at org.gradle.execution.DefaultBuildExecuter$1.proceed(DefaultBuildExecuter.java:43)
	at org.gradle.execution.DryRunBuildExecutionAction.execute(DryRunBuildExecutionAction.java:32)
	at org.gradle.execution.DefaultBuildExecuter.execute(DefaultBuildExecuter.java:37)
	at org.gradle.execution.DefaultBuildExecuter.execute(DefaultBuildExecuter.java:30)
	at org.gradle.initialization.DefaultGradleLauncher$4.run(DefaultGradleLauncher.java:153)
	at org.gradle.internal.Factories$1.create(Factories.java:22)
	at org.gradle.internal.progress.DefaultBuildOperationExecutor.run(DefaultBuildOperationExecutor.java:91)
	at org.gradle.internal.progress.DefaultBuildOperationExecutor.run(DefaultBuildOperationExecutor.java:53)
	at org.gradle.initialization.DefaultGradleLauncher.doBuildStages(DefaultGradleLauncher.java:150)
	at org.gradle.initialization.DefaultGradleLauncher.access$200(DefaultGradleLauncher.java:32)
	at org.gradle.initialization.DefaultGradleLauncher$1.create(DefaultGradleLauncher.java:98)
	at org.gradle.initialization.DefaultGradleLauncher$1.create(DefaultGradleLauncher.java:92)
	at org.gradle.internal.progress.DefaultBuildOperationExecutor.run(DefaultBuildOperationExecutor.java:91)
	at org.gradle.internal.progress.DefaultBuildOperationExecutor.run(DefaultBuildOperationExecutor.java:63)
	at org.gradle.initialization.DefaultGradleLauncher.doBuild(DefaultGradleLauncher.java:92)
	at org.gradle.initialization.DefaultGradleLauncher.run(DefaultGradleLauncher.java:83)
	at org.gradle.launcher.exec.InProcessBuildActionExecuter$DefaultBuildController.run(InProcessBuildActionExecuter.java:99)
	at org.gradle.tooling.internal.provider.ExecuteBuildActionRunner.run(ExecuteBuildActionRunner.java:28)
	at org.gradle.launcher.exec.ChainingBuildActionRunner.run(ChainingBuildActionRunner.java:35)
	at org.gradle.launcher.exec.InProcessBuildActionExecuter.execute(InProcessBuildActionExecuter.java:48)
	at org.gradle.launcher.exec.InProcessBuildActionExecuter.execute(InProcessBuildActionExecuter.java:30)
	at org.gradle.launcher.exec.ContinuousBuildActionExecuter.execute(ContinuousBuildActionExecuter.java:81)
	at org.gradle.launcher.exec.ContinuousBuildActionExecuter.execute(ContinuousBuildActionExecuter.java:46)
	at org.gradle.launcher.exec.DaemonUsageSuggestingBuildActionExecuter.execute(DaemonUsageSuggestingBuildActionExecuter.java:51)
	at org.gradle.launcher.exec.DaemonUsageSuggestingBuildActionExecuter.execute(DaemonUsageSuggestingBuildActionExecuter.java:28)
	at org.gradle.launcher.cli.RunBuildAction.run(RunBuildAction.java:43)
	at org.gradle.internal.Actions$RunnableActionAdapter.execute(Actions.java:173)
	at org.gradle.launcher.cli.CommandLineActionFactory$ParseAndBuildAction.execute(CommandLineActionFactory.java:239)
	at org.gradle.launcher.cli.CommandLineActionFactory$ParseAndBuildAction.execute(CommandLineActionFactory.java:212)
	at org.gradle.launcher.cli.JavaRuntimeValidationAction.execute(JavaRuntimeValidationAction.java:35)
	at org.gradle.launcher.cli.JavaRuntimeValidationAction.execute(JavaRuntimeValidationAction.java:24)
	at org.gradle.launcher.cli.ExceptionReportingAction.execute(ExceptionReportingAction.java:33)
	at org.gradle.launcher.cli.ExceptionReportingAction.execute(ExceptionReportingAction.java:22)
	at org.gradle.launcher.cli.CommandLineActionFactory$WithLogging.execute(CommandLineActionFactory.java:205)
	at org.gradle.launcher.cli.CommandLineActionFactory$WithLogging.execute(CommandLineActionFactory.java:169)
	at org.gradle.launcher.Main.doAction(Main.java:33)
	at org.gradle.launcher.bootstrap.EntryPoint.run(EntryPoint.java:45)
	at org.gradle.launcher.bootstrap.ProcessBootstrap.runNoExit(ProcessBootstrap.java:55)
	at org.gradle.launcher.bootstrap.ProcessBootstrap.run(ProcessBootstrap.java:36)
	at org.gradle.launcher.GradleMain.main(GradleMain.java:23)
	at org.gradle.wrapper.BootstrapMainStarter.start(BootstrapMainStarter.java:30)
	at org.gradle.wrapper.WrapperExecutor.execute(WrapperExecutor.java:129)
	at org.gradle.wrapper.GradleWrapperMain.main(GradleWrapperMain.java:61)
Caused by: java.lang.RuntimeException: No toolchains found in the NDK toolchains folder for ABI with prefix: mipsel-linux-android
	at com.android.build.gradle.internal.ndk.DefaultNdkInfo.getDefaultToolchainVersion(DefaultNdkInfo.java:330)
	at com.android.build.gradle.internal.ndk.DefaultNdkInfo.getToolchainPath(DefaultNdkInfo.java:207)
	at com.android.build.gradle.internal.ndk.DefaultNdkInfo.getCCompiler(DefaultNdkInfo.java:263)
	at com.android.build.gradle.internal.ndk.NdkHandler.getCCompiler(NdkHandler.java:306)
	at com.android.build.gradle.internal.model.ModelBuilder.createNativeToolchainModelMap(ModelBuilder.java:240)
	at com.android.build.gradle.internal.model.ModelBuilder.buildAll(ModelBuilder.java:175)
	at com.android.build.gradle.tasks.Lint.createAndroidProject(Lint.java:288)
	at com.android.build.gradle.tasks.Lint.lint(Lint.java:105)
	at org.gradle.internal.reflect.JavaMethod.invoke(JavaMethod.java:75)
	at org.gradle.api.internal.project.taskfactory.AnnotationProcessingTaskFactory$StandardTaskAction.doExecute(AnnotationProcessingTaskFactory.java:228)
	at org.gradle.api.internal.project.taskfactory.AnnotationProcessingTaskFactory$StandardTaskAction.execute(AnnotationProcessingTaskFactory.java:221)
	at org.gradle.api.internal.project.taskfactory.AnnotationProcessingTaskFactory$StandardTaskAction.execute(AnnotationProcessingTaskFactory.java:210)
	at org.gradle.api.internal.AbstractTask$TaskActionWrapper.execute(AbstractTask.java:621)
	at org.gradle.api.internal.AbstractTask$TaskActionWrapper.execute(AbstractTask.java:604)
	at org.gradle.api.internal.tasks.execution.ExecuteActionsTaskExecuter.executeAction(ExecuteActionsTaskExecuter.java:80)
	at org.gradle.api.internal.tasks.execution.ExecuteActionsTaskExecuter.executeActions(ExecuteActionsTaskExecuter.java:61)
	... 60 more


BUILD FAILED

Total time: 21.991 secs

2018-11-04 19:34:43,415 INFO  ProjectTaskService - Detecting possible tasks...
2018-11-04 19:34:43,415 INFO  SysUtils - Execute command: [/var/folders/bq/vtzpc5ns5sg2cthy61lqpg3dfzgbys/T/1541334664573-0/src/gradlew, -b, /var/folders/bq/vtzpc5ns5sg2cthy61lqpg3dfzgbys/T/1541334664573-0/src/build.gradle, -Dorg.gradle.daemon=false, -Dorg.gradle.daemon.performance.enable-monitoring=false, -Dorg.gradle.configureondemand=true, tasks]
2018-11-04 19:34:53,664 ERROR ProjectTaskService - Could not detect possible Gradle tasks: Process exited with an error: 1 (Exit value: 1)
2018-11-04 19:34:53,664 INFO  ProjectTaskService - Detected possible tasks: 0
2018-11-04 19:34:53,664 INFO  ProjectTaskService - Excluded tasks (0): none
2018-11-04 19:34:53,665 INFO  SysUtils - Execute command: [/var/folders/bq/vtzpc5ns5sg2cthy61lqpg3dfzgbys/T/1541334664573-0/src/gradlew, -b, /var/folders/bq/vtzpc5ns5sg2cthy61lqpg3dfzgbys/T/1541334664573-0/src/build.gradle, -Dorg.gradle.daemon=false, -Dorg.gradle.daemon.performance.enable-monitoring=false, -Dorg.gradle.configureondemand=true, --stacktrace, build]
2018-11-04 19:35:06,137 ERROR SysUtils - Could not process external command
org.apache.commons.exec.ExecuteException: Process exited with an error: 1 (Exit value: 1)
	at org.apache.commons.exec.DefaultExecutor.executeInternal(DefaultExecutor.java:404)
	at org.apache.commons.exec.DefaultExecutor.execute(DefaultExecutor.java:166)
	at com.github.vbauer.apkmaster.util.SysUtils.execute(SysUtils.java:67)
	at com.github.vbauer.apkmaster.util.SysUtils.executeSimple(SysUtils.java:43)
	at com.github.vbauer.apkmaster.service.assembly.ProjectBuildService.buildProject(ProjectBuildService.java:78)
	at com.github.vbauer.apkmaster.service.assembly.ProjectBuildService.buildProject(ProjectBuildService.java:64)
	at com.github.vbauer.apkmaster.service.assembly.ProjectBuildService.buildProject(ProjectBuildService.java:43)
	at com.github.vbauer.apkmaster.service.FullProcessService.build(FullProcessService.java:84)
	at com.github.vbauer.apkmaster.service.FullProcessService.process(FullProcessService.java:34)
	at com.github.vbauer.apkmaster.app.MainApplication.process(MainApplication.java:38)
	at com.github.vbauer.apkmaster.app.MainApplication.main(MainApplication.java:20)
	at sun.reflect.NativeMethodAccessorImpl.invoke0(Native Method)
	at sun.reflect.NativeMethodAccessorImpl.invoke(NativeMethodAccessorImpl.java:62)
	at sun.reflect.DelegatingMethodAccessorImpl.invoke(DelegatingMethodAccessorImpl.java:43)
	at java.lang.reflect.Method.invoke(Method.java:498)
	at com.android.arsenal.util.ReflectionUtils.invoke(ReflectionUtils.java:52)
	at com.android.arsenal.util.ApkMasterUtils.main(ApkMasterUtils.java:30)
	at com.android.arsenal.service.processor.impl.BuildProcessorServiceImpl.buildProject(BuildProcessorServiceImpl.java:196)
	at com.android.arsenal.service.processor.impl.BuildProcessorServiceImpl.build(BuildProcessorServiceImpl.java:130)
	at com.android.arsenal.service.processor.impl.BuildProcessorServiceImpl.lambda$null$1(BuildProcessorServiceImpl.java:113)
	at java.util.concurrent.FutureTask.run(FutureTask.java:266)
	at java.util.concurrent.Executors$RunnableAdapter.call(Executors.java:511)
	at java.util.concurrent.FutureTask.run(FutureTask.java:266)
	at java.util.concurrent.ThreadPoolExecutor.runWorker(ThreadPoolExecutor.java:1149)
	at java.util.concurrent.ThreadPoolExecutor$Worker.run(ThreadPoolExecutor.java:624)
	at java.lang.Thread.run(Thread.java:748)
2018-11-04 19:35:06,137 INFO  SysUtils - Configuration on demand is an incubating feature.

FAILURE: Build failed with an exception.

* What went wrong:
A problem occurred configuring project ':app'.
> No toolchains found in the NDK toolchains folder for ABI with prefix: mipsel-linux-android

* Try:
Run with --info or --debug option to get more log output.

* Exception is:
org.gradle.api.ProjectConfigurationException: A problem occurred configuring project ':app'.
	at org.gradle.configuration.project.LifecycleProjectEvaluator.addConfigurationFailure(LifecycleProjectEvaluator.java:79)
	at org.gradle.configuration.project.LifecycleProjectEvaluator.notifyAfterEvaluate(LifecycleProjectEvaluator.java:74)
	at org.gradle.configuration.project.LifecycleProjectEvaluator.evaluate(LifecycleProjectEvaluator.java:61)
	at org.gradle.api.internal.project.AbstractProject.evaluate(AbstractProject.java:540)
	at org.gradle.api.internal.project.AbstractProject.evaluate(AbstractProject.java:93)
	at org.gradle.execution.TaskPathProjectEvaluator.configureHierarchy(TaskPathProjectEvaluator.java:47)
	at org.gradle.execution.TaskSelector.getSelection(TaskSelector.java:84)
	at org.gradle.execution.TaskSelector.getSelection(TaskSelector.java:75)
	at org.gradle.execution.commandline.CommandLineTaskParser.parseTasks(CommandLineTaskParser.java:42)
	at org.gradle.execution.TaskNameResolvingBuildConfigurationAction.configure(TaskNameResolvingBuildConfigurationAction.java:44)
	at org.gradle.execution.DefaultBuildConfigurationActionExecuter.configure(DefaultBuildConfigurationActionExecuter.java:48)
	at org.gradle.execution.DefaultBuildConfigurationActionExecuter.access$000(DefaultBuildConfigurationActionExecuter.java:25)
	at org.gradle.execution.DefaultBuildConfigurationActionExecuter$1.proceed(DefaultBuildConfigurationActionExecuter.java:54)
	at org.gradle.execution.DefaultTasksBuildExecutionAction.configure(DefaultTasksBuildExecutionAction.java:44)
	at org.gradle.execution.DefaultBuildConfigurationActionExecuter.configure(DefaultBuildConfigurationActionExecuter.java:48)
	at org.gradle.execution.DefaultBuildConfigurationActionExecuter.access$000(DefaultBuildConfigurationActionExecuter.java:25)
	at org.gradle.execution.DefaultBuildConfigurationActionExecuter$1.proceed(DefaultBuildConfigurationActionExecuter.java:54)
	at org.gradle.execution.ExcludedTaskFilteringBuildConfigurationAction.configure(ExcludedTaskFilteringBuildConfigurationAction.java:47)
	at org.gradle.execution.DefaultBuildConfigurationActionExecuter.configure(DefaultBuildConfigurationActionExecuter.java:48)
	at org.gradle.execution.DefaultBuildConfigurationActionExecuter.select(DefaultBuildConfigurationActionExecuter.java:36)
	at org.gradle.initialization.DefaultGradleLauncher$3.run(DefaultGradleLauncher.java:142)
	at org.gradle.internal.Factories$1.create(Factories.java:22)
	at org.gradle.internal.progress.DefaultBuildOperationExecutor.run(DefaultBuildOperationExecutor.java:91)
	at org.gradle.internal.progress.DefaultBuildOperationExecutor.run(DefaultBuildOperationExecutor.java:53)
	at org.gradle.initialization.DefaultGradleLauncher.doBuildStages(DefaultGradleLauncher.java:139)
	at org.gradle.initialization.DefaultGradleLauncher.access$200(DefaultGradleLauncher.java:32)
	at org.gradle.initialization.DefaultGradleLauncher$1.create(DefaultGradleLauncher.java:98)
	at org.gradle.initialization.DefaultGradleLauncher$1.create(DefaultGradleLauncher.java:92)
	at org.gradle.internal.progress.DefaultBuildOperationExecutor.run(DefaultBuildOperationExecutor.java:91)
	at org.gradle.internal.progress.DefaultBuildOperationExecutor.run(DefaultBuildOperationExecutor.java:63)
	at org.gradle.initialization.DefaultGradleLauncher.doBuild(DefaultGradleLauncher.java:92)
	at org.gradle.initialization.DefaultGradleLauncher.run(DefaultGradleLauncher.java:83)
	at org.gradle.launcher.exec.InProcessBuildActionExecuter$DefaultBuildController.run(InProcessBuildActionExecuter.java:99)
	at org.gradle.tooling.internal.provider.ExecuteBuildActionRunner.run(ExecuteBuildActionRunner.java:28)
	at org.gradle.launcher.exec.ChainingBuildActionRunner.run(ChainingBuildActionRunner.java:35)
	at org.gradle.launcher.exec.InProcessBuildActionExecuter.execute(InProcessBuildActionExecuter.java:48)
	at org.gradle.launcher.exec.InProcessBuildActionExecuter.execute(InProcessBuildActionExecuter.java:30)
	at org.gradle.launcher.exec.ContinuousBuildActionExecuter.execute(ContinuousBuildActionExecuter.java:81)
	at org.gradle.launcher.exec.ContinuousBuildActionExecuter.execute(ContinuousBuildActionExecuter.java:46)
	at org.gradle.launcher.exec.DaemonUsageSuggestingBuildActionExecuter.execute(DaemonUsageSuggestingBuildActionExecuter.java:51)
	at org.gradle.launcher.exec.DaemonUsageSuggestingBuildActionExecuter.execute(DaemonUsageSuggestingBuildActionExecuter.java:28)
	at org.gradle.launcher.cli.RunBuildAction.run(RunBuildAction.java:43)
	at org.gradle.internal.Actions$RunnableActionAdapter.execute(Actions.java:173)
	at org.gradle.launcher.cli.CommandLineActionFactory$ParseAndBuildAction.execute(CommandLineActionFactory.java:239)
	at org.gradle.launcher.cli.CommandLineActionFactory$ParseAndBuildAction.execute(CommandLineActionFactory.java:212)
	at org.gradle.launcher.cli.JavaRuntimeValidationAction.execute(JavaRuntimeValidationAction.java:35)
	at org.gradle.launcher.cli.JavaRuntimeValidationAction.execute(JavaRuntimeValidationAction.java:24)
	at org.gradle.launcher.cli.ExceptionReportingAction.execute(ExceptionReportingAction.java:33)
	at org.gradle.launcher.cli.ExceptionReportingAction.execute(ExceptionReportingAction.java:22)
	at org.gradle.launcher.cli.CommandLineActionFactory$WithLogging.execute(CommandLineActionFactory.java:205)
	at org.gradle.launcher.cli.CommandLineActionFactory$WithLogging.execute(CommandLineActionFactory.java:169)
	at org.gradle.launcher.Main.doAction(Main.java:33)
	at org.gradle.launcher.bootstrap.EntryPoint.run(EntryPoint.java:45)
	at org.gradle.launcher.bootstrap.ProcessBootstrap.runNoExit(ProcessBootstrap.java:55)
	at org.gradle.launcher.bootstrap.ProcessBootstrap.run(ProcessBootstrap.java:36)
	at org.gradle.launcher.GradleMain.main(GradleMain.java:23)
	at org.gradle.wrapper.BootstrapMainStarter.start(BootstrapMainStarter.java:30)
	at org.gradle.wrapper.WrapperExecutor.execute(WrapperExecutor.java:129)
	at org.gradle.wrapper.GradleWrapperMain.main(GradleWrapperMain.java:61)
Caused by: java.lang.RuntimeException: No toolchains found in the NDK toolchains folder for ABI with prefix: mipsel-linux-android
	at com.android.build.gradle.internal.ndk.DefaultNdkInfo.getDefaultToolchainVersion(DefaultNdkInfo.java:330)
	at com.android.build.gradle.internal.ndk.DefaultNdkInfo.getToolchainPath(DefaultNdkInfo.java:207)
	at com.android.build.gradle.internal.ndk.DefaultNdkInfo.getStripExecutable(DefaultNdkInfo.java:300)
	at com.android.build.gradle.internal.ndk.NdkHandler.getStripExecutable(NdkHandler.java:333)
	at com.android.build.gradle.internal.transforms.StripDebugSymbolTransform.<init>(StripDebugSymbolTransform.java:87)
	at com.android.build.gradle.internal.TaskManager.createStripNativeLibraryTask(TaskManager.java:1342)
	at com.android.build.gradle.internal.ApplicationTaskManager.createTasksForVariantData(ApplicationTaskManager.java:289)
	at com.android.build.gradle.internal.VariantManager.createTasksForVariantData(VariantManager.java:485)
	at com.android.build.gradle.internal.VariantManager$3.call(VariantManager.java:293)
	at com.android.build.gradle.internal.VariantManager$3.call(VariantManager.java:290)
	at com.android.builder.profile.ThreadRecorder.record(ThreadRecorder.java:156)
	at com.android.builder.profile.ThreadRecorder.record(ThreadRecorder.java:120)
	at com.android.build.gradle.internal.profile.SpanRecorders.record(SpanRecorders.java:44)
	at com.android.build.gradle.internal.VariantManager.createAndroidTasks(VariantManager.java:286)
	at com.android.build.gradle.BasePlugin$11.call(BasePlugin.java:688)
	at com.android.build.gradle.BasePlugin$11.call(BasePlugin.java:685)
	at com.android.builder.profile.ThreadRecorder.record(ThreadRecorder.java:156)
	at com.android.builder.profile.ThreadRecorder.record(ThreadRecorder.java:120)
	at com.android.build.gradle.BasePlugin.createAndroidTasks(BasePlugin.java:683)
	at com.android.build.gradle.BasePlugin$10.call(BasePlugin.java:608)
	at com.android.build.gradle.BasePlugin$10.call(BasePlugin.java:605)
	at com.android.builder.profile.ThreadRecorder.record(ThreadRecorder.java:156)
	at com.android.builder.profile.ThreadRecorder.record(ThreadRecorder.java:120)
	at com.android.build.gradle.BasePlugin.lambda$createTasks$1(BasePlugin.java:603)
	at org.gradle.internal.event.BroadcastDispatch$ActionInvocationHandler.dispatch(BroadcastDispatch.java:93)
	at org.gradle.internal.event.BroadcastDispatch$ActionInvocationHandler.dispatch(BroadcastDispatch.java:82)
	at org.gradle.internal.event.AbstractBroadcastDispatch.dispatch(AbstractBroadcastDispatch.java:44)
	at org.gradle.internal.event.BroadcastDispatch.dispatch(BroadcastDispatch.java:79)
	at org.gradle.internal.event.BroadcastDispatch.dispatch(BroadcastDispatch.java:30)
	at org.gradle.internal.dispatch.ProxyDispatchAdapter$DispatchingInvocationHandler.invoke(ProxyDispatchAdapter.java:93)
	at com.sun.proxy.$Proxy10.afterEvaluate(Unknown Source)
	at org.gradle.configuration.project.LifecycleProjectEvaluator.notifyAfterEvaluate(LifecycleProjectEvaluator.java:67)
	... 57 more


BUILD FAILED

Total time: 11.882 secs

2018-11-04 19:35:06,200 ERROR FullProcessService - Project build has not produced APK file
2018-11-04 19:35:06,257 ERROR FullProcessService - Could not find generated or existed APK file
