2017-08-09 07:55:32,382 INFO  DownloadService - Downloading "https://github.com/snipsnap/SlyceMessaging/archive/master.zip", attempt 3
2017-08-09 07:55:34,289 INFO  DownloadService - Downloaded https://github.com/snipsnap/SlyceMessaging/archive/master.zip, attempt 3
2017-08-09 07:55:34,289 INFO  DownloadService - Size of file "/tmp/1502265332380-0/master.zip": 356 KB
2017-08-09 07:55:34,289 INFO  ArchiveUtils - Checking entries [.gradle] in ZIP file...
2017-08-09 07:55:34,290 INFO  ArchiveUtils - Has entries [.gradle] in ZIP file /tmp/1502265332380-0/master.zip: true
2017-08-09 07:55:34,290 DEBUG ZipUtil - Extracting '/tmp/1502265332380-0/master.zip' into '/tmp/1502265332380-0/src'.
2017-08-09 07:55:34,314 INFO  FullProcessService - Size of directory with sources: 447 KB
2017-08-09 07:55:34,314 INFO  SysUtils - Execute command: [git, init, /tmp/1502265332380-0/src]
2017-08-09 07:55:34,353 INFO  SysUtils - Initialized empty Git repository in /tmp/1502265332380-0/src/.git/

2017-08-09 07:55:34,356 INFO  ProjectBuildService - Gradle wrapper(s): /tmp/1502265332380-0/src/SlyceMessaging-master/gradlew
2017-08-09 07:55:34,358 INFO  ProjectBuildService - Build script(s): /tmp/1502265332380-0/src/SlyceMessaging-master/example/build.gradle /tmp/1502265332380-0/src/SlyceMessaging-master/slyce-messaging/build.gradle /tmp/1502265332380-0/src/SlyceMessaging-master/build.gradle
2017-08-09 07:55:34,360 INFO  ProjectBuildService - All script(s): /tmp/1502265332380-0/src/SlyceMessaging-master/build.gradle /tmp/1502265332380-0/src/SlyceMessaging-master/slyce-messaging/build.gradle /tmp/1502265332380-0/src/SlyceMessaging-master/settings.gradle /tmp/1502265332380-0/src/SlyceMessaging-master/example/build.gradle
2017-08-09 07:55:34,360 INFO  DownloadService - Downloading "https://raw.githubusercontent.com/nuuneoi/JCenter/master/bintrayv1.gradle", attempt 3
2017-08-09 07:55:34,649 INFO  DownloadService - Downloaded https://raw.githubusercontent.com/nuuneoi/JCenter/master/bintrayv1.gradle, attempt 3
2017-08-09 07:55:34,649 INFO  DownloadService - Downloading "https://raw.githubusercontent.com/nuuneoi/JCenter/master/installv1.gradle", attempt 3
2017-08-09 07:55:34,869 INFO  DownloadService - Downloaded https://raw.githubusercontent.com/nuuneoi/JCenter/master/installv1.gradle, attempt 3
2017-08-09 07:55:34,870 INFO  ProjectBuildService - Remote scripts: https://raw.githubusercontent.com/nuuneoi/JCenter/master/bintrayv1.gradle https://raw.githubusercontent.com/nuuneoi/JCenter/master/installv1.gradle
2017-08-09 07:55:34,870 INFO  ProjectFixService - Fixing project...
2017-08-09 07:55:34,876 INFO  LocalPropertiesFixService - Created fake /tmp/1502265332380-0/src/SlyceMessaging-master/example/local.properties
2017-08-09 07:55:34,877 INFO  ProjectFixService - Build info for "/tmp/1502265332380-0/src/SlyceMessaging-master/example/build.gradle": [buildToolsVersion=24.0.1,compileSdkVersion=24,minSdkVersion=16,targetSdkVersion=24]
2017-08-09 07:55:34,877 INFO  LocalPropertiesFixService - Created fake /tmp/1502265332380-0/src/SlyceMessaging-master/slyce-messaging/local.properties
2017-08-09 07:55:34,878 INFO  ProjectFixService - Build info for "/tmp/1502265332380-0/src/SlyceMessaging-master/slyce-messaging/build.gradle": [buildToolsVersion=24.0.1,compileSdkVersion=24,minSdkVersion=16,targetSdkVersion=24]
2017-08-09 07:55:34,878 INFO  LocalPropertiesFixService - Updated fake /tmp/1502265332380-0/src/SlyceMessaging-master/local.properties
2017-08-09 07:55:34,879 INFO  WrapperPropertiesFixService - Gradle wrapper: https://services.gradle.org/distributions/gradle-2.13-all.zip
2017-08-09 07:55:34,879 INFO  WrapperPropertiesFixService - Gradle wrapper was changed from "-all.zip" to "-bin.zip" (https://services.gradle.org/distributions/gradle-2.13-bin.zip)
2017-08-09 07:55:34,880 INFO  ProjectFixService - Build info for "/tmp/1502265332380-0/src/SlyceMessaging-master/build.gradle": [buildToolsVersion=24.0.1,compileSdkVersion=24,minSdkVersion=16,targetSdkVersion=24]
2017-08-09 07:55:34,880 INFO  ProjectFixService - Project was maybe fixed
2017-08-09 07:55:34,880 INFO  ProjectTaskService - Detecting possible tasks...
2017-08-09 07:55:34,880 INFO  SysUtils - Execute command: [/tmp/1502265332380-0/src/SlyceMessaging-master/gradlew, -b, /tmp/1502265332380-0/src/SlyceMessaging-master/example/build.gradle, -Dorg.gradle.daemon=false, -Dorg.gradle.daemon.performance.enable-monitoring=false, -Dorg.gradle.configureondemand=true, tasks]
2017-08-09 07:55:46,057 INFO  ProjectTaskService - Detected possible tasks: 72
2017-08-09 07:55:46,057 INFO  ProjectTaskService - Excluded tasks (22): lintDebug mockableAndroidJar javadocJar deviceCheck lint testReleaseUnitTest javadoc uninstallRelease deviceAndroidTest uninstallDebugAndroidTest installDebugAndroidTest connectedCheck connectedDebugAndroidTest uninstallAll sourcesJar test check testDebugUnitTest connectedAndroidTest installDebug lintRelease uninstallDebug
2017-08-09 07:55:46,057 INFO  SysUtils - Execute command: [/tmp/1502265332380-0/src/SlyceMessaging-master/gradlew, -b, /tmp/1502265332380-0/src/SlyceMessaging-master/example/build.gradle, -Dorg.gradle.daemon=false, -Dorg.gradle.daemon.performance.enable-monitoring=false, -Dorg.gradle.configureondemand=true, --stacktrace, -x, lintDebug, -x, mockableAndroidJar, -x, javadocJar, -x, deviceCheck, -x, lint, -x, testReleaseUnitTest, -x, javadoc, -x, uninstallRelease, -x, deviceAndroidTest, -x, uninstallDebugAndroidTest, -x, installDebugAndroidTest, -x, connectedCheck, -x, connectedDebugAndroidTest, -x, uninstallAll, -x, sourcesJar, -x, test, -x, check, -x, testDebugUnitTest, -x, connectedAndroidTest, -x, installDebug, -x, lintRelease, -x, uninstallDebug, build]
2017-08-09 07:55:53,481 ERROR SysUtils - Could not process external command
org.apache.commons.exec.ExecuteException: Process exited with an error: 1 (Exit value: 1)
	at org.apache.commons.exec.DefaultExecutor.executeInternal(DefaultExecutor.java:404)
	at org.apache.commons.exec.DefaultExecutor.execute(DefaultExecutor.java:166)
	at com.github.vbauer.apkmaster.util.SysUtils.execute(SysUtils.java:72)
	at com.github.vbauer.apkmaster.util.SysUtils.executeSimple(SysUtils.java:46)
	at com.github.vbauer.apkmaster.service.assembly.ProjectBuildService.buildProject(ProjectBuildService.java:78)
	at com.github.vbauer.apkmaster.service.assembly.ProjectBuildService.buildProject(ProjectBuildService.java:64)
	at com.github.vbauer.apkmaster.service.assembly.ProjectBuildService.buildProject(ProjectBuildService.java:43)
	at com.github.vbauer.apkmaster.service.FullProcessService.build(FullProcessService.java:84)
	at com.github.vbauer.apkmaster.service.FullProcessService.process(FullProcessService.java:34)
	at com.github.vbauer.apkmaster.app.MainApplication.process(MainApplication.java:38)
	at com.github.vbauer.apkmaster.app.MainApplication.main(MainApplication.java:20)
	at sun.reflect.GeneratedMethodAccessor12.invoke(Unknown Source)
	at sun.reflect.DelegatingMethodAccessorImpl.invoke(DelegatingMethodAccessorImpl.java:43)
	at java.lang.reflect.Method.invoke(Method.java:498)
	at com.android.arsenal.util.ReflectionUtils.invoke(ReflectionUtils.java:42)
	at com.android.arsenal.util.ApkMasterUtils.main(ApkMasterUtils.java:30)
	at com.android.arsenal.service.processor.impl.BuildProcessorServiceImpl.buildProject(BuildProcessorServiceImpl.java:200)
	at com.android.arsenal.service.processor.impl.BuildProcessorServiceImpl.build(BuildProcessorServiceImpl.java:127)
	at com.android.arsenal.service.processor.impl.BuildProcessorServiceImpl.lambda$null$0(BuildProcessorServiceImpl.java:110)
	at java.util.concurrent.FutureTask.run(FutureTask.java:266)
	at java.util.concurrent.Executors$RunnableAdapter.call(Executors.java:511)
	at java.util.concurrent.FutureTask.run(FutureTask.java:266)
	at java.util.concurrent.ThreadPoolExecutor.runWorker(ThreadPoolExecutor.java:1149)
	at java.util.concurrent.ThreadPoolExecutor$Worker.run(ThreadPoolExecutor.java:624)
	at java.lang.Thread.run(Thread.java:748)
2017-08-09 07:55:53,481 INFO  SysUtils - Configuration on demand is an incubating feature.
Incremental java compilation is an incubating feature.

FAILURE: Build failed with an exception.

* What went wrong:
Task 'javadocJar' not found in project ':example'.

* Try:
Run gradlew tasks to get a list of available tasks. Run with --info or --debug option to get more log output.

* Exception is:
org.gradle.execution.TaskSelectionException: Task 'javadocJar' not found in project ':example'.
	at org.gradle.execution.TaskSelector.getSelection(TaskSelector.java:100)
	at org.gradle.execution.TaskSelector.getFilter(TaskSelector.java:63)
	at org.gradle.execution.ExcludedTaskFilteringBuildConfigurationAction.configure(ExcludedTaskFilteringBuildConfigurationAction.java:42)
	at org.gradle.execution.DefaultBuildConfigurationActionExecuter.configure(DefaultBuildConfigurationActionExecuter.java:48)
	at org.gradle.execution.DefaultBuildConfigurationActionExecuter.select(DefaultBuildConfigurationActionExecuter.java:36)
	at org.gradle.initialization.DefaultGradleLauncher$3.run(DefaultGradleLauncher.java:143)
	at org.gradle.internal.Factories$1.create(Factories.java:22)
	at org.gradle.internal.progress.DefaultBuildOperationExecutor.run(DefaultBuildOperationExecutor.java:90)
	at org.gradle.internal.progress.DefaultBuildOperationExecutor.run(DefaultBuildOperationExecutor.java:52)
	at org.gradle.initialization.DefaultGradleLauncher.doBuildStages(DefaultGradleLauncher.java:140)
	at org.gradle.initialization.DefaultGradleLauncher.access$200(DefaultGradleLauncher.java:32)
	at org.gradle.initialization.DefaultGradleLauncher$1.create(DefaultGradleLauncher.java:99)
	at org.gradle.initialization.DefaultGradleLauncher$1.create(DefaultGradleLauncher.java:93)
	at org.gradle.internal.progress.DefaultBuildOperationExecutor.run(DefaultBuildOperationExecutor.java:90)
	at org.gradle.internal.progress.DefaultBuildOperationExecutor.run(DefaultBuildOperationExecutor.java:62)
	at org.gradle.initialization.DefaultGradleLauncher.doBuild(DefaultGradleLauncher.java:93)
	at org.gradle.initialization.DefaultGradleLauncher.run(DefaultGradleLauncher.java:82)
	at org.gradle.launcher.exec.InProcessBuildActionExecuter$DefaultBuildController.run(InProcessBuildActionExecuter.java:94)
	at org.gradle.tooling.internal.provider.ExecuteBuildActionRunner.run(ExecuteBuildActionRunner.java:28)
	at org.gradle.launcher.exec.ChainingBuildActionRunner.run(ChainingBuildActionRunner.java:35)
	at org.gradle.launcher.exec.InProcessBuildActionExecuter.execute(InProcessBuildActionExecuter.java:43)
	at org.gradle.launcher.exec.InProcessBuildActionExecuter.execute(InProcessBuildActionExecuter.java:28)
	at org.gradle.launcher.exec.ContinuousBuildActionExecuter.execute(ContinuousBuildActionExecuter.java:81)
	at org.gradle.launcher.exec.ContinuousBuildActionExecuter.execute(ContinuousBuildActionExecuter.java:46)
	at org.gradle.launcher.exec.DaemonUsageSuggestingBuildActionExecuter.execute(DaemonUsageSuggestingBuildActionExecuter.java:51)
	at org.gradle.launcher.exec.DaemonUsageSuggestingBuildActionExecuter.execute(DaemonUsageSuggestingBuildActionExecuter.java:28)
	at org.gradle.launcher.cli.RunBuildAction.run(RunBuildAction.java:43)
	at org.gradle.internal.Actions$RunnableActionAdapter.execute(Actions.java:173)
	at org.gradle.launcher.cli.CommandLineActionFactory$ParseAndBuildAction.execute(CommandLineActionFactory.java:241)
	at org.gradle.launcher.cli.CommandLineActionFactory$ParseAndBuildAction.execute(CommandLineActionFactory.java:214)
	at org.gradle.launcher.cli.JavaRuntimeValidationAction.execute(JavaRuntimeValidationAction.java:35)
	at org.gradle.launcher.cli.JavaRuntimeValidationAction.execute(JavaRuntimeValidationAction.java:24)
	at org.gradle.launcher.cli.CommandLineActionFactory$WithLogging.execute(CommandLineActionFactory.java:207)
	at org.gradle.launcher.cli.CommandLineActionFactory$WithLogging.execute(CommandLineActionFactory.java:169)
	at org.gradle.launcher.cli.ExceptionReportingAction.execute(ExceptionReportingAction.java:33)
	at org.gradle.launcher.cli.ExceptionReportingAction.execute(ExceptionReportingAction.java:22)
	at org.gradle.launcher.Main.doAction(Main.java:33)
	at org.gradle.launcher.bootstrap.EntryPoint.run(EntryPoint.java:45)
	at org.gradle.launcher.bootstrap.ProcessBootstrap.runNoExit(ProcessBootstrap.java:55)
	at org.gradle.launcher.bootstrap.ProcessBootstrap.run(ProcessBootstrap.java:36)
	at org.gradle.launcher.GradleMain.main(GradleMain.java:23)
	at org.gradle.wrapper.BootstrapMainStarter.start(BootstrapMainStarter.java:33)
	at org.gradle.wrapper.WrapperExecutor.execute(WrapperExecutor.java:130)
	at org.gradle.wrapper.GradleWrapperMain.main(GradleWrapperMain.java:48)


BUILD FAILED

Total time: 6.98 secs

2017-08-09 07:55:53,481 ERROR ProjectBuildService - Excluded tasks were detected wrong
2017-08-09 07:55:53,481 INFO  SysUtils - Execute command: [/tmp/1502265332380-0/src/SlyceMessaging-master/gradlew, -b, /tmp/1502265332380-0/src/SlyceMessaging-master/example/build.gradle, -Dorg.gradle.daemon=false, -Dorg.gradle.daemon.performance.enable-monitoring=false, -Dorg.gradle.configureondemand=true, --stacktrace, build]
2017-08-09 07:56:32,358 ERROR SysUtils - Could not process external command
org.apache.commons.exec.ExecuteException: Process exited with an error: 1 (Exit value: 1)
	at org.apache.commons.exec.DefaultExecutor.executeInternal(DefaultExecutor.java:404)
	at org.apache.commons.exec.DefaultExecutor.execute(DefaultExecutor.java:166)
	at com.github.vbauer.apkmaster.util.SysUtils.execute(SysUtils.java:72)
	at com.github.vbauer.apkmaster.util.SysUtils.executeSimple(SysUtils.java:46)
	at com.github.vbauer.apkmaster.service.assembly.ProjectBuildService.buildProject(ProjectBuildService.java:78)
	at com.github.vbauer.apkmaster.service.assembly.ProjectBuildService.buildProject(ProjectBuildService.java:69)
	at com.github.vbauer.apkmaster.service.assembly.ProjectBuildService.buildProject(ProjectBuildService.java:43)
	at com.github.vbauer.apkmaster.service.FullProcessService.build(FullProcessService.java:84)
	at com.github.vbauer.apkmaster.service.FullProcessService.process(FullProcessService.java:34)
	at com.github.vbauer.apkmaster.app.MainApplication.process(MainApplication.java:38)
	at com.github.vbauer.apkmaster.app.MainApplication.main(MainApplication.java:20)
	at sun.reflect.GeneratedMethodAccessor12.invoke(Unknown Source)
	at sun.reflect.DelegatingMethodAccessorImpl.invoke(DelegatingMethodAccessorImpl.java:43)
	at java.lang.reflect.Method.invoke(Method.java:498)
	at com.android.arsenal.util.ReflectionUtils.invoke(ReflectionUtils.java:42)
	at com.android.arsenal.util.ApkMasterUtils.main(ApkMasterUtils.java:30)
	at com.android.arsenal.service.processor.impl.BuildProcessorServiceImpl.buildProject(BuildProcessorServiceImpl.java:200)
	at com.android.arsenal.service.processor.impl.BuildProcessorServiceImpl.build(BuildProcessorServiceImpl.java:127)
	at com.android.arsenal.service.processor.impl.BuildProcessorServiceImpl.lambda$null$0(BuildProcessorServiceImpl.java:110)
	at java.util.concurrent.FutureTask.run(FutureTask.java:266)
	at java.util.concurrent.Executors$RunnableAdapter.call(Executors.java:511)
	at java.util.concurrent.FutureTask.run(FutureTask.java:266)
	at java.util.concurrent.ThreadPoolExecutor.runWorker(ThreadPoolExecutor.java:1149)
	at java.util.concurrent.ThreadPoolExecutor$Worker.run(ThreadPoolExecutor.java:624)
	at java.lang.Thread.run(Thread.java:748)
2017-08-09 07:56:32,358 INFO  SysUtils - Configuration on demand is an incubating feature.
Incremental java compilation is an incubating feature.
:example:preBuild UP-TO-DATE
:example:preDebugBuild UP-TO-DATE
:example:checkDebugManifest
:example:preReleaseBuild UP-TO-DATE
:slyce-messaging:preBuild UP-TO-DATE
:slyce-messaging:preReleaseBuild UP-TO-DATE
:slyce-messaging:compileReleaseNdk UP-TO-DATE
:slyce-messaging:compileLint
:slyce-messaging:copyReleaseLint UP-TO-DATE
:slyce-messaging:checkReleaseManifest
:slyce-messaging:preDebugAndroidTestBuild UP-TO-DATE
:slyce-messaging:preDebugBuild UP-TO-DATE
:slyce-messaging:preDebugUnitTestBuild UP-TO-DATE
:slyce-messaging:preReleaseUnitTestBuild UP-TO-DATE
:slyce-messaging:prepareComAndroidSupportAnimatedVectorDrawable2411Library
:slyce-messaging:prepareComAndroidSupportAppcompatV72411Library
:slyce-messaging:prepareComAndroidSupportDesign2411Library
:slyce-messaging:prepareComAndroidSupportMultidex101Library
:slyce-messaging:prepareComAndroidSupportPercent2411Library
:slyce-messaging:prepareComAndroidSupportRecyclerviewV72411Library
:slyce-messaging:prepareComAndroidSupportSupportV132411Library
:slyce-messaging:prepareComAndroidSupportSupportV42411Library
:slyce-messaging:prepareComAndroidSupportSupportVectorDrawable2411Library
:slyce-messaging:prepareComCommonswareCwacCam2062Library
:slyce-messaging:prepareComGithubClansFab162Library
:slyce-messaging:prepareComMakeramenRoundedimageview221Library
:slyce-messaging:prepareDeHdodenhofCircleimageview210Library
:slyce-messaging:prepareReleaseDependencies
:slyce-messaging:compileReleaseAidl
:slyce-messaging:compileReleaseRenderscript
:slyce-messaging:generateReleaseBuildConfig
:slyce-messaging:mergeReleaseShaders
:slyce-messaging:compileReleaseShaders
:slyce-messaging:generateReleaseAssets
:slyce-messaging:mergeReleaseAssets
:slyce-messaging:generateReleaseResValues
:slyce-messaging:generateReleaseResources
:slyce-messaging:mergeReleaseResources
:slyce-messaging:processReleaseManifest
:slyce-messaging:processReleaseResources
:slyce-messaging:generateReleaseSources
:slyce-messaging:incrementalReleaseJavaCompilationSafeguard
:slyce-messaging:compileReleaseJavaWithJavac
:slyce-messaging:compileReleaseJavaWithJavac - is not incremental (e.g. outputs have changed, no previous execution, etc.).
Note: /tmp/1502265332380-0/src/SlyceMessaging-master/slyce-messaging/src/main/java/it/slyce/messaging/SlyceMessagingFragment.java uses or overrides a deprecated API.
Note: Recompile with -Xlint:deprecation for details.
Note: Some input files use unchecked or unsafe operations.
Note: Recompile with -Xlint:unchecked for details.
:slyce-messaging:extractReleaseAnnotations
:slyce-messaging:mergeReleaseProguardFiles
:slyce-messaging:packageReleaseRenderscript UP-TO-DATE
:slyce-messaging:packageReleaseResources
:slyce-messaging:processReleaseJavaRes UP-TO-DATE
:slyce-messaging:transformResourcesWithMergeJavaResForRelease
:slyce-messaging:transformClassesAndResourcesWithSyncLibJarsForRelease
:slyce-messaging:mergeReleaseJniLibFolders
:slyce-messaging:transformNative_libsWithMergeJniLibsForRelease
:slyce-messaging:transformNative_libsWithSyncJniLibsForRelease
:slyce-messaging:bundleRelease
:example:prepareComAndroidSupportAnimatedVectorDrawable2411Library
:example:prepareComAndroidSupportAppcompatV72411Library
:example:prepareComAndroidSupportDesign2411Library
:example:prepareComAndroidSupportMultidex101Library
:example:prepareComAndroidSupportPercent2411Library
:example:prepareComAndroidSupportRecyclerviewV72411Library
:example:prepareComAndroidSupportSupportV132411Library
:example:prepareComAndroidSupportSupportV42411Library
:example:prepareComAndroidSupportSupportVectorDrawable2411Library
:example:prepareComCommonswareCwacCam2062Library
:example:prepareComGithubClansFab162Library
:example:prepareComMakeramenRoundedimageview221Library
:example:prepareDeHdodenhofCircleimageview210Library
:example:prepareItSlyceSlycemessagingSlyceMessaging101Library
:example:prepareDebugDependencies
:example:compileDebugAidl
:example:compileDebugRenderscript
:example:generateDebugBuildConfig
:example:mergeDebugShaders
:example:compileDebugShaders
:example:generateDebugAssets
:example:mergeDebugAssets
:example:generateDebugResValues
:example:generateDebugResources
:example:mergeDebugResources
:example:processDebugManifest
:example:processDebugResources
:example:generateDebugSources
:example:incrementalDebugJavaCompilationSafeguard
:example:compileDebugJavaWithJavac
:example:compileDebugJavaWithJavac - is not incremental (e.g. outputs have changed, no previous execution, etc.).
:example:compileDebugNdk UP-TO-DATE
:example:compileDebugSources
:example:prePackageMarkerForDebug
:example:transformClassesWithDexForDebug
To run dex in process, the Gradle daemon needs a larger heap.
It currently has approximately 1623 MB.
For faster builds, increase the maximum heap size for the Gradle daemon to more than 2048 MB.
To do this set org.gradle.jvmargs=-Xmx2048M in the project gradle.properties.
For more information see https://docs.gradle.org/current/userguide/build_environment.html
:example:mergeDebugJniLibFolders
:example:transformNative_libsWithMergeJniLibsForDebug
:example:processDebugJavaRes UP-TO-DATE
:example:transformResourcesWithMergeJavaResForDebug
:example:validateDebugSigning
:example:packageDebug
:example:zipalignDebug
:example:assembleDebug
:example:checkReleaseManifest
:example:prepareReleaseDependencies
:example:compileReleaseAidl
:example:compileReleaseRenderscript
:example:generateReleaseBuildConfig
:example:mergeReleaseShaders
:example:compileReleaseShaders
:example:generateReleaseAssets
:example:mergeReleaseAssets
:example:generateReleaseResValues
:example:generateReleaseResources
:example:mergeReleaseResources
:example:processReleaseManifest
:example:processReleaseResources
:example:generateReleaseSources
:example:incrementalReleaseJavaCompilationSafeguard
:example:compileReleaseJavaWithJavac
:example:compileReleaseJavaWithJavac - is not incremental (e.g. outputs have changed, no previous execution, etc.).
:example:compileReleaseNdk UP-TO-DATE
:example:compileReleaseSources
:example:lintVitalRelease FAILED

FAILURE: Build failed with an exception.

* What went wrong:
Execution failed for task ':example:lintVitalRelease'.
> java.lang.NullPointerException (no error message)

* Try:
Run with --info or --debug option to get more log output.

* Exception is:
org.gradle.api.tasks.TaskExecutionException: Execution failed for task ':example:lintVitalRelease'.
	at org.gradle.api.internal.tasks.execution.ExecuteActionsTaskExecuter.executeActions(ExecuteActionsTaskExecuter.java:69)
	at org.gradle.api.internal.tasks.execution.ExecuteActionsTaskExecuter.execute(ExecuteActionsTaskExecuter.java:46)
	at org.gradle.api.internal.tasks.execution.PostExecutionAnalysisTaskExecuter.execute(PostExecutionAnalysisTaskExecuter.java:35)
	at org.gradle.api.internal.tasks.execution.SkipUpToDateTaskExecuter.execute(SkipUpToDateTaskExecuter.java:68)
	at org.gradle.api.internal.tasks.execution.ValidatingTaskExecuter.execute(ValidatingTaskExecuter.java:58)
	at org.gradle.api.internal.tasks.execution.SkipEmptySourceFilesTaskExecuter.execute(SkipEmptySourceFilesTaskExecuter.java:52)
	at org.gradle.api.internal.tasks.execution.SkipTaskWithNoActionsExecuter.execute(SkipTaskWithNoActionsExecuter.java:52)
	at org.gradle.api.internal.tasks.execution.SkipOnlyIfTaskExecuter.execute(SkipOnlyIfTaskExecuter.java:53)
	at org.gradle.api.internal.tasks.execution.ExecuteAtMostOnceTaskExecuter.execute(ExecuteAtMostOnceTaskExecuter.java:43)
	at org.gradle.execution.taskgraph.DefaultTaskGraphExecuter$EventFiringTaskWorker.execute(DefaultTaskGraphExecuter.java:203)
	at org.gradle.execution.taskgraph.DefaultTaskGraphExecuter$EventFiringTaskWorker.execute(DefaultTaskGraphExecuter.java:185)
	at org.gradle.execution.taskgraph.AbstractTaskPlanExecutor$TaskExecutorWorker.processTask(AbstractTaskPlanExecutor.java:66)
	at org.gradle.execution.taskgraph.AbstractTaskPlanExecutor$TaskExecutorWorker.run(AbstractTaskPlanExecutor.java:50)
	at org.gradle.execution.taskgraph.DefaultTaskPlanExecutor.process(DefaultTaskPlanExecutor.java:25)
	at org.gradle.execution.taskgraph.DefaultTaskGraphExecuter.execute(DefaultTaskGraphExecuter.java:110)
	at org.gradle.execution.SelectedTaskExecutionAction.execute(SelectedTaskExecutionAction.java:37)
	at org.gradle.execution.DefaultBuildExecuter.execute(DefaultBuildExecuter.java:37)
	at org.gradle.execution.DefaultBuildExecuter.access$000(DefaultBuildExecuter.java:23)
	at org.gradle.execution.DefaultBuildExecuter$1.proceed(DefaultBuildExecuter.java:43)
	at org.gradle.execution.DryRunBuildExecutionAction.execute(DryRunBuildExecutionAction.java:32)
	at org.gradle.execution.DefaultBuildExecuter.execute(DefaultBuildExecuter.java:37)
	at org.gradle.execution.DefaultBuildExecuter.execute(DefaultBuildExecuter.java:30)
	at org.gradle.initialization.DefaultGradleLauncher$4.run(DefaultGradleLauncher.java:154)
	at org.gradle.internal.Factories$1.create(Factories.java:22)
	at org.gradle.internal.progress.DefaultBuildOperationExecutor.run(DefaultBuildOperationExecutor.java:90)
	at org.gradle.internal.progress.DefaultBuildOperationExecutor.run(DefaultBuildOperationExecutor.java:52)
	at org.gradle.initialization.DefaultGradleLauncher.doBuildStages(DefaultGradleLauncher.java:151)
	at org.gradle.initialization.DefaultGradleLauncher.access$200(DefaultGradleLauncher.java:32)
	at org.gradle.initialization.DefaultGradleLauncher$1.create(DefaultGradleLauncher.java:99)
	at org.gradle.initialization.DefaultGradleLauncher$1.create(DefaultGradleLauncher.java:93)
	at org.gradle.internal.progress.DefaultBuildOperationExecutor.run(DefaultBuildOperationExecutor.java:90)
	at org.gradle.internal.progress.DefaultBuildOperationExecutor.run(DefaultBuildOperationExecutor.java:62)
	at org.gradle.initialization.DefaultGradleLauncher.doBuild(DefaultGradleLauncher.java:93)
	at org.gradle.initialization.DefaultGradleLauncher.run(DefaultGradleLauncher.java:82)
	at org.gradle.launcher.exec.InProcessBuildActionExecuter$DefaultBuildController.run(InProcessBuildActionExecuter.java:94)
	at org.gradle.tooling.internal.provider.ExecuteBuildActionRunner.run(ExecuteBuildActionRunner.java:28)
	at org.gradle.launcher.exec.ChainingBuildActionRunner.run(ChainingBuildActionRunner.java:35)
	at org.gradle.launcher.exec.InProcessBuildActionExecuter.execute(InProcessBuildActionExecuter.java:43)
	at org.gradle.launcher.exec.InProcessBuildActionExecuter.execute(InProcessBuildActionExecuter.java:28)
	at org.gradle.launcher.exec.ContinuousBuildActionExecuter.execute(ContinuousBuildActionExecuter.java:81)
	at org.gradle.launcher.exec.ContinuousBuildActionExecuter.execute(ContinuousBuildActionExecuter.java:46)
	at org.gradle.launcher.exec.DaemonUsageSuggestingBuildActionExecuter.execute(DaemonUsageSuggestingBuildActionExecuter.java:51)
	at org.gradle.launcher.exec.DaemonUsageSuggestingBuildActionExecuter.execute(DaemonUsageSuggestingBuildActionExecuter.java:28)
	at org.gradle.launcher.cli.RunBuildAction.run(RunBuildAction.java:43)
	at org.gradle.internal.Actions$RunnableActionAdapter.execute(Actions.java:173)
	at org.gradle.launcher.cli.CommandLineActionFactory$ParseAndBuildAction.execute(CommandLineActionFactory.java:241)
	at org.gradle.launcher.cli.CommandLineActionFactory$ParseAndBuildAction.execute(CommandLineActionFactory.java:214)
	at org.gradle.launcher.cli.JavaRuntimeValidationAction.execute(JavaRuntimeValidationAction.java:35)
	at org.gradle.launcher.cli.JavaRuntimeValidationAction.execute(JavaRuntimeValidationAction.java:24)
	at org.gradle.launcher.cli.CommandLineActionFactory$WithLogging.execute(CommandLineActionFactory.java:207)
	at org.gradle.launcher.cli.CommandLineActionFactory$WithLogging.execute(CommandLineActionFactory.java:169)
	at org.gradle.launcher.cli.ExceptionReportingAction.execute(ExceptionReportingAction.java:33)
	at org.gradle.launcher.cli.ExceptionReportingAction.execute(ExceptionReportingAction.java:22)
	at org.gradle.launcher.Main.doAction(Main.java:33)
	at org.gradle.launcher.bootstrap.EntryPoint.run(EntryPoint.java:45)
	at org.gradle.launcher.bootstrap.ProcessBootstrap.runNoExit(ProcessBootstrap.java:55)
	at org.gradle.launcher.bootstrap.ProcessBootstrap.run(ProcessBootstrap.java:36)
	at org.gradle.launcher.GradleMain.main(GradleMain.java:23)
	at org.gradle.wrapper.BootstrapMainStarter.start(BootstrapMainStarter.java:33)
	at org.gradle.wrapper.WrapperExecutor.execute(WrapperExecutor.java:130)
	at org.gradle.wrapper.GradleWrapperMain.main(GradleWrapperMain.java:48)
Caused by: java.lang.NullPointerException
	at com.android.build.gradle.internal.NdkHandler.resolveCompileSdkVersion(NdkHandler.java:157)
	at com.android.build.gradle.internal.NdkHandler.getPlatformVersion(NdkHandler.java:123)
	at com.android.build.gradle.internal.NdkHandler.supports64Bits(NdkHandler.java:342)
	at com.android.build.gradle.internal.NdkHandler.getSupportedAbis(NdkHandler.java:453)
	at com.android.build.gradle.internal.model.ModelBuilder.createNativeToolchainModelMap(ModelBuilder.java:226)
	at com.android.build.gradle.internal.model.ModelBuilder.buildAll(ModelBuilder.java:166)
	at org.gradle.tooling.provider.model.ToolingModelBuilder$buildAll.call(Unknown Source)
	at com.android.build.gradle.tasks.Lint.createAndroidProject(Lint.groovy:256)
	at com.android.build.gradle.tasks.Lint.lint(Lint.groovy:73)
	at org.gradle.internal.reflect.JavaMethod.invoke(JavaMethod.java:75)
	at org.gradle.api.internal.project.taskfactory.AnnotationProcessingTaskFactory$StandardTaskAction.doExecute(AnnotationProcessingTaskFactory.java:228)
	at org.gradle.api.internal.project.taskfactory.AnnotationProcessingTaskFactory$StandardTaskAction.execute(AnnotationProcessingTaskFactory.java:221)
	at org.gradle.api.internal.project.taskfactory.AnnotationProcessingTaskFactory$StandardTaskAction.execute(AnnotationProcessingTaskFactory.java:210)
	at org.gradle.api.internal.AbstractTask$TaskActionWrapper.execute(AbstractTask.java:585)
	at org.gradle.api.internal.AbstractTask$TaskActionWrapper.execute(AbstractTask.java:568)
	at org.gradle.api.internal.tasks.execution.ExecuteActionsTaskExecuter.executeAction(ExecuteActionsTaskExecuter.java:80)
	at org.gradle.api.internal.tasks.execution.ExecuteActionsTaskExecuter.executeActions(ExecuteActionsTaskExecuter.java:61)
	... 60 more


BUILD FAILED

Total time: 38.444 secs

2017-08-09 07:56:32,413 INFO  FullProcessService - Found APK file: /tmp/1502265332380-0/src/SlyceMessaging-master/example/build/outputs/apk/example-debug-unaligned.apk
