2016-08-20 04:23:07,970 INFO  c.g.v.a.s.n.DownloadService - Downloading "https://github.com/artem-zinnatullin/RxJavaV1V2Adapter/archive/master.zip", attempt 3
2016-08-20 04:23:11,246 INFO  c.g.v.a.s.n.DownloadService - Downloaded https://github.com/artem-zinnatullin/RxJavaV1V2Adapter/archive/master.zip, attempt 3
2016-08-20 04:23:11,630 DEBUG o.z.z.ZipUtil - Extracting '/tmp/rdisk/4164/master.zip' into '/tmp/rdisk/4164/src'.
2016-08-20 04:23:11,659 INFO  c.g.v.a.s.FullProcessService - Size of directory with sources: 81 KB
2016-08-20 04:23:11,664 INFO  c.g.v.a.u.SysUtils - Execute command: [git, init, /tmp/rdisk/4164/src]
2016-08-20 04:23:11,739 INFO  c.g.v.a.s.a.ProjectBuildService - Gradle wrapper(s): /tmp/rdisk/4164/src/RxJavaV1V2Adapter-master/gradlew
2016-08-20 04:23:11,746 INFO  c.g.v.a.s.a.ProjectBuildService - Build script(s): /tmp/rdisk/4164/src/RxJavaV1V2Adapter-master/build.gradle /tmp/rdisk/4164/src/RxJavaV1V2Adapter-master/adapter/build.gradle
2016-08-20 04:23:11,754 INFO  c.g.v.a.s.a.ProjectBuildService - All script(s): /tmp/rdisk/4164/src/RxJavaV1V2Adapter-master/adapter/build.gradle /tmp/rdisk/4164/src/RxJavaV1V2Adapter-master/build.gradle /tmp/rdisk/4164/src/RxJavaV1V2Adapter-master/gradle/publish-java-lib.gradle /tmp/rdisk/4164/src/RxJavaV1V2Adapter-master/settings.gradle
2016-08-20 04:23:11,767 INFO  c.g.v.a.s.a.ProjectBuildService - Remote scripts: none
2016-08-20 04:23:11,768 INFO  c.g.v.a.s.a.ProjectFixService - Fixing project...
2016-08-20 04:23:11,845 INFO  c.g.v.a.s.AndroidToolsService - ANDROID_HOME: /Users/vbauer/Library/Android/sdk
2016-08-20 04:23:11,846 INFO  c.g.v.a.s.AndroidToolsService - NDK_HOME: /Users/vbauer/Library/Android/ndk
2016-08-20 04:23:11,849 INFO  c.g.v.a.s.AndroidToolsService - Available build tools: 19.1.0 20.0.0 21.1.1 21.1.2 22.0.0 22.0.1 23.0.1 23.0.2 23.0.3 24.0.0 24.0.1
2016-08-20 04:23:11,851 INFO  c.g.v.a.s.AndroidToolsService - Available build tools after clean up: 19.1.0 20.0.0 21.1.1 21.1.2 22.0.0 22.0.1 23.0.1 23.0.2 23.0.3 24.0.0 24.0.1
2016-08-20 04:23:11,854 INFO  c.g.v.a.s.AndroidToolsService - Available platforms: 10 11 12 13 14 15 16 17 18 19 20 21 22 23 24 7 8 9 24
2016-08-20 04:23:11,857 INFO  c.g.v.a.s.AndroidToolsService - Available platforms after clean up: 7 8 9 10 11 12 13 14 15 16 17 18 19 20 21 22 23 24
2016-08-20 04:23:11,858 INFO  c.g.v.a.s.a.f.LocalPropertiesFixService - Created fake /tmp/rdisk/4164/src/RxJavaV1V2Adapter-master/local.properties
2016-08-20 04:23:11,860 INFO  c.g.v.a.s.a.f.WrapperPropertiesFixService - Project uses full gradle wrapper: false (https://services.gradle.org/distributions/gradle-2.13-bin.zip)
2016-08-20 04:23:11,884 INFO  c.g.v.a.s.a.ProjectFixService - Build info for "/tmp/rdisk/4164/src/RxJavaV1V2Adapter-master/build.gradle": [buildToolsVersion=<null>,compileSdkVersion=<null>,minSdkVersion=<null>,targetSdkVersion=<null>]
2016-08-20 04:23:11,900 INFO  c.g.v.a.s.a.ProjectFixService - Fixed build info for "/tmp/rdisk/4164/src/RxJavaV1V2Adapter-master/build.gradle": [buildToolsVersion=24.0.1,compileSdkVersion=24,minSdkVersion=24,targetSdkVersion=24]
2016-08-20 04:23:11,904 INFO  c.g.v.a.s.a.f.LocalPropertiesFixService - Created fake /tmp/rdisk/4164/src/RxJavaV1V2Adapter-master/adapter/local.properties
2016-08-20 04:23:11,912 INFO  c.g.v.a.s.a.ProjectFixService - Build info for "/tmp/rdisk/4164/src/RxJavaV1V2Adapter-master/adapter/build.gradle": [buildToolsVersion=<null>,compileSdkVersion=<null>,minSdkVersion=<null>,targetSdkVersion=<null>]
2016-08-20 04:23:11,913 INFO  c.g.v.a.s.a.ProjectFixService - Fixed build info for "/tmp/rdisk/4164/src/RxJavaV1V2Adapter-master/adapter/build.gradle": [buildToolsVersion=24.0.1,compileSdkVersion=24,minSdkVersion=24,targetSdkVersion=24]
2016-08-20 04:23:11,915 INFO  c.g.v.a.s.a.ProjectFixService - Project was maybe fixed
2016-08-20 04:23:11,920 INFO  c.g.v.a.s.a.ProjectTaskService - Detecting possible tasks...
2016-08-20 04:23:11,920 INFO  c.g.v.a.u.SysUtils - Execute command: [/tmp/rdisk/4164/src/RxJavaV1V2Adapter-master/gradlew, -b, /tmp/rdisk/4164/src/RxJavaV1V2Adapter-master/build.gradle, tasks]
2016-08-20 04:23:23,131 INFO  c.g.v.a.s.a.ProjectTaskService - Detected possible tasks: 43
2016-08-20 04:23:23,131 INFO  c.g.v.a.s.a.ProjectTaskService - Excluded tasks: test check javadoc
2016-08-20 04:23:23,132 INFO  c.g.v.a.u.SysUtils - Execute command: [/tmp/rdisk/4164/src/RxJavaV1V2Adapter-master/gradlew, -b, /tmp/rdisk/4164/src/RxJavaV1V2Adapter-master/build.gradle, --stacktrace, -x, test, -x, check, -x, javadoc, build]
2016-08-20 04:23:37,257 INFO  c.g.v.a.u.SysUtils - :adapter:compileJava
Download https://oss.jfrog.org/libs-snapshot/io/reactivex/rxjava2/rxjava/2.0.0-DP0-SNAPSHOT/rxjava-2.0.0-DP0-20160819.202143-126.pom
Download https://oss.jfrog.org/libs-snapshot/io/reactivex/rxjava2/rxjava/2.0.0-DP0-SNAPSHOT/rxjava-2.0.0-DP0-20160819.202143-126.jar
warning: [options] bootstrap class path not set in conjunction with -source 1.6
/private/tmp/rdisk/4164/src/RxJavaV1V2Adapter-master/adapter/src/main/java/com/artemzin/rxjavav1v2adapter/RxJavaV1V2Adapter.java:5: error: cannot find symbol
import io.reactivex.FlowableSource;
                   ^
  symbol:   class FlowableSource
  location: package io.reactivex
/private/tmp/rdisk/4164/src/RxJavaV1V2Adapter-master/adapter/src/main/java/com/artemzin/rxjavav1v2adapter/RxJavaV1V2Adapter.java:94: error: method create in class io.reactivex.Observable<T#3> cannot be applied to given types;
        return io.reactivex.Observable.create(new ObservableSource<T>() {
                                      ^
  required: ObservableOnSubscribe<T#1>
  found: <anonymous ObservableSource<T#2>>
  reason: cannot infer type-variable(s) T#1
    (argument mismatch; <anonymous ObservableSource<T#2>> cannot be converted to ObservableOnSubscribe<T#1>)
  where T#1,T#2,T#3 are type-variables:
    T#1 extends Object declared in method <T#1>create(ObservableOnSubscribe<T#1>)
    T#2 extends Object declared in method <T#2>o1ToO2(rx.Observable<T#2>)
    T#3 extends Object declared in class io.reactivex.Observable
/private/tmp/rdisk/4164/src/RxJavaV1V2Adapter-master/adapter/src/main/java/com/artemzin/rxjavav1v2adapter/RxJavaV1V2Adapter.java:143: error: cannot find symbol
        return Flowable.create(new FlowableSource<T>() {
                                   ^
  symbol:   class FlowableSource
  location: class RxJavaV1V2Adapter
3 errors
1 warning
:adapter:compileJava FAILED

FAILURE: Build failed with an exception.

* What went wrong:
Execution failed for task ':adapter:compileJava'.
> Compilation failed; see the compiler error output for details.

* Try:
Run with --info or --debug option to get more log output.

* Exception is:
org.gradle.api.tasks.TaskExecutionException: Execution failed for task ':adapter:compileJava'.
	at org.gradle.api.internal.tasks.execution.ExecuteActionsTaskExecuter.executeActions(ExecuteActionsTaskExecuter.java:69)
	at org.gradle.api.internal.tasks.execution.ExecuteActionsTaskExecuter.execute(ExecuteActionsTaskExecuter.java:46)
	at org.gradle.api.internal.tasks.execution.PostExecutionAnalysisTaskExecuter.execute(PostExecutionAnalysisTaskExecuter.java:35)
	at org.gradle.api.internal.tasks.execution.SkipUpToDateTaskExecuter.execute(SkipUpToDateTaskExecuter.java:68)
	at org.gradle.api.internal.tasks.execution.ValidatingTaskExecuter.execute(ValidatingTaskExecuter.java:58)
	at org.gradle.api.internal.tasks.execution.SkipEmptySourceFilesTaskExecuter.execute(SkipEmptySourceFilesTaskExecuter.java:52)
	at org.gradle.api.internal.tasks.execution.SkipTaskWithNoActionsExecuter.execute(SkipTaskWithNoActionsExecuter.java:52)
	at org.gradle.api.internal.tasks.execution.SkipOnlyIfTaskExecuter.execute(SkipOnlyIfTaskExecuter.java:53)
	at org.gradle.api.internal.tasks.execution.ExecuteAtMostOnceTaskExecuter.execute(ExecuteAtMostOnceTaskExecuter.java:43)
	at org.gradle.execution.taskgraph.DefaultTaskGraphExecuter$EventFiringTaskWorker.execute(DefaultTaskGraphExecuter.java:203)
	at org.gradle.execution.taskgraph.DefaultTaskGraphExecuter$EventFiringTaskWorker.execute(DefaultTaskGraphExecuter.java:185)
	at org.gradle.execution.taskgraph.AbstractTaskPlanExecutor$TaskExecutorWorker.processTask(AbstractTaskPlanExecutor.java:66)
	at org.gradle.execution.taskgraph.AbstractTaskPlanExecutor$TaskExecutorWorker.run(AbstractTaskPlanExecutor.java:50)
	at org.gradle.execution.taskgraph.DefaultTaskPlanExecutor.process(DefaultTaskPlanExecutor.java:25)
	at org.gradle.execution.taskgraph.DefaultTaskGraphExecuter.execute(DefaultTaskGraphExecuter.java:110)
	at org.gradle.execution.SelectedTaskExecutionAction.execute(SelectedTaskExecutionAction.java:37)
	at org.gradle.execution.DefaultBuildExecuter.execute(DefaultBuildExecuter.java:37)
	at org.gradle.execution.DefaultBuildExecuter.access$000(DefaultBuildExecuter.java:23)
	at org.gradle.execution.DefaultBuildExecuter$1.proceed(DefaultBuildExecuter.java:43)
	at org.gradle.execution.DryRunBuildExecutionAction.execute(DryRunBuildExecutionAction.java:32)
	at org.gradle.execution.DefaultBuildExecuter.execute(DefaultBuildExecuter.java:37)
	at org.gradle.execution.DefaultBuildExecuter.execute(DefaultBuildExecuter.java:30)
	at org.gradle.initialization.DefaultGradleLauncher$4.run(DefaultGradleLauncher.java:154)
	at org.gradle.internal.Factories$1.create(Factories.java:22)
	at org.gradle.internal.progress.DefaultBuildOperationExecutor.run(DefaultBuildOperationExecutor.java:90)
	at org.gradle.internal.progress.DefaultBuildOperationExecutor.run(DefaultBuildOperationExecutor.java:52)
	at org.gradle.initialization.DefaultGradleLauncher.doBuildStages(DefaultGradleLauncher.java:151)
	at org.gradle.initialization.DefaultGradleLauncher.access$200(DefaultGradleLauncher.java:32)
	at org.gradle.initialization.DefaultGradleLauncher$1.create(DefaultGradleLauncher.java:99)
	at org.gradle.initialization.DefaultGradleLauncher$1.create(DefaultGradleLauncher.java:93)
	at org.gradle.internal.progress.DefaultBuildOperationExecutor.run(DefaultBuildOperationExecutor.java:90)
	at org.gradle.internal.progress.DefaultBuildOperationExecutor.run(DefaultBuildOperationExecutor.java:62)
	at org.gradle.initialization.DefaultGradleLauncher.doBuild(DefaultGradleLauncher.java:93)
	at org.gradle.initialization.DefaultGradleLauncher.run(DefaultGradleLauncher.java:82)
	at org.gradle.launcher.exec.InProcessBuildActionExecuter$DefaultBuildController.run(InProcessBuildActionExecuter.java:94)
	at org.gradle.tooling.internal.provider.ExecuteBuildActionRunner.run(ExecuteBuildActionRunner.java:28)
	at org.gradle.launcher.exec.ChainingBuildActionRunner.run(ChainingBuildActionRunner.java:35)
	at org.gradle.launcher.exec.InProcessBuildActionExecuter.execute(InProcessBuildActionExecuter.java:43)
	at org.gradle.launcher.exec.InProcessBuildActionExecuter.execute(InProcessBuildActionExecuter.java:28)
	at org.gradle.launcher.exec.ContinuousBuildActionExecuter.execute(ContinuousBuildActionExecuter.java:81)
	at org.gradle.launcher.exec.ContinuousBuildActionExecuter.execute(ContinuousBuildActionExecuter.java:46)
	at org.gradle.launcher.exec.DaemonUsageSuggestingBuildActionExecuter.execute(DaemonUsageSuggestingBuildActionExecuter.java:51)
	at org.gradle.launcher.exec.DaemonUsageSuggestingBuildActionExecuter.execute(DaemonUsageSuggestingBuildActionExecuter.java:28)
	at org.gradle.launcher.cli.RunBuildAction.run(RunBuildAction.java:43)
	at org.gradle.internal.Actions$RunnableActionAdapter.execute(Actions.java:173)
	at org.gradle.launcher.cli.CommandLineActionFactory$ParseAndBuildAction.execute(CommandLineActionFactory.java:241)
	at org.gradle.launcher.cli.CommandLineActionFactory$ParseAndBuildAction.execute(CommandLineActionFactory.java:214)
	at org.gradle.launcher.cli.JavaRuntimeValidationAction.execute(JavaRuntimeValidationAction.java:35)
	at org.gradle.launcher.cli.JavaRuntimeValidationAction.execute(JavaRuntimeValidationAction.java:24)
	at org.gradle.launcher.cli.CommandLineActionFactory$WithLogging.execute(CommandLineActionFactory.java:207)
	at org.gradle.launcher.cli.CommandLineActionFactory$WithLogging.execute(CommandLineActionFactory.java:169)
	at org.gradle.launcher.cli.ExceptionReportingAction.execute(ExceptionReportingAction.java:33)
	at org.gradle.launcher.cli.ExceptionReportingAction.execute(ExceptionReportingAction.java:22)
	at org.gradle.launcher.Main.doAction(Main.java:33)
	at org.gradle.launcher.bootstrap.EntryPoint.run(EntryPoint.java:45)
	at org.gradle.launcher.bootstrap.ProcessBootstrap.runNoExit(ProcessBootstrap.java:55)
	at org.gradle.launcher.bootstrap.ProcessBootstrap.run(ProcessBootstrap.java:36)
	at org.gradle.launcher.GradleMain.main(GradleMain.java:23)
	at org.gradle.wrapper.BootstrapMainStarter.start(BootstrapMainStarter.java:30)
	at org.gradle.wrapper.WrapperExecutor.execute(WrapperExecutor.java:129)
	at org.gradle.wrapper.GradleWrapperMain.main(GradleWrapperMain.java:61)
Caused by: org.gradle.api.internal.tasks.compile.CompilationFailedException: Compilation failed; see the compiler error output for details.
	at org.gradle.api.internal.tasks.compile.JdkJavaCompiler.execute(JdkJavaCompiler.java:48)
	at org.gradle.api.internal.tasks.compile.JdkJavaCompiler.execute(JdkJavaCompiler.java:33)
	at org.gradle.api.internal.tasks.compile.NormalizingJavaCompiler.delegateAndHandleErrors(NormalizingJavaCompiler.java:104)
	at org.gradle.api.internal.tasks.compile.NormalizingJavaCompiler.execute(NormalizingJavaCompiler.java:53)
	at org.gradle.api.internal.tasks.compile.NormalizingJavaCompiler.execute(NormalizingJavaCompiler.java:38)
	at org.gradle.api.internal.tasks.compile.CleaningJavaCompilerSupport.execute(CleaningJavaCompilerSupport.java:35)
	at org.gradle.api.internal.tasks.compile.CleaningJavaCompilerSupport.execute(CleaningJavaCompilerSupport.java:25)
	at org.gradle.api.tasks.compile.JavaCompile.performCompilation(JavaCompile.java:163)
	at org.gradle.api.tasks.compile.JavaCompile.compile(JavaCompile.java:145)
	at org.gradle.api.tasks.compile.JavaCompile.compile(JavaCompile.java:93)
	at org.gradle.internal.reflect.JavaMethod.invoke(JavaMethod.java:75)
	at org.gradle.api.internal.project.taskfactory.AnnotationProcessingTaskFactory$IncrementalTaskAction.doExecute(AnnotationProcessingTaskFactory.java:245)
	at org.gradle.api.internal.project.taskfactory.AnnotationProcessingTaskFactory$StandardTaskAction.execute(AnnotationProcessingTaskFactory.java:221)
	at org.gradle.api.internal.project.taskfactory.AnnotationProcessingTaskFactory$IncrementalTaskAction.execute(AnnotationProcessingTaskFactory.java:232)
	at org.gradle.api.internal.project.taskfactory.AnnotationProcessingTaskFactory$StandardTaskAction.execute(AnnotationProcessingTaskFactory.java:210)
	at org.gradle.api.internal.tasks.execution.ExecuteActionsTaskExecuter.executeAction(ExecuteActionsTaskExecuter.java:80)
	at org.gradle.api.internal.tasks.execution.ExecuteActionsTaskExecuter.executeActions(ExecuteActionsTaskExecuter.java:61)
	... 60 more


BUILD FAILED

Total time: 13.6 secs

2016-08-20 04:23:37,269 INFO  c.g.v.a.s.a.ProjectTaskService - Detecting possible tasks...
2016-08-20 04:23:37,270 INFO  c.g.v.a.u.SysUtils - Execute command: [/tmp/rdisk/4164/src/RxJavaV1V2Adapter-master/gradlew, -b, /tmp/rdisk/4164/src/RxJavaV1V2Adapter-master/adapter/build.gradle, tasks]
2016-08-20 04:23:43,329 INFO  c.g.v.a.s.a.ProjectTaskService - Detected possible tasks: 43
2016-08-20 04:23:43,330 INFO  c.g.v.a.s.a.ProjectTaskService - Excluded tasks: test check javadoc
2016-08-20 04:23:43,330 INFO  c.g.v.a.u.SysUtils - Execute command: [/tmp/rdisk/4164/src/RxJavaV1V2Adapter-master/gradlew, -b, /tmp/rdisk/4164/src/RxJavaV1V2Adapter-master/adapter/build.gradle, --stacktrace, -x, test, -x, check, -x, javadoc, build]
2016-08-20 04:23:50,701 INFO  c.g.v.a.u.SysUtils - :adapter:compileJavawarning: [options] bootstrap class path not set in conjunction with -source 1.6
/private/tmp/rdisk/4164/src/RxJavaV1V2Adapter-master/adapter/src/main/java/com/artemzin/rxjavav1v2adapter/RxJavaV1V2Adapter.java:5: error: cannot find symbol
import io.reactivex.FlowableSource;
                   ^
  symbol:   class FlowableSource
  location: package io.reactivex
/private/tmp/rdisk/4164/src/RxJavaV1V2Adapter-master/adapter/src/main/java/com/artemzin/rxjavav1v2adapter/RxJavaV1V2Adapter.java:94: error: method create in class io.reactivex.Observable<T#3> cannot be applied to given types;
        return io.reactivex.Observable.create(new ObservableSource<T>() {
                                      ^
  required: ObservableOnSubscribe<T#1>
  found: <anonymous ObservableSource<T#2>>
  reason: cannot infer type-variable(s) T#1
    (argument mismatch; <anonymous ObservableSource<T#2>> cannot be converted to ObservableOnSubscribe<T#1>)
  where T#1,T#2,T#3 are type-variables:
    T#1 extends Object declared in method <T#1>create(ObservableOnSubscribe<T#1>)
    T#2 extends Object declared in method <T#2>o1ToO2(rx.Observable<T#2>)
    T#3 extends Object declared in class io.reactivex.Observable
/private/tmp/rdisk/4164/src/RxJavaV1V2Adapter-master/adapter/src/main/java/com/artemzin/rxjavav1v2adapter/RxJavaV1V2Adapter.java:143: error: cannot find symbol
        return Flowable.create(new FlowableSource<T>() {
                                   ^
  symbol:   class FlowableSource
  location: class RxJavaV1V2Adapter
3 errors
1 warning
 FAILED

FAILURE: Build failed with an exception.

* What went wrong:
Execution failed for task ':adapter:compileJava'.
> Compilation failed; see the compiler error output for details.

* Try:
Run with --info or --debug option to get more log output.

* Exception is:
org.gradle.api.tasks.TaskExecutionException: Execution failed for task ':adapter:compileJava'.
	at org.gradle.api.internal.tasks.execution.ExecuteActionsTaskExecuter.executeActions(ExecuteActionsTaskExecuter.java:69)
	at org.gradle.api.internal.tasks.execution.ExecuteActionsTaskExecuter.execute(ExecuteActionsTaskExecuter.java:46)
	at org.gradle.api.internal.tasks.execution.PostExecutionAnalysisTaskExecuter.execute(PostExecutionAnalysisTaskExecuter.java:35)
	at org.gradle.api.internal.tasks.execution.SkipUpToDateTaskExecuter.execute(SkipUpToDateTaskExecuter.java:68)
	at org.gradle.api.internal.tasks.execution.ValidatingTaskExecuter.execute(ValidatingTaskExecuter.java:58)
	at org.gradle.api.internal.tasks.execution.SkipEmptySourceFilesTaskExecuter.execute(SkipEmptySourceFilesTaskExecuter.java:52)
	at org.gradle.api.internal.tasks.execution.SkipTaskWithNoActionsExecuter.execute(SkipTaskWithNoActionsExecuter.java:52)
	at org.gradle.api.internal.tasks.execution.SkipOnlyIfTaskExecuter.execute(SkipOnlyIfTaskExecuter.java:53)
	at org.gradle.api.internal.tasks.execution.ExecuteAtMostOnceTaskExecuter.execute(ExecuteAtMostOnceTaskExecuter.java:43)
	at org.gradle.execution.taskgraph.DefaultTaskGraphExecuter$EventFiringTaskWorker.execute(DefaultTaskGraphExecuter.java:203)
	at org.gradle.execution.taskgraph.DefaultTaskGraphExecuter$EventFiringTaskWorker.execute(DefaultTaskGraphExecuter.java:185)
	at org.gradle.execution.taskgraph.AbstractTaskPlanExecutor$TaskExecutorWorker.processTask(AbstractTaskPlanExecutor.java:66)
	at org.gradle.execution.taskgraph.AbstractTaskPlanExecutor$TaskExecutorWorker.run(AbstractTaskPlanExecutor.java:50)
	at org.gradle.execution.taskgraph.DefaultTaskPlanExecutor.process(DefaultTaskPlanExecutor.java:25)
	at org.gradle.execution.taskgraph.DefaultTaskGraphExecuter.execute(DefaultTaskGraphExecuter.java:110)
	at org.gradle.execution.SelectedTaskExecutionAction.execute(SelectedTaskExecutionAction.java:37)
	at org.gradle.execution.DefaultBuildExecuter.execute(DefaultBuildExecuter.java:37)
	at org.gradle.execution.DefaultBuildExecuter.access$000(DefaultBuildExecuter.java:23)
	at org.gradle.execution.DefaultBuildExecuter$1.proceed(DefaultBuildExecuter.java:43)
	at org.gradle.execution.DryRunBuildExecutionAction.execute(DryRunBuildExecutionAction.java:32)
	at org.gradle.execution.DefaultBuildExecuter.execute(DefaultBuildExecuter.java:37)
	at org.gradle.execution.DefaultBuildExecuter.execute(DefaultBuildExecuter.java:30)
	at org.gradle.initialization.DefaultGradleLauncher$4.run(DefaultGradleLauncher.java:154)
	at org.gradle.internal.Factories$1.create(Factories.java:22)
	at org.gradle.internal.progress.DefaultBuildOperationExecutor.run(DefaultBuildOperationExecutor.java:90)
	at org.gradle.internal.progress.DefaultBuildOperationExecutor.run(DefaultBuildOperationExecutor.java:52)
	at org.gradle.initialization.DefaultGradleLauncher.doBuildStages(DefaultGradleLauncher.java:151)
	at org.gradle.initialization.DefaultGradleLauncher.access$200(DefaultGradleLauncher.java:32)
	at org.gradle.initialization.DefaultGradleLauncher$1.create(DefaultGradleLauncher.java:99)
	at org.gradle.initialization.DefaultGradleLauncher$1.create(DefaultGradleLauncher.java:93)
	at org.gradle.internal.progress.DefaultBuildOperationExecutor.run(DefaultBuildOperationExecutor.java:90)
	at org.gradle.internal.progress.DefaultBuildOperationExecutor.run(DefaultBuildOperationExecutor.java:62)
	at org.gradle.initialization.DefaultGradleLauncher.doBuild(DefaultGradleLauncher.java:93)
	at org.gradle.initialization.DefaultGradleLauncher.run(DefaultGradleLauncher.java:82)
	at org.gradle.launcher.exec.InProcessBuildActionExecuter$DefaultBuildController.run(InProcessBuildActionExecuter.java:94)
	at org.gradle.tooling.internal.provider.ExecuteBuildActionRunner.run(ExecuteBuildActionRunner.java:28)
	at org.gradle.launcher.exec.ChainingBuildActionRunner.run(ChainingBuildActionRunner.java:35)
	at org.gradle.launcher.exec.InProcessBuildActionExecuter.execute(InProcessBuildActionExecuter.java:43)
	at org.gradle.launcher.exec.InProcessBuildActionExecuter.execute(InProcessBuildActionExecuter.java:28)
	at org.gradle.launcher.exec.ContinuousBuildActionExecuter.execute(ContinuousBuildActionExecuter.java:81)
	at org.gradle.launcher.exec.ContinuousBuildActionExecuter.execute(ContinuousBuildActionExecuter.java:46)
	at org.gradle.launcher.exec.DaemonUsageSuggestingBuildActionExecuter.execute(DaemonUsageSuggestingBuildActionExecuter.java:51)
	at org.gradle.launcher.exec.DaemonUsageSuggestingBuildActionExecuter.execute(DaemonUsageSuggestingBuildActionExecuter.java:28)
	at org.gradle.launcher.cli.RunBuildAction.run(RunBuildAction.java:43)
	at org.gradle.internal.Actions$RunnableActionAdapter.execute(Actions.java:173)
	at org.gradle.launcher.cli.CommandLineActionFactory$ParseAndBuildAction.execute(CommandLineActionFactory.java:241)
	at org.gradle.launcher.cli.CommandLineActionFactory$ParseAndBuildAction.execute(CommandLineActionFactory.java:214)
	at org.gradle.launcher.cli.JavaRuntimeValidationAction.execute(JavaRuntimeValidationAction.java:35)
	at org.gradle.launcher.cli.JavaRuntimeValidationAction.execute(JavaRuntimeValidationAction.java:24)
	at org.gradle.launcher.cli.CommandLineActionFactory$WithLogging.execute(CommandLineActionFactory.java:207)
	at org.gradle.launcher.cli.CommandLineActionFactory$WithLogging.execute(CommandLineActionFactory.java:169)
	at org.gradle.launcher.cli.ExceptionReportingAction.execute(ExceptionReportingAction.java:33)
	at org.gradle.launcher.cli.ExceptionReportingAction.execute(ExceptionReportingAction.java:22)
	at org.gradle.launcher.Main.doAction(Main.java:33)
	at org.gradle.launcher.bootstrap.EntryPoint.run(EntryPoint.java:45)
	at org.gradle.launcher.bootstrap.ProcessBootstrap.runNoExit(ProcessBootstrap.java:55)
	at org.gradle.launcher.bootstrap.ProcessBootstrap.run(ProcessBootstrap.java:36)
	at org.gradle.launcher.GradleMain.main(GradleMain.java:23)
	at org.gradle.wrapper.BootstrapMainStarter.start(BootstrapMainStarter.java:30)
	at org.gradle.wrapper.WrapperExecutor.execute(WrapperExecutor.java:129)
	at org.gradle.wrapper.GradleWrapperMain.main(GradleWrapperMain.java:61)
Caused by: org.gradle.api.internal.tasks.compile.CompilationFailedException: Compilation failed; see the compiler error output for details.
	at org.gradle.api.internal.tasks.compile.JdkJavaCompiler.execute(JdkJavaCompiler.java:48)
	at org.gradle.api.internal.tasks.compile.JdkJavaCompiler.execute(JdkJavaCompiler.java:33)
	at org.gradle.api.internal.tasks.compile.NormalizingJavaCompiler.delegateAndHandleErrors(NormalizingJavaCompiler.java:104)
	at org.gradle.api.internal.tasks.compile.NormalizingJavaCompiler.execute(NormalizingJavaCompiler.java:53)
	at org.gradle.api.internal.tasks.compile.NormalizingJavaCompiler.execute(NormalizingJavaCompiler.java:38)
	at org.gradle.api.internal.tasks.compile.CleaningJavaCompilerSupport.execute(CleaningJavaCompilerSupport.java:35)
	at org.gradle.api.internal.tasks.compile.CleaningJavaCompilerSupport.execute(CleaningJavaCompilerSupport.java:25)
	at org.gradle.api.tasks.compile.JavaCompile.performCompilation(JavaCompile.java:163)
	at org.gradle.api.tasks.compile.JavaCompile.compile(JavaCompile.java:145)
	at org.gradle.api.tasks.compile.JavaCompile.compile(JavaCompile.java:93)
	at org.gradle.internal.reflect.JavaMethod.invoke(JavaMethod.java:75)
	at org.gradle.api.internal.project.taskfactory.AnnotationProcessingTaskFactory$IncrementalTaskAction.doExecute(AnnotationProcessingTaskFactory.java:245)
	at org.gradle.api.internal.project.taskfactory.AnnotationProcessingTaskFactory$StandardTaskAction.execute(AnnotationProcessingTaskFactory.java:221)
	at org.gradle.api.internal.project.taskfactory.AnnotationProcessingTaskFactory$IncrementalTaskAction.execute(AnnotationProcessingTaskFactory.java:232)
	at org.gradle.api.internal.project.taskfactory.AnnotationProcessingTaskFactory$StandardTaskAction.execute(AnnotationProcessingTaskFactory.java:210)
	at org.gradle.api.internal.tasks.execution.ExecuteActionsTaskExecuter.executeAction(ExecuteActionsTaskExecuter.java:80)
	at org.gradle.api.internal.tasks.execution.ExecuteActionsTaskExecuter.executeActions(ExecuteActionsTaskExecuter.java:61)
	... 60 more


BUILD FAILED

Total time: 6.842 secs

2016-08-20 04:23:50,706 ERROR c.g.v.a.s.FullProcessService - Project build has not produced APK file
2016-08-20 04:23:50,710 ERROR c.g.v.a.s.FullProcessService - Could not find generated or existed APK file
