2019-07-06 03:23:57,237 INFO  DownloadService - Downloading "https://github.com/eyeem/decorator/archive/master.zip", attempt 3
2019-07-06 03:24:57,761 INFO  GithubDownloadService - Could not find ZIP archive for master branch
2019-07-06 03:24:59,472 INFO  GithubDownloadService - Default branch of this repository: master
2019-07-06 03:24:59,472 INFO  DownloadService - Downloading "https://github.com/eyeem/decorator/archive/master.zip", attempt 3
2019-07-06 03:26:02,019 DEBUG FullProcessService - Repository https://github.com/eyeem/decorator available: true
2019-07-06 03:26:02,020 INFO  FullProcessService - Could not download ZIP file from Github, lets clone it
2019-07-06 03:26:02,020 INFO  SysUtils - Execute command: [git, clone, -q, --single-branch, --depth, 1, https://github.com/eyeem/decorator, /var/folders/bq/vtzpc5ns5sg2cthy61lqpg3dfzgbys/T/1562358237234-0/src]
2019-07-06 03:26:04,770 INFO  SysUtils - 
2019-07-06 03:26:04,778 INFO  GitService - Deleted "/var/folders/bq/vtzpc5ns5sg2cthy61lqpg3dfzgbys/T/1562358237234-0/src/.git": true
2019-07-06 03:26:04,784 INFO  FullProcessService - Size of directory with sources: 664 KB
2019-07-06 03:26:04,784 INFO  SysUtils - Execute command: [git, init, /var/folders/bq/vtzpc5ns5sg2cthy61lqpg3dfzgbys/T/1562358237234-0/src]
2019-07-06 03:26:04,800 INFO  SysUtils - Initialized empty Git repository in /private/var/folders/bq/vtzpc5ns5sg2cthy61lqpg3dfzgbys/T/1562358237234-0/src/.git/

2019-07-06 03:26:04,805 INFO  ProjectBuildService - Gradle wrapper(s): /var/folders/bq/vtzpc5ns5sg2cthy61lqpg3dfzgbys/T/1562358237234-0/src/gradlew
2019-07-06 03:26:04,810 INFO  ProjectBuildService - Build script(s): /var/folders/bq/vtzpc5ns5sg2cthy61lqpg3dfzgbys/T/1562358237234-0/src/sample/build.gradle /var/folders/bq/vtzpc5ns5sg2cthy61lqpg3dfzgbys/T/1562358237234-0/src/testmodule/build.gradle /var/folders/bq/vtzpc5ns5sg2cthy61lqpg3dfzgbys/T/1562358237234-0/src/build.gradle /var/folders/bq/vtzpc5ns5sg2cthy61lqpg3dfzgbys/T/1562358237234-0/src/annotation/build.gradle /var/folders/bq/vtzpc5ns5sg2cthy61lqpg3dfzgbys/T/1562358237234-0/src/processor/build.gradle
2019-07-06 03:26:04,815 INFO  ProjectBuildService - All script(s): /var/folders/bq/vtzpc5ns5sg2cthy61lqpg3dfzgbys/T/1562358237234-0/src/testmodule/build.gradle /var/folders/bq/vtzpc5ns5sg2cthy61lqpg3dfzgbys/T/1562358237234-0/src/processor/build.gradle /var/folders/bq/vtzpc5ns5sg2cthy61lqpg3dfzgbys/T/1562358237234-0/src/annotation/build.gradle /var/folders/bq/vtzpc5ns5sg2cthy61lqpg3dfzgbys/T/1562358237234-0/src/gradle-mvn-push.gradle /var/folders/bq/vtzpc5ns5sg2cthy61lqpg3dfzgbys/T/1562358237234-0/src/build.gradle /var/folders/bq/vtzpc5ns5sg2cthy61lqpg3dfzgbys/T/1562358237234-0/src/sample/build.gradle /var/folders/bq/vtzpc5ns5sg2cthy61lqpg3dfzgbys/T/1562358237234-0/src/settings.gradle
2019-07-06 03:26:04,816 INFO  ProjectBuildService - Remote scripts: none
2019-07-06 03:26:04,816 INFO  ProjectFixService - Fixing project...
2019-07-06 03:26:04,828 INFO  LocalPropertiesFixService - Created fake /var/folders/bq/vtzpc5ns5sg2cthy61lqpg3dfzgbys/T/1562358237234-0/src/sample/local.properties
2019-07-06 03:26:04,828 INFO  ProjectFixService - Build info for "/var/folders/bq/vtzpc5ns5sg2cthy61lqpg3dfzgbys/T/1562358237234-0/src/sample/build.gradle": [buildToolsVersion=24.0.1,compileSdkVersion=23,minSdkVersion=16,targetSdkVersion=23]
2019-07-06 03:26:04,829 INFO  LocalPropertiesFixService - Created fake /var/folders/bq/vtzpc5ns5sg2cthy61lqpg3dfzgbys/T/1562358237234-0/src/testmodule/local.properties
2019-07-06 03:26:04,829 INFO  ProjectFixService - Build info for "/var/folders/bq/vtzpc5ns5sg2cthy61lqpg3dfzgbys/T/1562358237234-0/src/testmodule/build.gradle": [buildToolsVersion=24.0.1,compileSdkVersion=24,minSdkVersion=21,targetSdkVersion=24]
2019-07-06 03:26:04,829 INFO  LocalPropertiesFixService - Created fake /var/folders/bq/vtzpc5ns5sg2cthy61lqpg3dfzgbys/T/1562358237234-0/src/local.properties
2019-07-06 03:26:04,830 INFO  WrapperPropertiesFixService - Gradle wrapper: https://services.gradle.org/distributions/gradle-2.14.1-all.zip
2019-07-06 03:26:04,830 INFO  WrapperPropertiesFixService - Gradle wrapper was changed from "-all.zip" to "-bin.zip" (https://services.gradle.org/distributions/gradle-2.14.1-bin.zip)
2019-07-06 03:26:04,830 INFO  ProjectFixService - Build info for "/var/folders/bq/vtzpc5ns5sg2cthy61lqpg3dfzgbys/T/1562358237234-0/src/build.gradle": [buildToolsVersion=24.0.1,compileSdkVersion=24,minSdkVersion=21,targetSdkVersion=24]
2019-07-06 03:26:04,831 INFO  LocalPropertiesFixService - Created fake /var/folders/bq/vtzpc5ns5sg2cthy61lqpg3dfzgbys/T/1562358237234-0/src/annotation/local.properties
2019-07-06 03:26:04,831 INFO  ProjectFixService - Build info for "/var/folders/bq/vtzpc5ns5sg2cthy61lqpg3dfzgbys/T/1562358237234-0/src/annotation/build.gradle": [buildToolsVersion=24.0.1,compileSdkVersion=24,minSdkVersion=21,targetSdkVersion=24]
2019-07-06 03:26:04,832 INFO  LocalPropertiesFixService - Created fake /var/folders/bq/vtzpc5ns5sg2cthy61lqpg3dfzgbys/T/1562358237234-0/src/processor/local.properties
2019-07-06 03:26:04,832 INFO  ProjectFixService - Build info for "/var/folders/bq/vtzpc5ns5sg2cthy61lqpg3dfzgbys/T/1562358237234-0/src/processor/build.gradle": [buildToolsVersion=24.0.1,compileSdkVersion=24,minSdkVersion=21,targetSdkVersion=24]
2019-07-06 03:26:04,832 INFO  ProjectFixService - Project was maybe fixed
2019-07-06 03:26:04,832 INFO  ProjectTaskService - Detecting possible tasks...
2019-07-06 03:26:04,832 INFO  SysUtils - Execute command: [/var/folders/bq/vtzpc5ns5sg2cthy61lqpg3dfzgbys/T/1562358237234-0/src/gradlew, -b, /var/folders/bq/vtzpc5ns5sg2cthy61lqpg3dfzgbys/T/1562358237234-0/src/sample/build.gradle, -Dorg.gradle.daemon=false, -Dorg.gradle.daemon.performance.enable-monitoring=false, -Dorg.gradle.configureondemand=true, tasks]
2019-07-06 03:26:21,175 ERROR ProjectTaskService - Could not detect possible Gradle tasks: Process exited with an error: 1 (Exit value: 1)
2019-07-06 03:26:21,175 INFO  ProjectTaskService - Detected possible tasks: 0
2019-07-06 03:26:21,175 INFO  ProjectTaskService - Excluded tasks (0): none
2019-07-06 03:26:21,175 INFO  SysUtils - Execute command: [/var/folders/bq/vtzpc5ns5sg2cthy61lqpg3dfzgbys/T/1562358237234-0/src/gradlew, -b, /var/folders/bq/vtzpc5ns5sg2cthy61lqpg3dfzgbys/T/1562358237234-0/src/sample/build.gradle, -Dorg.gradle.daemon=false, -Dorg.gradle.daemon.performance.enable-monitoring=false, -Dorg.gradle.configureondemand=true, --stacktrace, build]
2019-07-06 03:26:43,971 ERROR SysUtils - Could not process external command
org.apache.commons.exec.ExecuteException: Process exited with an error: 1 (Exit value: 1)
	at org.apache.commons.exec.DefaultExecutor.executeInternal(DefaultExecutor.java:404)
	at org.apache.commons.exec.DefaultExecutor.execute(DefaultExecutor.java:166)
	at com.github.vbauer.apkmaster.util.SysUtils.execute(SysUtils.java:67)
	at com.github.vbauer.apkmaster.util.SysUtils.executeSimple(SysUtils.java:43)
	at com.github.vbauer.apkmaster.service.assembly.ProjectBuildService.buildProject(ProjectBuildService.java:78)
	at com.github.vbauer.apkmaster.service.assembly.ProjectBuildService.buildProject(ProjectBuildService.java:64)
	at com.github.vbauer.apkmaster.service.assembly.ProjectBuildService.buildProject(ProjectBuildService.java:43)
	at com.github.vbauer.apkmaster.service.FullProcessService.build(FullProcessService.java:84)
	at com.github.vbauer.apkmaster.service.FullProcessService.process(FullProcessService.java:34)
	at com.github.vbauer.apkmaster.app.MainApplication.process(MainApplication.java:38)
	at com.github.vbauer.apkmaster.app.MainApplication.main(MainApplication.java:20)
	at sun.reflect.GeneratedMethodAccessor9.invoke(Unknown Source)
	at sun.reflect.DelegatingMethodAccessorImpl.invoke(DelegatingMethodAccessorImpl.java:43)
	at java.lang.reflect.Method.invoke(Method.java:498)
	at com.android.arsenal.util.ReflectionUtils.invoke(ReflectionUtils.java:52)
	at com.android.arsenal.util.ApkMasterUtils.main(ApkMasterUtils.java:30)
	at com.android.arsenal.service.processor.impl.BuildProcessorServiceImpl.buildProject(BuildProcessorServiceImpl.java:196)
	at com.android.arsenal.service.processor.impl.BuildProcessorServiceImpl.build(BuildProcessorServiceImpl.java:130)
	at com.android.arsenal.service.processor.impl.BuildProcessorServiceImpl.lambda$createTasks$1(BuildProcessorServiceImpl.java:113)
	at java.util.concurrent.FutureTask.run(FutureTask.java:266)
	at java.util.concurrent.Executors$RunnableAdapter.call(Executors.java:511)
	at java.util.concurrent.FutureTask.run(FutureTask.java:266)
	at java.util.concurrent.ThreadPoolExecutor.runWorker(ThreadPoolExecutor.java:1149)
	at java.util.concurrent.ThreadPoolExecutor$Worker.run(ThreadPoolExecutor.java:624)
	at java.lang.Thread.run(Thread.java:748)
2019-07-06 03:26:43,971 INFO  SysUtils - Configuration on demand is an incubating feature.
Incremental java compilation is an incubating feature.
:annotation:compileJavawarning: [options] bootstrap class path not set in conjunction with -source 1.7
Note: /private/var/folders/bq/vtzpc5ns5sg2cthy61lqpg3dfzgbys/T/1562358237234-0/src/annotation/src/main/java/com/eyeem/decorator/base_classes/AbstractDecorators.java uses unchecked or unsafe operations.
Note: Recompile with -Xlint:unchecked for details.
1 warning

:annotation:processResources UP-TO-DATE
:annotation:classes
:annotation:jar
:processor:compileJavawarning: [options] bootstrap class path not set in conjunction with -source 1.7
1 warning

:processor:processResources
:processor:classes
:processor:jar
:sample:preBuild UP-TO-DATE
:sample:preDebugBuild UP-TO-DATE
:sample:checkDebugManifest
:sample:preReleaseBuild UP-TO-DATE
:sample:prepareComAndroidSupportAnimatedVectorDrawable2340Library
:sample:prepareComAndroidSupportAppcompatV72340Library
:sample:prepareComAndroidSupportCardviewV72340Library
:sample:prepareComAndroidSupportDesign2340Library
:sample:prepareComAndroidSupportPreferenceV72340Library
:sample:prepareComAndroidSupportRecyclerviewV72340Library
:sample:prepareComAndroidSupportSupportV42340Library
:sample:prepareComAndroidSupportSupportVectorDrawable2340Library
:sample:prepareComEyeemRecyclerviewtoolsLibrary030Library
:sample:prepareComGetkeepsafeRelinkerRelinker121Library
:sample:prepareDeHdodenhofCircleimageview200Library
:sample:prepareIoRealmAndroidAdapters122Library
:sample:prepareIoRealmRealmAndroidLibrary100Library
:sample:prepareDebugDependencies
:sample:compileDebugAidl
:sample:compileDebugRenderscript
:sample:generateDebugBuildConfig
:sample:mergeDebugShaders
:sample:compileDebugShaders
:sample:generateDebugAssets
:sample:mergeDebugAssets
:sample:generateDebugResValues
:sample:generateDebugResources
:sample:mergeDebugResources
:sample:processDebugManifest
:sample:processDebugResources
:sample:generateDebugSources
:sample:incrementalDebugJavaCompilationSafeguard
:sample:compileDebugJavaWithJavacNote: Version 5.12.0 of Realm is now available: http://static.realm.io/downloads/java/latest
Note: Processing class Photo
Note: Processing class User
Note: Processing class ListPhoto
Note: Processing class ListUser
Note: Creating DefaultRealmModule
Note: @Decorate starting for 1 element
Note: @Decorate processed in 298ms
Note: /private/var/folders/bq/vtzpc5ns5sg2cthy61lqpg3dfzgbys/T/1562358237234-0/src/sample/src/main/java/com/eyeem/decorator/sample/ChooserActivity.java uses or overrides a deprecated API.
Note: Recompile with -Xlint:deprecation for details.
Note: Some input files use unchecked or unsafe operations.
Note: Recompile with -Xlint:unchecked for details.

:sample:compileDebugNdk UP-TO-DATE
:sample:compileDebugSources
:sample:prePackageMarkerForDebug
:sample:transformClassesWithRealmTransformerForDebug
:sample:transformClassesWithDexForDebug
Result compacted from 4799.1KiB to 3594.4KiB to save 1204.7KiB
Merged dex #1 (5 defs/7.5KiB)
Merged dex #2 (47 defs/56.8KiB)
Merged dex #3 (5 defs/15.3KiB)
Merged dex #4 (330 defs/538.0KiB)
Merged dex #5 (13 defs/22.9KiB)
Merged dex #6 (182 defs/256.4KiB)
Merged dex #7 (48 defs/77.0KiB)
Merged dex #8 (134 defs/303.8KiB)
Merged dex #9 (770 defs/937.1KiB)
Merged dex #10 (17 defs/48.5KiB)
Merged dex #11 (24 defs/28.4KiB)
Merged dex #12 (26 defs/20.8KiB)
Merged dex #13 (3 defs/4.5KiB)
Merged dex #14 (2 defs/9.0KiB)
Merged dex #15 (174 defs/182.6KiB)
Merged dex #16 (335 defs/262.9KiB)
Merged dex #17 (5 defs/6.3KiB)
Merged dex #18 (164 defs/277.0KiB)
Merged dex #19 (192 defs/315.3KiB)
Merged dex #20 (37 defs/73.8KiB)
Merged dex #21 (81 defs/102.9KiB)
Merged dex #22 (6 defs/1.6KiB)
Merged dex #23 (187 defs/313.1KiB)
Merged dex #24 (82 defs/74.8KiB)
Merged dex #25 (41 defs/6.5KiB)
Result is 2910 defs/3594.4KiB. Took 0.5s
:sample:mergeDebugJniLibFolders
:sample:transformNative_libsWithMergeJniLibsForDebug
:sample:processDebugJavaRes UP-TO-DATE
:sample:transformResourcesWithMergeJavaResForDebug
:sample:validateDebugSigning
:sample:packageDebug
:sample:zipalignDebug
:sample:assembleDebug
:sample:checkReleaseManifest
:sample:prepareReleaseDependencies
:sample:compileReleaseAidl
:sample:compileReleaseRenderscript
:sample:generateReleaseBuildConfig
:sample:mergeReleaseShaders
:sample:compileReleaseShaders
:sample:generateReleaseAssets
:sample:mergeReleaseAssets
:sample:generateReleaseResValues
:sample:generateReleaseResources
:sample:mergeReleaseResources
:sample:processReleaseManifest
:sample:processReleaseResources
:sample:generateReleaseSources
:sample:incrementalReleaseJavaCompilationSafeguard
:sample:compileReleaseJavaWithJavacNote: Version 5.12.0 of Realm is now available: http://static.realm.io/downloads/java/latest
Note: Processing class Photo
Note: Processing class User
Note: Processing class ListPhoto
Note: Processing class ListUser
Note: Creating DefaultRealmModule
Note: @Decorate starting for 1 element
Note: @Decorate processed in 38ms
Note: /private/var/folders/bq/vtzpc5ns5sg2cthy61lqpg3dfzgbys/T/1562358237234-0/src/sample/src/main/java/com/eyeem/decorator/sample/ChooserActivity.java uses or overrides a deprecated API.
Note: Recompile with -Xlint:deprecation for details.
Note: Some input files use unchecked or unsafe operations.
Note: Recompile with -Xlint:unchecked for details.

:sample:compileReleaseNdk UP-TO-DATE
:sample:compileReleaseSources
:sample:lintVitalRelease FAILED

FAILURE: Build failed with an exception.

* What went wrong:
Execution failed for task ':sample:lintVitalRelease'.
> No toolchains found in the NDK toolchains folder for ABI with prefix: mipsel-linux-android

* Try:
Run with --info or --debug option to get more log output.

* Exception is:
org.gradle.api.tasks.TaskExecutionException: Execution failed for task ':sample:lintVitalRelease'.
	at org.gradle.api.internal.tasks.execution.ExecuteActionsTaskExecuter.executeActions(ExecuteActionsTaskExecuter.java:69)
	at org.gradle.api.internal.tasks.execution.ExecuteActionsTaskExecuter.execute(ExecuteActionsTaskExecuter.java:46)
	at org.gradle.api.internal.tasks.execution.PostExecutionAnalysisTaskExecuter.execute(PostExecutionAnalysisTaskExecuter.java:35)
	at org.gradle.api.internal.tasks.execution.SkipUpToDateTaskExecuter.execute(SkipUpToDateTaskExecuter.java:66)
	at org.gradle.api.internal.tasks.execution.ValidatingTaskExecuter.execute(ValidatingTaskExecuter.java:58)
	at org.gradle.api.internal.tasks.execution.SkipEmptySourceFilesTaskExecuter.execute(SkipEmptySourceFilesTaskExecuter.java:52)
	at org.gradle.api.internal.tasks.execution.SkipTaskWithNoActionsExecuter.execute(SkipTaskWithNoActionsExecuter.java:52)
	at org.gradle.api.internal.tasks.execution.SkipOnlyIfTaskExecuter.execute(SkipOnlyIfTaskExecuter.java:53)
	at org.gradle.api.internal.tasks.execution.ExecuteAtMostOnceTaskExecuter.execute(ExecuteAtMostOnceTaskExecuter.java:43)
	at org.gradle.execution.taskgraph.DefaultTaskGraphExecuter$EventFiringTaskWorker.execute(DefaultTaskGraphExecuter.java:203)
	at org.gradle.execution.taskgraph.DefaultTaskGraphExecuter$EventFiringTaskWorker.execute(DefaultTaskGraphExecuter.java:185)
	at org.gradle.execution.taskgraph.AbstractTaskPlanExecutor$TaskExecutorWorker.processTask(AbstractTaskPlanExecutor.java:66)
	at org.gradle.execution.taskgraph.AbstractTaskPlanExecutor$TaskExecutorWorker.run(AbstractTaskPlanExecutor.java:50)
	at org.gradle.execution.taskgraph.DefaultTaskPlanExecutor.process(DefaultTaskPlanExecutor.java:25)
	at org.gradle.execution.taskgraph.DefaultTaskGraphExecuter.execute(DefaultTaskGraphExecuter.java:110)
	at org.gradle.execution.SelectedTaskExecutionAction.execute(SelectedTaskExecutionAction.java:37)
	at org.gradle.execution.DefaultBuildExecuter.execute(DefaultBuildExecuter.java:37)
	at org.gradle.execution.DefaultBuildExecuter.access$000(DefaultBuildExecuter.java:23)
	at org.gradle.execution.DefaultBuildExecuter$1.proceed(DefaultBuildExecuter.java:43)
	at org.gradle.execution.DryRunBuildExecutionAction.execute(DryRunBuildExecutionAction.java:32)
	at org.gradle.execution.DefaultBuildExecuter.execute(DefaultBuildExecuter.java:37)
	at org.gradle.execution.DefaultBuildExecuter.execute(DefaultBuildExecuter.java:30)
	at org.gradle.initialization.DefaultGradleLauncher$4.run(DefaultGradleLauncher.java:153)
	at org.gradle.internal.Factories$1.create(Factories.java:22)
	at org.gradle.internal.progress.DefaultBuildOperationExecutor.run(DefaultBuildOperationExecutor.java:91)
	at org.gradle.internal.progress.DefaultBuildOperationExecutor.run(DefaultBuildOperationExecutor.java:53)
	at org.gradle.initialization.DefaultGradleLauncher.doBuildStages(DefaultGradleLauncher.java:150)
	at org.gradle.initialization.DefaultGradleLauncher.access$200(DefaultGradleLauncher.java:32)
	at org.gradle.initialization.DefaultGradleLauncher$1.create(DefaultGradleLauncher.java:98)
	at org.gradle.initialization.DefaultGradleLauncher$1.create(DefaultGradleLauncher.java:92)
	at org.gradle.internal.progress.DefaultBuildOperationExecutor.run(DefaultBuildOperationExecutor.java:91)
	at org.gradle.internal.progress.DefaultBuildOperationExecutor.run(DefaultBuildOperationExecutor.java:63)
	at org.gradle.initialization.DefaultGradleLauncher.doBuild(DefaultGradleLauncher.java:92)
	at org.gradle.initialization.DefaultGradleLauncher.run(DefaultGradleLauncher.java:83)
	at org.gradle.launcher.exec.InProcessBuildActionExecuter$DefaultBuildController.run(InProcessBuildActionExecuter.java:99)
	at org.gradle.tooling.internal.provider.ExecuteBuildActionRunner.run(ExecuteBuildActionRunner.java:28)
	at org.gradle.launcher.exec.ChainingBuildActionRunner.run(ChainingBuildActionRunner.java:35)
	at org.gradle.launcher.exec.InProcessBuildActionExecuter.execute(InProcessBuildActionExecuter.java:48)
	at org.gradle.launcher.exec.InProcessBuildActionExecuter.execute(InProcessBuildActionExecuter.java:30)
	at org.gradle.launcher.exec.ContinuousBuildActionExecuter.execute(ContinuousBuildActionExecuter.java:81)
	at org.gradle.launcher.exec.ContinuousBuildActionExecuter.execute(ContinuousBuildActionExecuter.java:46)
	at org.gradle.launcher.exec.DaemonUsageSuggestingBuildActionExecuter.execute(DaemonUsageSuggestingBuildActionExecuter.java:51)
	at org.gradle.launcher.exec.DaemonUsageSuggestingBuildActionExecuter.execute(DaemonUsageSuggestingBuildActionExecuter.java:28)
	at org.gradle.launcher.cli.RunBuildAction.run(RunBuildAction.java:43)
	at org.gradle.internal.Actions$RunnableActionAdapter.execute(Actions.java:173)
	at org.gradle.launcher.cli.CommandLineActionFactory$ParseAndBuildAction.execute(CommandLineActionFactory.java:239)
	at org.gradle.launcher.cli.CommandLineActionFactory$ParseAndBuildAction.execute(CommandLineActionFactory.java:212)
	at org.gradle.launcher.cli.JavaRuntimeValidationAction.execute(JavaRuntimeValidationAction.java:35)
	at org.gradle.launcher.cli.JavaRuntimeValidationAction.execute(JavaRuntimeValidationAction.java:24)
	at org.gradle.launcher.cli.ExceptionReportingAction.execute(ExceptionReportingAction.java:33)
	at org.gradle.launcher.cli.ExceptionReportingAction.execute(ExceptionReportingAction.java:22)
	at org.gradle.launcher.cli.CommandLineActionFactory$WithLogging.execute(CommandLineActionFactory.java:205)
	at org.gradle.launcher.cli.CommandLineActionFactory$WithLogging.execute(CommandLineActionFactory.java:169)
	at org.gradle.launcher.Main.doAction(Main.java:33)
	at org.gradle.launcher.bootstrap.EntryPoint.run(EntryPoint.java:45)
	at org.gradle.launcher.bootstrap.ProcessBootstrap.runNoExit(ProcessBootstrap.java:55)
	at org.gradle.launcher.bootstrap.ProcessBootstrap.run(ProcessBootstrap.java:36)
	at org.gradle.launcher.GradleMain.main(GradleMain.java:23)
	at org.gradle.wrapper.BootstrapMainStarter.start(BootstrapMainStarter.java:33)
	at org.gradle.wrapper.WrapperExecutor.execute(WrapperExecutor.java:130)
	at org.gradle.wrapper.GradleWrapperMain.main(GradleWrapperMain.java:48)
Caused by: java.lang.RuntimeException: No toolchains found in the NDK toolchains folder for ABI with prefix: mipsel-linux-android
	at com.android.build.gradle.internal.NdkHandler.getDefaultToolchainVersion(NdkHandler.java:375)
	at com.android.build.gradle.internal.NdkHandler.getToolchainPath(NdkHandler.java:273)
	at com.android.build.gradle.internal.NdkHandler.getCCompiler(NdkHandler.java:461)
	at com.android.build.gradle.internal.model.ModelBuilder.createNativeToolchainModelMap(ModelBuilder.java:227)
	at com.android.build.gradle.internal.model.ModelBuilder.buildAll(ModelBuilder.java:166)
	at org.gradle.tooling.provider.model.ToolingModelBuilder$buildAll.call(Unknown Source)
	at com.android.build.gradle.tasks.Lint.createAndroidProject(Lint.groovy:256)
	at com.android.build.gradle.tasks.Lint.lint(Lint.groovy:73)
	at org.gradle.internal.reflect.JavaMethod.invoke(JavaMethod.java:75)
	at org.gradle.api.internal.project.taskfactory.AnnotationProcessingTaskFactory$StandardTaskAction.doExecute(AnnotationProcessingTaskFactory.java:228)
	at org.gradle.api.internal.project.taskfactory.AnnotationProcessingTaskFactory$StandardTaskAction.execute(AnnotationProcessingTaskFactory.java:221)
	at org.gradle.api.internal.project.taskfactory.AnnotationProcessingTaskFactory$StandardTaskAction.execute(AnnotationProcessingTaskFactory.java:210)
	at org.gradle.api.internal.AbstractTask$TaskActionWrapper.execute(AbstractTask.java:621)
	at org.gradle.api.internal.AbstractTask$TaskActionWrapper.execute(AbstractTask.java:604)
	at org.gradle.api.internal.tasks.execution.ExecuteActionsTaskExecuter.executeAction(ExecuteActionsTaskExecuter.java:80)
	at org.gradle.api.internal.tasks.execution.ExecuteActionsTaskExecuter.executeActions(ExecuteActionsTaskExecuter.java:61)
	... 60 more


BUILD FAILED

Total time: 22.198 secs

2019-07-06 03:26:44,061 INFO  FullProcessService - Found APK file: /var/folders/bq/vtzpc5ns5sg2cthy61lqpg3dfzgbys/T/1562358237234-0/src/sample/build/outputs/apk/sample-debug-unaligned.apk
