2018-11-11 19:32:17,027 INFO  DownloadService - Downloading "https://github.com/JoanZapata/tilesview/archive/master.zip", attempt 3
2018-11-11 19:33:17,723 INFO  GithubDownloadService - Could not find ZIP archive for master branch
2018-11-11 19:33:18,749 INFO  GithubDownloadService - Default branch of this repository: master
2018-11-11 19:33:18,749 INFO  DownloadService - Downloading "https://github.com/JoanZapata/tilesview/archive/master.zip", attempt 3
2018-11-11 19:34:20,386 DEBUG FullProcessService - Repository https://github.com/JoanZapata/tilesview available: true
2018-11-11 19:34:20,392 INFO  FullProcessService - Could not download ZIP file from Github, lets clone it
2018-11-11 19:34:20,392 INFO  SysUtils - Execute command: [git, clone, -q, --single-branch, --depth, 1, https://github.com/JoanZapata/tilesview, /var/folders/bq/vtzpc5ns5sg2cthy61lqpg3dfzgbys/T/1541939537024-0/src]
2018-11-11 19:34:30,322 INFO  SysUtils - 
2018-11-11 19:34:30,361 INFO  GitService - Deleted "/var/folders/bq/vtzpc5ns5sg2cthy61lqpg3dfzgbys/T/1541939537024-0/src/.git": true
2018-11-11 19:34:30,365 INFO  FullProcessService - Size of directory with sources: 11 MB
2018-11-11 19:34:30,365 INFO  SysUtils - Execute command: [git, init, /var/folders/bq/vtzpc5ns5sg2cthy61lqpg3dfzgbys/T/1541939537024-0/src]
2018-11-11 19:34:30,384 INFO  SysUtils - Initialized empty Git repository in /private/var/folders/bq/vtzpc5ns5sg2cthy61lqpg3dfzgbys/T/1541939537024-0/src/.git/

2018-11-11 19:34:30,388 INFO  ProjectBuildService - Gradle wrapper(s): /var/folders/bq/vtzpc5ns5sg2cthy61lqpg3dfzgbys/T/1541939537024-0/src/gradlew
2018-11-11 19:34:30,391 INFO  ProjectBuildService - Build script(s): /var/folders/bq/vtzpc5ns5sg2cthy61lqpg3dfzgbys/T/1541939537024-0/src/tilesview-demo/build.gradle /var/folders/bq/vtzpc5ns5sg2cthy61lqpg3dfzgbys/T/1541939537024-0/src/tilesview/build.gradle /var/folders/bq/vtzpc5ns5sg2cthy61lqpg3dfzgbys/T/1541939537024-0/src/build.gradle
2018-11-11 19:34:30,394 INFO  ProjectBuildService - All script(s): /var/folders/bq/vtzpc5ns5sg2cthy61lqpg3dfzgbys/T/1541939537024-0/src/tilesview/build.gradle /var/folders/bq/vtzpc5ns5sg2cthy61lqpg3dfzgbys/T/1541939537024-0/src/tilesview-demo/build.gradle /var/folders/bq/vtzpc5ns5sg2cthy61lqpg3dfzgbys/T/1541939537024-0/src/gradle/gradle-mvn-push.gradle /var/folders/bq/vtzpc5ns5sg2cthy61lqpg3dfzgbys/T/1541939537024-0/src/build.gradle /var/folders/bq/vtzpc5ns5sg2cthy61lqpg3dfzgbys/T/1541939537024-0/src/settings.gradle
2018-11-11 19:34:30,394 INFO  ProjectBuildService - Remote scripts: none
2018-11-11 19:34:30,394 INFO  ProjectFixService - Fixing project...
2018-11-11 19:34:30,409 INFO  LocalPropertiesFixService - Created fake /var/folders/bq/vtzpc5ns5sg2cthy61lqpg3dfzgbys/T/1541939537024-0/src/tilesview-demo/local.properties
2018-11-11 19:34:30,411 INFO  ProjectFixService - Build info for "/var/folders/bq/vtzpc5ns5sg2cthy61lqpg3dfzgbys/T/1541939537024-0/src/tilesview-demo/build.gradle": [buildToolsVersion=23.0.1,compileSdkVersion=22,minSdkVersion=10,targetSdkVersion=<null>]
2018-11-11 19:34:30,412 INFO  ProjectFixService - Fixed build info for "/var/folders/bq/vtzpc5ns5sg2cthy61lqpg3dfzgbys/T/1541939537024-0/src/tilesview-demo/build.gradle": [buildToolsVersion=23.0.1,compileSdkVersion=22,minSdkVersion=10,targetSdkVersion=28]
2018-11-11 19:34:30,413 INFO  LocalPropertiesFixService - Created fake /var/folders/bq/vtzpc5ns5sg2cthy61lqpg3dfzgbys/T/1541939537024-0/src/tilesview/local.properties
2018-11-11 19:34:30,415 INFO  ProjectFixService - Build info for "/var/folders/bq/vtzpc5ns5sg2cthy61lqpg3dfzgbys/T/1541939537024-0/src/tilesview/build.gradle": [buildToolsVersion=23.0.1,compileSdkVersion=22,minSdkVersion=10,targetSdkVersion=<null>]
2018-11-11 19:34:30,415 INFO  ProjectFixService - Fixed build info for "/var/folders/bq/vtzpc5ns5sg2cthy61lqpg3dfzgbys/T/1541939537024-0/src/tilesview/build.gradle": [buildToolsVersion=23.0.1,compileSdkVersion=22,minSdkVersion=10,targetSdkVersion=28]
2018-11-11 19:34:30,416 INFO  LocalPropertiesFixService - Created fake /var/folders/bq/vtzpc5ns5sg2cthy61lqpg3dfzgbys/T/1541939537024-0/src/local.properties
2018-11-11 19:34:30,416 INFO  WrapperPropertiesFixService - Gradle wrapper: https://services.gradle.org/distributions/gradle-2.7-all.zip
2018-11-11 19:34:30,417 INFO  WrapperPropertiesFixService - Gradle wrapper was changed from "-all.zip" to "-bin.zip" (https://services.gradle.org/distributions/gradle-2.7-bin.zip)
2018-11-11 19:34:30,418 INFO  ProjectFixService - Build info for "/var/folders/bq/vtzpc5ns5sg2cthy61lqpg3dfzgbys/T/1541939537024-0/src/build.gradle": [buildToolsVersion=23.0.1,compileSdkVersion=22,minSdkVersion=9,targetSdkVersion=<null>]
2018-11-11 19:34:30,418 INFO  ProjectFixService - Fixed build info for "/var/folders/bq/vtzpc5ns5sg2cthy61lqpg3dfzgbys/T/1541939537024-0/src/build.gradle": [buildToolsVersion=23.0.1,compileSdkVersion=22,minSdkVersion=9,targetSdkVersion=28]
2018-11-11 19:34:30,418 INFO  ProjectFixService - Project was maybe fixed
2018-11-11 19:34:30,418 INFO  ProjectTaskService - Detecting possible tasks...
2018-11-11 19:34:30,419 INFO  SysUtils - Execute command: [/var/folders/bq/vtzpc5ns5sg2cthy61lqpg3dfzgbys/T/1541939537024-0/src/gradlew, -b, /var/folders/bq/vtzpc5ns5sg2cthy61lqpg3dfzgbys/T/1541939537024-0/src/tilesview-demo/build.gradle, -Dorg.gradle.daemon=false, -Dorg.gradle.daemon.performance.enable-monitoring=false, -Dorg.gradle.configureondemand=true, tasks]
2018-11-11 19:34:55,426 INFO  ProjectTaskService - Detected possible tasks: 71
2018-11-11 19:34:55,426 INFO  ProjectTaskService - Excluded tasks (20): lintDebug mockableAndroidJar deviceCheck lint testReleaseUnitTest uninstallRelease deviceAndroidTest uninstallDebugAndroidTest installRelease installDebugAndroidTest connectedCheck connectedDebugAndroidTest uninstallAll test check testDebugUnitTest connectedAndroidTest installDebug lintRelease uninstallDebug
2018-11-11 19:34:55,427 INFO  SysUtils - Execute command: [/var/folders/bq/vtzpc5ns5sg2cthy61lqpg3dfzgbys/T/1541939537024-0/src/gradlew, -b, /var/folders/bq/vtzpc5ns5sg2cthy61lqpg3dfzgbys/T/1541939537024-0/src/tilesview-demo/build.gradle, -Dorg.gradle.daemon=false, -Dorg.gradle.daemon.performance.enable-monitoring=false, -Dorg.gradle.configureondemand=true, --stacktrace, -x, lintDebug, -x, mockableAndroidJar, -x, deviceCheck, -x, lint, -x, testReleaseUnitTest, -x, uninstallRelease, -x, deviceAndroidTest, -x, uninstallDebugAndroidTest, -x, installRelease, -x, installDebugAndroidTest, -x, connectedCheck, -x, connectedDebugAndroidTest, -x, uninstallAll, -x, test, -x, check, -x, testDebugUnitTest, -x, connectedAndroidTest, -x, installDebug, -x, lintRelease, -x, uninstallDebug, build]
2018-11-11 19:35:19,086 ERROR SysUtils - Could not process external command
org.apache.commons.exec.ExecuteException: Process exited with an error: 1 (Exit value: 1)
	at org.apache.commons.exec.DefaultExecutor.executeInternal(DefaultExecutor.java:404)
	at org.apache.commons.exec.DefaultExecutor.execute(DefaultExecutor.java:166)
	at com.github.vbauer.apkmaster.util.SysUtils.execute(SysUtils.java:67)
	at com.github.vbauer.apkmaster.util.SysUtils.executeSimple(SysUtils.java:43)
	at com.github.vbauer.apkmaster.service.assembly.ProjectBuildService.buildProject(ProjectBuildService.java:78)
	at com.github.vbauer.apkmaster.service.assembly.ProjectBuildService.buildProject(ProjectBuildService.java:64)
	at com.github.vbauer.apkmaster.service.assembly.ProjectBuildService.buildProject(ProjectBuildService.java:43)
	at com.github.vbauer.apkmaster.service.FullProcessService.build(FullProcessService.java:84)
	at com.github.vbauer.apkmaster.service.FullProcessService.process(FullProcessService.java:34)
	at com.github.vbauer.apkmaster.app.MainApplication.process(MainApplication.java:38)
	at com.github.vbauer.apkmaster.app.MainApplication.main(MainApplication.java:20)
	at sun.reflect.GeneratedMethodAccessor8.invoke(Unknown Source)
	at sun.reflect.DelegatingMethodAccessorImpl.invoke(DelegatingMethodAccessorImpl.java:43)
	at java.lang.reflect.Method.invoke(Method.java:498)
	at com.android.arsenal.util.ReflectionUtils.invoke(ReflectionUtils.java:52)
	at com.android.arsenal.util.ApkMasterUtils.main(ApkMasterUtils.java:30)
	at com.android.arsenal.service.processor.impl.BuildProcessorServiceImpl.buildProject(BuildProcessorServiceImpl.java:196)
	at com.android.arsenal.service.processor.impl.BuildProcessorServiceImpl.build(BuildProcessorServiceImpl.java:130)
	at com.android.arsenal.service.processor.impl.BuildProcessorServiceImpl.lambda$createTasks$1(BuildProcessorServiceImpl.java:113)
	at java.util.concurrent.FutureTask.run(FutureTask.java:266)
	at java.util.concurrent.Executors$RunnableAdapter.call(Executors.java:511)
	at java.util.concurrent.FutureTask.run(FutureTask.java:266)
	at java.util.concurrent.ThreadPoolExecutor.runWorker(ThreadPoolExecutor.java:1149)
	at java.util.concurrent.ThreadPoolExecutor$Worker.run(ThreadPoolExecutor.java:624)
	at java.lang.Thread.run(Thread.java:748)
2018-11-11 19:35:19,087 INFO  SysUtils - Configuration on demand is an incubating feature.
:tilesview:compileLint
:tilesview:copyReleaseLint UP-TO-DATE
:tilesview:preBuild UP-TO-DATE
:tilesview:preReleaseBuild UP-TO-DATE
:tilesview:checkReleaseManifest
:tilesview:preDebugAndroidTestBuild UP-TO-DATE
:tilesview:preDebugBuild UP-TO-DATE
:tilesview:preDebugUnitTestBuild UP-TO-DATE
:tilesview:preReleaseUnitTestBuild UP-TO-DATE
:tilesview:prepareComAndroidSupportSupportV42221Library
:tilesview:prepareReleaseDependencies
:tilesview:compileReleaseAidl
:tilesview:compileReleaseRenderscript
:tilesview:generateReleaseBuildConfig
:tilesview:generateReleaseAssets UP-TO-DATE
:tilesview:mergeReleaseAssets
:tilesview:generateReleaseResValues
:tilesview:generateReleaseResources
:tilesview:mergeReleaseResources
:tilesview:processReleaseManifest
:tilesview:processReleaseResources
:tilesview:generateReleaseSources
:tilesview:processReleaseJavaRes UP-TO-DATE
:tilesview:compileReleaseJavaWithJavacNote: /private/var/folders/bq/vtzpc5ns5sg2cthy61lqpg3dfzgbys/T/1541939537024-0/src/tilesview/src/main/java/com/joanzapata/tilesview/TilesView.java uses or overrides a deprecated API.
Note: Recompile with -Xlint:deprecation for details.

:tilesview:extractReleaseAnnotations
:tilesview:mergeReleaseProguardFiles
:tilesview:packageReleaseJar
:tilesview:compileReleaseNdk UP-TO-DATE
:tilesview:packageReleaseJniLibs UP-TO-DATE
:tilesview:packageReleaseLocalJar UP-TO-DATE
:tilesview:packageReleaseRenderscript UP-TO-DATE
:tilesview:packageReleaseResources
:tilesview:bundleRelease
:tilesview-demo:preBuild UP-TO-DATE
:tilesview-demo:preDebugBuild UP-TO-DATE
:tilesview-demo:checkDebugManifest
:tilesview-demo:preReleaseBuild UP-TO-DATE
:tilesview-demo:prepareComAndroidSupportAppcompatV72221Library
:tilesview-demo:prepareComAndroidSupportSupportV42221Library
:tilesview-demo:prepareComJoanzapataTilesviewTilesview004SNAPSHOTLibrary
:tilesview-demo:prepareDebugDependencies
:tilesview-demo:compileDebugAidl
:tilesview-demo:compileDebugRenderscript
:tilesview-demo:generateDebugBuildConfig
:tilesview-demo:generateDebugAssets UP-TO-DATE
:tilesview-demo:mergeDebugAssets
:tilesview-demo:generateDebugResValues
:tilesview-demo:generateDebugResources
:tilesview-demo:mergeDebugResources
:tilesview-demo:processDebugManifest
:tilesview-demo:processDebugResources
:tilesview-demo:generateDebugSources
:tilesview-demo:processDebugJavaRes UP-TO-DATE
:tilesview-demo:compileDebugJavaWithJavac
:tilesview-demo:compileDebugNdk UP-TO-DATE
:tilesview-demo:compileDebugSources
:tilesview-demo:preDexDebug
:tilesview-demo:dexDebug
:tilesview-demo:validateDebugSigning
:tilesview-demo:packageDebug
:tilesview-demo:zipalignDebug
:tilesview-demo:assembleDebug
:tilesview-demo:checkReleaseManifest
:tilesview-demo:prepareReleaseDependencies
:tilesview-demo:compileReleaseAidl
:tilesview-demo:compileReleaseRenderscript
:tilesview-demo:generateReleaseBuildConfig
:tilesview-demo:generateReleaseAssets UP-TO-DATE
:tilesview-demo:mergeReleaseAssets
:tilesview-demo:generateReleaseResValues
:tilesview-demo:generateReleaseResources
:tilesview-demo:mergeReleaseResources
:tilesview-demo:processReleaseManifest
:tilesview-demo:processReleaseResources
:tilesview-demo:generateReleaseSources
:tilesview-demo:processReleaseJavaRes UP-TO-DATE
:tilesview-demo:compileReleaseJavaWithJavac
:tilesview-demo:compileReleaseNdk UP-TO-DATE
:tilesview-demo:compileReleaseSources
:tilesview-demo:preDexRelease
:tilesview-demo:dexRelease
:tilesview-demo:validateReleaseSigning
:tilesview-demo:packageRelease FAILED

FAILURE: Build failed with an exception.

* What went wrong:
Execution failed for task ':tilesview-demo:packageRelease'.
> Failed to read key tilesview from store "/private/var/folders/bq/vtzpc5ns5sg2cthy61lqpg3dfzgbys/T/1541939537024-0/src/tilesview-demo/keystore": Keystore was tampered with, or password was incorrect

* Try:
Run with --info or --debug option to get more log output.

* Exception is:
org.gradle.api.tasks.TaskExecutionException: Execution failed for task ':tilesview-demo:packageRelease'.
	at org.gradle.api.internal.tasks.execution.ExecuteActionsTaskExecuter.executeActions(ExecuteActionsTaskExecuter.java:69)
	at org.gradle.api.internal.tasks.execution.ExecuteActionsTaskExecuter.execute(ExecuteActionsTaskExecuter.java:46)
	at org.gradle.api.internal.tasks.execution.PostExecutionAnalysisTaskExecuter.execute(PostExecutionAnalysisTaskExecuter.java:35)
	at org.gradle.api.internal.tasks.execution.SkipUpToDateTaskExecuter.execute(SkipUpToDateTaskExecuter.java:64)
	at org.gradle.api.internal.tasks.execution.ValidatingTaskExecuter.execute(ValidatingTaskExecuter.java:58)
	at org.gradle.api.internal.tasks.execution.SkipEmptySourceFilesTaskExecuter.execute(SkipEmptySourceFilesTaskExecuter.java:52)
	at org.gradle.api.internal.tasks.execution.SkipTaskWithNoActionsExecuter.execute(SkipTaskWithNoActionsExecuter.java:52)
	at org.gradle.api.internal.tasks.execution.SkipOnlyIfTaskExecuter.execute(SkipOnlyIfTaskExecuter.java:53)
	at org.gradle.api.internal.tasks.execution.ExecuteAtMostOnceTaskExecuter.execute(ExecuteAtMostOnceTaskExecuter.java:43)
	at org.gradle.execution.taskgraph.DefaultTaskGraphExecuter$EventFiringTaskWorker.execute(DefaultTaskGraphExecuter.java:203)
	at org.gradle.execution.taskgraph.DefaultTaskGraphExecuter$EventFiringTaskWorker.execute(DefaultTaskGraphExecuter.java:185)
	at org.gradle.execution.taskgraph.AbstractTaskPlanExecutor$TaskExecutorWorker.processTask(AbstractTaskPlanExecutor.java:62)
	at org.gradle.execution.taskgraph.AbstractTaskPlanExecutor$TaskExecutorWorker.run(AbstractTaskPlanExecutor.java:50)
	at org.gradle.execution.taskgraph.DefaultTaskPlanExecutor.process(DefaultTaskPlanExecutor.java:25)
	at org.gradle.execution.taskgraph.DefaultTaskGraphExecuter.execute(DefaultTaskGraphExecuter.java:110)
	at org.gradle.execution.SelectedTaskExecutionAction.execute(SelectedTaskExecutionAction.java:37)
	at org.gradle.execution.DefaultBuildExecuter.execute(DefaultBuildExecuter.java:37)
	at org.gradle.execution.DefaultBuildExecuter.access$000(DefaultBuildExecuter.java:23)
	at org.gradle.execution.DefaultBuildExecuter$1.proceed(DefaultBuildExecuter.java:43)
	at org.gradle.execution.DryRunBuildExecutionAction.execute(DryRunBuildExecutionAction.java:32)
	at org.gradle.execution.DefaultBuildExecuter.execute(DefaultBuildExecuter.java:37)
	at org.gradle.execution.DefaultBuildExecuter.execute(DefaultBuildExecuter.java:30)
	at org.gradle.initialization.DefaultGradleLauncher$4.run(DefaultGradleLauncher.java:155)
	at org.gradle.internal.Factories$1.create(Factories.java:22)
	at org.gradle.internal.progress.DefaultBuildOperationExecutor.run(DefaultBuildOperationExecutor.java:90)
	at org.gradle.internal.progress.DefaultBuildOperationExecutor.run(DefaultBuildOperationExecutor.java:52)
	at org.gradle.initialization.DefaultGradleLauncher.doBuildStages(DefaultGradleLauncher.java:152)
	at org.gradle.initialization.DefaultGradleLauncher.access$200(DefaultGradleLauncher.java:33)
	at org.gradle.initialization.DefaultGradleLauncher$1.create(DefaultGradleLauncher.java:100)
	at org.gradle.initialization.DefaultGradleLauncher$1.create(DefaultGradleLauncher.java:94)
	at org.gradle.internal.progress.DefaultBuildOperationExecutor.run(DefaultBuildOperationExecutor.java:90)
	at org.gradle.internal.progress.DefaultBuildOperationExecutor.run(DefaultBuildOperationExecutor.java:62)
	at org.gradle.initialization.DefaultGradleLauncher.doBuild(DefaultGradleLauncher.java:94)
	at org.gradle.initialization.DefaultGradleLauncher.run(DefaultGradleLauncher.java:83)
	at org.gradle.launcher.exec.InProcessBuildActionExecuter$DefaultBuildController.run(InProcessBuildActionExecuter.java:94)
	at org.gradle.tooling.internal.provider.ExecuteBuildActionRunner.run(ExecuteBuildActionRunner.java:28)
	at org.gradle.launcher.exec.ChainingBuildActionRunner.run(ChainingBuildActionRunner.java:35)
	at org.gradle.launcher.exec.InProcessBuildActionExecuter.execute(InProcessBuildActionExecuter.java:43)
	at org.gradle.launcher.exec.InProcessBuildActionExecuter.execute(InProcessBuildActionExecuter.java:28)
	at org.gradle.launcher.exec.ContinuousBuildActionExecuter.execute(ContinuousBuildActionExecuter.java:77)
	at org.gradle.launcher.exec.ContinuousBuildActionExecuter.execute(ContinuousBuildActionExecuter.java:47)
	at org.gradle.launcher.exec.DaemonUsageSuggestingBuildActionExecuter.execute(DaemonUsageSuggestingBuildActionExecuter.java:51)
	at org.gradle.launcher.exec.DaemonUsageSuggestingBuildActionExecuter.execute(DaemonUsageSuggestingBuildActionExecuter.java:28)
	at org.gradle.launcher.cli.RunBuildAction.run(RunBuildAction.java:43)
	at org.gradle.internal.Actions$RunnableActionAdapter.execute(Actions.java:170)
	at org.gradle.launcher.cli.CommandLineActionFactory$ParseAndBuildAction.execute(CommandLineActionFactory.java:237)
	at org.gradle.launcher.cli.CommandLineActionFactory$ParseAndBuildAction.execute(CommandLineActionFactory.java:210)
	at org.gradle.launcher.cli.JavaRuntimeValidationAction.execute(JavaRuntimeValidationAction.java:35)
	at org.gradle.launcher.cli.JavaRuntimeValidationAction.execute(JavaRuntimeValidationAction.java:24)
	at org.gradle.launcher.cli.CommandLineActionFactory$WithLogging.execute(CommandLineActionFactory.java:206)
	at org.gradle.launcher.cli.CommandLineActionFactory$WithLogging.execute(CommandLineActionFactory.java:169)
	at org.gradle.launcher.cli.ExceptionReportingAction.execute(ExceptionReportingAction.java:33)
	at org.gradle.launcher.cli.ExceptionReportingAction.execute(ExceptionReportingAction.java:22)
	at org.gradle.launcher.Main.doAction(Main.java:33)
	at org.gradle.launcher.bootstrap.EntryPoint.run(EntryPoint.java:45)
	at org.gradle.launcher.bootstrap.ProcessBootstrap.runNoExit(ProcessBootstrap.java:54)
	at org.gradle.launcher.bootstrap.ProcessBootstrap.run(ProcessBootstrap.java:35)
	at org.gradle.launcher.GradleMain.main(GradleMain.java:23)
	at org.gradle.wrapper.BootstrapMainStarter.start(BootstrapMainStarter.java:33)
	at org.gradle.wrapper.WrapperExecutor.execute(WrapperExecutor.java:130)
	at org.gradle.wrapper.GradleWrapperMain.main(GradleWrapperMain.java:48)
Caused by: org.gradle.tooling.BuildException: Failed to read key tilesview from store "/private/var/folders/bq/vtzpc5ns5sg2cthy61lqpg3dfzgbys/T/1541939537024-0/src/tilesview-demo/keystore": Keystore was tampered with, or password was incorrect
	at com.android.build.gradle.tasks.PackageApplication.doFullTaskAction(PackageApplication.java:226)
	at com.android.build.gradle.internal.tasks.IncrementalTask.taskAction(IncrementalTask.java:79)
	at org.gradle.internal.reflect.JavaMethod.invoke(JavaMethod.java:75)
	at org.gradle.api.internal.project.taskfactory.AnnotationProcessingTaskFactory$IncrementalTaskAction.doExecute(AnnotationProcessingTaskFactory.java:243)
	at org.gradle.api.internal.project.taskfactory.AnnotationProcessingTaskFactory$StandardTaskAction.execute(AnnotationProcessingTaskFactory.java:219)
	at org.gradle.api.internal.project.taskfactory.AnnotationProcessingTaskFactory$IncrementalTaskAction.execute(AnnotationProcessingTaskFactory.java:230)
	at org.gradle.api.internal.project.taskfactory.AnnotationProcessingTaskFactory$StandardTaskAction.execute(AnnotationProcessingTaskFactory.java:208)
	at org.gradle.api.internal.tasks.execution.ExecuteActionsTaskExecuter.executeAction(ExecuteActionsTaskExecuter.java:80)
	at org.gradle.api.internal.tasks.execution.ExecuteActionsTaskExecuter.executeActions(ExecuteActionsTaskExecuter.java:61)
	... 60 more
Caused by: com.android.ide.common.signing.KeytoolException: Failed to read key tilesview from store "/private/var/folders/bq/vtzpc5ns5sg2cthy61lqpg3dfzgbys/T/1541939537024-0/src/tilesview-demo/keystore": Keystore was tampered with, or password was incorrect
	at com.android.ide.common.signing.KeystoreHelper.getCertificateInfo(KeystoreHelper.java:229)
	at com.android.builder.core.AndroidBuilder.packageApk(AndroidBuilder.java:1771)
	at com.android.build.gradle.tasks.PackageApplication.doFullTaskAction(PackageApplication.java:206)
	... 68 more
Caused by: java.io.IOException: Keystore was tampered with, or password was incorrect
	at com.android.ide.common.signing.KeystoreHelper.getCertificateInfo(KeystoreHelper.java:214)
	... 70 more
Caused by: java.security.UnrecoverableKeyException: Password verification failed
	... 71 more


BUILD FAILED

Total time: 23.09 secs

2018-11-11 19:35:19,136 INFO  FullProcessService - Found APK file: /var/folders/bq/vtzpc5ns5sg2cthy61lqpg3dfzgbys/T/1541939537024-0/src/tilesview-demo/build/outputs/apk/tilesview-demo-debug-unaligned.apk
