2018-11-11 17:53:39,287 INFO  DownloadService - Downloading "https://github.com/nillith/AutoVersion/archive/master.zip", attempt 3
2018-11-11 17:53:39,994 INFO  DownloadService - Downloaded https://github.com/nillith/AutoVersion/archive/master.zip, attempt 3
2018-11-11 17:53:39,994 INFO  DownloadService - Size of file "/var/folders/bq/vtzpc5ns5sg2cthy61lqpg3dfzgbys/T/1541933619282-0/master.zip": 109 KB
2018-11-11 17:53:39,994 INFO  ArchiveUtils - Checking entries [.gradle] in ZIP file...
2018-11-11 17:53:39,995 INFO  ArchiveUtils - Has entries [.gradle] in ZIP file /var/folders/bq/vtzpc5ns5sg2cthy61lqpg3dfzgbys/T/1541933619282-0/master.zip: true
2018-11-11 17:53:39,995 DEBUG ZipUtil - Extracting '/var/folders/bq/vtzpc5ns5sg2cthy61lqpg3dfzgbys/T/1541933619282-0/master.zip' into '/var/folders/bq/vtzpc5ns5sg2cthy61lqpg3dfzgbys/T/1541933619282-0/src'.
2018-11-11 17:53:40,038 INFO  FullProcessService - Size of directory with sources: 120 KB
2018-11-11 17:53:40,038 INFO  SysUtils - Execute command: [git, init, /var/folders/bq/vtzpc5ns5sg2cthy61lqpg3dfzgbys/T/1541933619282-0/src]
2018-11-11 17:53:40,090 INFO  SysUtils - Initialized empty Git repository in /private/var/folders/bq/vtzpc5ns5sg2cthy61lqpg3dfzgbys/T/1541933619282-0/src/.git/

2018-11-11 17:53:40,097 INFO  ProjectBuildService - Gradle wrapper(s): /var/folders/bq/vtzpc5ns5sg2cthy61lqpg3dfzgbys/T/1541933619282-0/src/AutoVersion-master/gradlew
2018-11-11 17:53:40,109 INFO  ProjectBuildService - Build script(s): /var/folders/bq/vtzpc5ns5sg2cthy61lqpg3dfzgbys/T/1541933619282-0/src/AutoVersion-master/demo/build.gradle /var/folders/bq/vtzpc5ns5sg2cthy61lqpg3dfzgbys/T/1541933619282-0/src/AutoVersion-master/build.gradle /var/folders/bq/vtzpc5ns5sg2cthy61lqpg3dfzgbys/T/1541933619282-0/src/AutoVersion-master/autoversion/build.gradle
2018-11-11 17:53:40,117 INFO  ProjectBuildService - All script(s): /var/folders/bq/vtzpc5ns5sg2cthy61lqpg3dfzgbys/T/1541933619282-0/src/AutoVersion-master/demo/build.gradle /var/folders/bq/vtzpc5ns5sg2cthy61lqpg3dfzgbys/T/1541933619282-0/src/AutoVersion-master/install.gradle /var/folders/bq/vtzpc5ns5sg2cthy61lqpg3dfzgbys/T/1541933619282-0/src/AutoVersion-master/bintray.gradle /var/folders/bq/vtzpc5ns5sg2cthy61lqpg3dfzgbys/T/1541933619282-0/src/AutoVersion-master/build.gradle /var/folders/bq/vtzpc5ns5sg2cthy61lqpg3dfzgbys/T/1541933619282-0/src/AutoVersion-master/autoversion/build.gradle /var/folders/bq/vtzpc5ns5sg2cthy61lqpg3dfzgbys/T/1541933619282-0/src/AutoVersion-master/settings.gradle
2018-11-11 17:53:40,118 INFO  ProjectBuildService - Remote scripts: none
2018-11-11 17:53:40,118 INFO  ProjectFixService - Fixing project...
2018-11-11 17:53:40,139 INFO  LocalPropertiesFixService - Created fake /var/folders/bq/vtzpc5ns5sg2cthy61lqpg3dfzgbys/T/1541933619282-0/src/AutoVersion-master/demo/local.properties
2018-11-11 17:53:40,140 INFO  ProjectFixService - Build info for "/var/folders/bq/vtzpc5ns5sg2cthy61lqpg3dfzgbys/T/1541933619282-0/src/AutoVersion-master/demo/build.gradle": [buildToolsVersion=23.0.3,compileSdkVersion=23,minSdkVersion=16,targetSdkVersion=23]
2018-11-11 17:53:40,141 INFO  LocalPropertiesFixService - Created fake /var/folders/bq/vtzpc5ns5sg2cthy61lqpg3dfzgbys/T/1541933619282-0/src/AutoVersion-master/local.properties
2018-11-11 17:53:40,141 INFO  WrapperPropertiesFixService - Gradle wrapper: https://services.gradle.org/distributions/gradle-2.10-all.zip
2018-11-11 17:53:40,142 INFO  WrapperPropertiesFixService - Gradle wrapper was changed from "-all.zip" to "-bin.zip" (https://services.gradle.org/distributions/gradle-2.10-bin.zip)
2018-11-11 17:53:40,144 INFO  ProjectFixService - Build info for "/var/folders/bq/vtzpc5ns5sg2cthy61lqpg3dfzgbys/T/1541933619282-0/src/AutoVersion-master/build.gradle": [buildToolsVersion=23.0.3,compileSdkVersion=23,minSdkVersion=16,targetSdkVersion=23]
2018-11-11 17:53:40,145 INFO  LocalPropertiesFixService - Created fake /var/folders/bq/vtzpc5ns5sg2cthy61lqpg3dfzgbys/T/1541933619282-0/src/AutoVersion-master/autoversion/local.properties
2018-11-11 17:53:40,147 INFO  ProjectFixService - Build info for "/var/folders/bq/vtzpc5ns5sg2cthy61lqpg3dfzgbys/T/1541933619282-0/src/AutoVersion-master/autoversion/build.gradle": [buildToolsVersion=23.0.3,compileSdkVersion=23,minSdkVersion=16,targetSdkVersion=23]
2018-11-11 17:53:40,147 INFO  ProjectFixService - Project was maybe fixed
2018-11-11 17:53:40,148 INFO  ProjectTaskService - Detecting possible tasks...
2018-11-11 17:53:40,148 INFO  SysUtils - Execute command: [/var/folders/bq/vtzpc5ns5sg2cthy61lqpg3dfzgbys/T/1541933619282-0/src/AutoVersion-master/gradlew, -b, /var/folders/bq/vtzpc5ns5sg2cthy61lqpg3dfzgbys/T/1541933619282-0/src/AutoVersion-master/demo/build.gradle, -Dorg.gradle.daemon=false, -Dorg.gradle.daemon.performance.enable-monitoring=false, -Dorg.gradle.configureondemand=true, tasks]
2018-11-11 17:54:06,023 INFO  ProjectTaskService - Detected possible tasks: 72
2018-11-11 17:54:06,025 INFO  ProjectTaskService - Excluded tasks (19): lintDebug mockableAndroidJar deviceCheck lint testReleaseUnitTest uninstallRelease deviceAndroidTest uninstallDebugAndroidTest installDebugAndroidTest connectedCheck connectedDebugAndroidTest uninstallAll test check testDebugUnitTest connectedAndroidTest installDebug lintRelease uninstallDebug
2018-11-11 17:54:06,025 INFO  SysUtils - Execute command: [/var/folders/bq/vtzpc5ns5sg2cthy61lqpg3dfzgbys/T/1541933619282-0/src/AutoVersion-master/gradlew, -b, /var/folders/bq/vtzpc5ns5sg2cthy61lqpg3dfzgbys/T/1541933619282-0/src/AutoVersion-master/demo/build.gradle, -Dorg.gradle.daemon=false, -Dorg.gradle.daemon.performance.enable-monitoring=false, -Dorg.gradle.configureondemand=true, --stacktrace, -x, lintDebug, -x, mockableAndroidJar, -x, deviceCheck, -x, lint, -x, testReleaseUnitTest, -x, uninstallRelease, -x, deviceAndroidTest, -x, uninstallDebugAndroidTest, -x, installDebugAndroidTest, -x, connectedCheck, -x, connectedDebugAndroidTest, -x, uninstallAll, -x, test, -x, check, -x, testDebugUnitTest, -x, connectedAndroidTest, -x, installDebug, -x, lintRelease, -x, uninstallDebug, build]
2018-11-11 17:54:23,313 ERROR SysUtils - Could not process external command
org.apache.commons.exec.ExecuteException: Process exited with an error: 1 (Exit value: 1)
	at org.apache.commons.exec.DefaultExecutor.executeInternal(DefaultExecutor.java:404)
	at org.apache.commons.exec.DefaultExecutor.execute(DefaultExecutor.java:166)
	at com.github.vbauer.apkmaster.util.SysUtils.execute(SysUtils.java:67)
	at com.github.vbauer.apkmaster.util.SysUtils.executeSimple(SysUtils.java:43)
	at com.github.vbauer.apkmaster.service.assembly.ProjectBuildService.buildProject(ProjectBuildService.java:78)
	at com.github.vbauer.apkmaster.service.assembly.ProjectBuildService.buildProject(ProjectBuildService.java:64)
	at com.github.vbauer.apkmaster.service.assembly.ProjectBuildService.buildProject(ProjectBuildService.java:43)
	at com.github.vbauer.apkmaster.service.FullProcessService.build(FullProcessService.java:84)
	at com.github.vbauer.apkmaster.service.FullProcessService.process(FullProcessService.java:34)
	at com.github.vbauer.apkmaster.app.MainApplication.process(MainApplication.java:38)
	at com.github.vbauer.apkmaster.app.MainApplication.main(MainApplication.java:20)
	at sun.reflect.GeneratedMethodAccessor9.invoke(Unknown Source)
	at sun.reflect.DelegatingMethodAccessorImpl.invoke(DelegatingMethodAccessorImpl.java:43)
	at java.lang.reflect.Method.invoke(Method.java:498)
	at com.android.arsenal.util.ReflectionUtils.invoke(ReflectionUtils.java:52)
	at com.android.arsenal.util.ApkMasterUtils.main(ApkMasterUtils.java:30)
	at com.android.arsenal.service.processor.impl.BuildProcessorServiceImpl.buildProject(BuildProcessorServiceImpl.java:196)
	at com.android.arsenal.service.processor.impl.BuildProcessorServiceImpl.build(BuildProcessorServiceImpl.java:130)
	at com.android.arsenal.service.processor.impl.BuildProcessorServiceImpl.lambda$createTasks$1(BuildProcessorServiceImpl.java:113)
	at java.util.concurrent.FutureTask.run(FutureTask.java:266)
	at java.util.concurrent.Executors$RunnableAdapter.call(Executors.java:511)
	at java.util.concurrent.FutureTask.run(FutureTask.java:266)
	at java.util.concurrent.ThreadPoolExecutor.runWorker(ThreadPoolExecutor.java:1149)
	at java.util.concurrent.ThreadPoolExecutor$Worker.run(ThreadPoolExecutor.java:624)
	at java.lang.Thread.run(Thread.java:748)
2018-11-11 17:54:23,314 INFO  SysUtils - Configuration on demand is an incubating feature.
AutoVersion:versionCode: 508
AutoVersion:versionName: 1.0.0.508
Incremental java compilation is an incubating feature.
:autoversion:compileJava UP-TO-DATE
:autoversion:compileGroovy
:autoversion:processResources
:autoversion:classes
:autoversion:jar
:demo:preBuild UP-TO-DATE
:demo:preDebugBuild UP-TO-DATE
:demo:checkDebugManifest
:demo:preReleaseBuild UP-TO-DATE
:demo:prepareComAndroidSupportAnimatedVectorDrawable2330Library
:demo:prepareComAndroidSupportAppcompatV72330Library
:demo:prepareComAndroidSupportSupportV42330Library
:demo:prepareComAndroidSupportSupportVectorDrawable2330Library
:demo:prepareDebugDependencies
:demo:compileDebugAidl
:demo:compileDebugRenderscript
:demo:generateDebugBuildConfig
:demo:mergeDebugShaders
:demo:compileDebugShaders
:demo:generateDebugAssets
:demo:mergeDebugAssets
:demo:generateDebugResValues
:demo:generateDebugResources
:demo:mergeDebugResources
:demo:processDebugManifest
:demo:processDebugResources
:demo:generateDebugSources
:demo:incrementalDebugJavaCompilationSafeguard
:demo:compileDebugJavaWithJavac
:demo:compileDebugJavaWithJavac - is not incremental (e.g. outputs have changed, no previous execution, etc.).
:demo:compileDebugNdk UP-TO-DATE
:demo:compileDebugSources
:demo:prePackageMarkerForDebug
:demo:transformClassesWithDexForDebugDex: Error converting bytecode to dex:
Cause: Dex cannot parse version 52 byte code.
This is caused by library dependencies that have been compiled using Java 8 or above.
If you are using the 'java' gradle plugin in a library submodule add 
targetCompatibility = '1.7'
sourceCompatibility = '1.7'
to that submodule's build.gradle file.
    UNEXPECTED TOP-LEVEL EXCEPTION:
    java.lang.RuntimeException: Exception parsing classes
    	at com.android.dx.command.dexer.Main.processClass(Main.java:761)
    	at com.android.dx.command.dexer.Main.processFileBytes(Main.java:727)
    	at com.android.dx.command.dexer.Main.access$1200(Main.java:87)
    	at com.android.dx.command.dexer.Main$FileBytesConsumer.processFileBytes(Main.java:1655)
    	at com.android.dx.cf.direct.ClassPathOpener.processArchive(ClassPathOpener.java:284)
    	at com.android.dx.cf.direct.ClassPathOpener.processOne(ClassPathOpener.java:166)
    	at com.android.dx.cf.direct.ClassPathOpener.process(ClassPathOpener.java:144)
    	at com.android.dx.command.dexer.Main.processOne(Main.java:681)
    	at com.android.dx.command.dexer.Main.processAllFiles(Main.java:578)
    	at com.android.dx.command.dexer.Main.runMonoDex(Main.java:315)
    	at com.android.dx.command.dexer.Main.run(Main.java:286)
    	at com.android.builder.internal.compiler.DexWrapper.run(DexWrapper.java:52)
    	at com.android.builder.core.AndroidBuilder$2.call(AndroidBuilder.java:1511)
    	at com.android.builder.core.AndroidBuilder$2.call(AndroidBuilder.java:1507)
    	at java.util.concurrent.FutureTask.run(FutureTask.java:266)
    	at java.util.concurrent.ThreadPoolExecutor.runWorker(ThreadPoolExecutor.java:1149)
    	at java.util.concurrent.ThreadPoolExecutor$Worker.run(ThreadPoolExecutor.java:624)
    	at java.lang.Thread.run(Thread.java:748)
    Caused by: com.android.dx.cf.iface.ParseException: bad class file magic (cafebabe) or version (0034.0000)
    	at com.android.dx.cf.direct.DirectClassFile.parse0(DirectClassFile.java:472)
    	at com.android.dx.cf.direct.DirectClassFile.parse(DirectClassFile.java:406)
    	at com.android.dx.cf.direct.DirectClassFile.parseToInterfacesIfNecessary(DirectClassFile.java:388)
    	at com.android.dx.cf.direct.DirectClassFile.getMagic(DirectClassFile.java:251)
    	at com.android.dx.command.dexer.Main.parseClass(Main.java:773)
    	at com.android.dx.command.dexer.Main.access$1600(Main.java:87)
    	at com.android.dx.command.dexer.Main$ClassParserTask.call(Main.java:1694)
    	at com.android.dx.command.dexer.Main.processClass(Main.java:758)
    	... 17 more
    
1 error; aborting
 FAILED

FAILURE: Build failed with an exception.

* What went wrong:
Execution failed for task ':demo:transformClassesWithDexForDebug'.
> com.android.build.api.transform.TransformException: java.lang.RuntimeException: com.android.ide.common.process.ProcessException: java.util.concurrent.ExecutionException: com.android.ide.common.process.ProcessException: Return code 1 for dex process

* Try:
Run with --info or --debug option to get more log output.

* Exception is:
org.gradle.api.tasks.TaskExecutionException: Execution failed for task ':demo:transformClassesWithDexForDebug'.
	at org.gradle.api.internal.tasks.execution.ExecuteActionsTaskExecuter.executeActions(ExecuteActionsTaskExecuter.java:69)
	at org.gradle.api.internal.tasks.execution.ExecuteActionsTaskExecuter.execute(ExecuteActionsTaskExecuter.java:46)
	at org.gradle.api.internal.tasks.execution.PostExecutionAnalysisTaskExecuter.execute(PostExecutionAnalysisTaskExecuter.java:35)
	at org.gradle.api.internal.tasks.execution.SkipUpToDateTaskExecuter.execute(SkipUpToDateTaskExecuter.java:64)
	at org.gradle.api.internal.tasks.execution.ValidatingTaskExecuter.execute(ValidatingTaskExecuter.java:58)
	at org.gradle.api.internal.tasks.execution.SkipEmptySourceFilesTaskExecuter.execute(SkipEmptySourceFilesTaskExecuter.java:52)
	at org.gradle.api.internal.tasks.execution.SkipTaskWithNoActionsExecuter.execute(SkipTaskWithNoActionsExecuter.java:52)
	at org.gradle.api.internal.tasks.execution.SkipOnlyIfTaskExecuter.execute(SkipOnlyIfTaskExecuter.java:53)
	at org.gradle.api.internal.tasks.execution.ExecuteAtMostOnceTaskExecuter.execute(ExecuteAtMostOnceTaskExecuter.java:43)
	at org.gradle.execution.taskgraph.DefaultTaskGraphExecuter$EventFiringTaskWorker.execute(DefaultTaskGraphExecuter.java:203)
	at org.gradle.execution.taskgraph.DefaultTaskGraphExecuter$EventFiringTaskWorker.execute(DefaultTaskGraphExecuter.java:185)
	at org.gradle.execution.taskgraph.AbstractTaskPlanExecutor$TaskExecutorWorker.processTask(AbstractTaskPlanExecutor.java:66)
	at org.gradle.execution.taskgraph.AbstractTaskPlanExecutor$TaskExecutorWorker.run(AbstractTaskPlanExecutor.java:50)
	at org.gradle.execution.taskgraph.DefaultTaskPlanExecutor.process(DefaultTaskPlanExecutor.java:25)
	at org.gradle.execution.taskgraph.DefaultTaskGraphExecuter.execute(DefaultTaskGraphExecuter.java:110)
	at org.gradle.execution.SelectedTaskExecutionAction.execute(SelectedTaskExecutionAction.java:37)
	at org.gradle.execution.DefaultBuildExecuter.execute(DefaultBuildExecuter.java:37)
	at org.gradle.execution.DefaultBuildExecuter.access$000(DefaultBuildExecuter.java:23)
	at org.gradle.execution.DefaultBuildExecuter$1.proceed(DefaultBuildExecuter.java:43)
	at org.gradle.execution.DryRunBuildExecutionAction.execute(DryRunBuildExecutionAction.java:32)
	at org.gradle.execution.DefaultBuildExecuter.execute(DefaultBuildExecuter.java:37)
	at org.gradle.execution.DefaultBuildExecuter.execute(DefaultBuildExecuter.java:30)
	at org.gradle.initialization.DefaultGradleLauncher$4.run(DefaultGradleLauncher.java:154)
	at org.gradle.internal.Factories$1.create(Factories.java:22)
	at org.gradle.internal.progress.DefaultBuildOperationExecutor.run(DefaultBuildOperationExecutor.java:90)
	at org.gradle.internal.progress.DefaultBuildOperationExecutor.run(DefaultBuildOperationExecutor.java:52)
	at org.gradle.initialization.DefaultGradleLauncher.doBuildStages(DefaultGradleLauncher.java:151)
	at org.gradle.initialization.DefaultGradleLauncher.access$200(DefaultGradleLauncher.java:32)
	at org.gradle.initialization.DefaultGradleLauncher$1.create(DefaultGradleLauncher.java:99)
	at org.gradle.initialization.DefaultGradleLauncher$1.create(DefaultGradleLauncher.java:93)
	at org.gradle.internal.progress.DefaultBuildOperationExecutor.run(DefaultBuildOperationExecutor.java:90)
	at org.gradle.internal.progress.DefaultBuildOperationExecutor.run(DefaultBuildOperationExecutor.java:62)
	at org.gradle.initialization.DefaultGradleLauncher.doBuild(DefaultGradleLauncher.java:93)
	at org.gradle.initialization.DefaultGradleLauncher.run(DefaultGradleLauncher.java:82)
	at org.gradle.launcher.exec.InProcessBuildActionExecuter$DefaultBuildController.run(InProcessBuildActionExecuter.java:94)
	at org.gradle.tooling.internal.provider.ExecuteBuildActionRunner.run(ExecuteBuildActionRunner.java:28)
	at org.gradle.launcher.exec.ChainingBuildActionRunner.run(ChainingBuildActionRunner.java:35)
	at org.gradle.launcher.exec.InProcessBuildActionExecuter.execute(InProcessBuildActionExecuter.java:43)
	at org.gradle.launcher.exec.InProcessBuildActionExecuter.execute(InProcessBuildActionExecuter.java:28)
	at org.gradle.launcher.exec.ContinuousBuildActionExecuter.execute(ContinuousBuildActionExecuter.java:78)
	at org.gradle.launcher.exec.ContinuousBuildActionExecuter.execute(ContinuousBuildActionExecuter.java:48)
	at org.gradle.launcher.exec.DaemonUsageSuggestingBuildActionExecuter.execute(DaemonUsageSuggestingBuildActionExecuter.java:51)
	at org.gradle.launcher.exec.DaemonUsageSuggestingBuildActionExecuter.execute(DaemonUsageSuggestingBuildActionExecuter.java:28)
	at org.gradle.launcher.cli.RunBuildAction.run(RunBuildAction.java:43)
	at org.gradle.internal.Actions$RunnableActionAdapter.execute(Actions.java:170)
	at org.gradle.launcher.cli.CommandLineActionFactory$ParseAndBuildAction.execute(CommandLineActionFactory.java:237)
	at org.gradle.launcher.cli.CommandLineActionFactory$ParseAndBuildAction.execute(CommandLineActionFactory.java:210)
	at org.gradle.launcher.cli.JavaRuntimeValidationAction.execute(JavaRuntimeValidationAction.java:35)
	at org.gradle.launcher.cli.JavaRuntimeValidationAction.execute(JavaRuntimeValidationAction.java:24)
	at org.gradle.launcher.cli.CommandLineActionFactory$WithLogging.execute(CommandLineActionFactory.java:206)
	at org.gradle.launcher.cli.CommandLineActionFactory$WithLogging.execute(CommandLineActionFactory.java:169)
	at org.gradle.launcher.cli.ExceptionReportingAction.execute(ExceptionReportingAction.java:33)
	at org.gradle.launcher.cli.ExceptionReportingAction.execute(ExceptionReportingAction.java:22)
	at org.gradle.launcher.Main.doAction(Main.java:33)
	at org.gradle.launcher.bootstrap.EntryPoint.run(EntryPoint.java:45)
	at org.gradle.launcher.bootstrap.ProcessBootstrap.runNoExit(ProcessBootstrap.java:54)
	at org.gradle.launcher.bootstrap.ProcessBootstrap.run(ProcessBootstrap.java:35)
	at org.gradle.launcher.GradleMain.main(GradleMain.java:23)
	at org.gradle.wrapper.BootstrapMainStarter.start(BootstrapMainStarter.java:30)
	at org.gradle.wrapper.WrapperExecutor.execute(WrapperExecutor.java:129)
	at org.gradle.wrapper.GradleWrapperMain.main(GradleWrapperMain.java:61)
Caused by: java.lang.RuntimeException: com.android.build.api.transform.TransformException: java.lang.RuntimeException: com.android.ide.common.process.ProcessException: java.util.concurrent.ExecutionException: com.android.ide.common.process.ProcessException: Return code 1 for dex process
	at com.android.builder.profile.Recorder$Block.handleException(Recorder.java:54)
	at com.android.builder.profile.ThreadRecorder$1.record(ThreadRecorder.java:57)
	at com.android.builder.profile.ThreadRecorder$1.record(ThreadRecorder.java:47)
	at com.android.build.gradle.internal.pipeline.TransformTask.transform(TransformTask.java:173)
	at org.gradle.internal.reflect.JavaMethod.invoke(JavaMethod.java:75)
	at org.gradle.api.internal.project.taskfactory.AnnotationProcessingTaskFactory$IncrementalTaskAction.doExecute(AnnotationProcessingTaskFactory.java:244)
	at org.gradle.api.internal.project.taskfactory.AnnotationProcessingTaskFactory$StandardTaskAction.execute(AnnotationProcessingTaskFactory.java:220)
	at org.gradle.api.internal.project.taskfactory.AnnotationProcessingTaskFactory$IncrementalTaskAction.execute(AnnotationProcessingTaskFactory.java:231)
	at org.gradle.api.internal.project.taskfactory.AnnotationProcessingTaskFactory$StandardTaskAction.execute(AnnotationProcessingTaskFactory.java:209)
	at org.gradle.api.internal.tasks.execution.ExecuteActionsTaskExecuter.executeAction(ExecuteActionsTaskExecuter.java:80)
	at org.gradle.api.internal.tasks.execution.ExecuteActionsTaskExecuter.executeActions(ExecuteActionsTaskExecuter.java:61)
	... 60 more
Caused by: com.android.build.api.transform.TransformException: java.lang.RuntimeException: com.android.ide.common.process.ProcessException: java.util.concurrent.ExecutionException: com.android.ide.common.process.ProcessException: Return code 1 for dex process
	at com.android.build.gradle.internal.transforms.DexTransform.transform(DexTransform.java:423)
	at com.android.build.gradle.internal.pipeline.TransformTask$3.call(TransformTask.java:178)
	at com.android.build.gradle.internal.pipeline.TransformTask$3.call(TransformTask.java:174)
	at com.android.builder.profile.ThreadRecorder$1.record(ThreadRecorder.java:55)
	... 69 more
Caused by: java.lang.RuntimeException: com.android.ide.common.process.ProcessException: java.util.concurrent.ExecutionException: com.android.ide.common.process.ProcessException: Return code 1 for dex process
	at com.android.ide.common.internal.WaitableExecutor.waitForTasksWithQuickFail(WaitableExecutor.java:119)
	at com.android.build.gradle.internal.transforms.DexTransform.transform(DexTransform.java:364)
	... 72 more
Caused by: com.android.ide.common.process.ProcessException: java.util.concurrent.ExecutionException: com.android.ide.common.process.ProcessException: Return code 1 for dex process
	at com.android.builder.core.AndroidBuilder.dexInProcess(AndroidBuilder.java:1518)
	at com.android.builder.core.AndroidBuilder.runDexer(AndroidBuilder.java:1493)
	at com.android.builder.core.AndroidBuilder.preDexLibraryNoCache(AndroidBuilder.java:1766)
	at com.android.builder.internal.compiler.PreDexCache.preDexLibrary(PreDexCache.java:119)
	at com.android.builder.core.AndroidBuilder.preDexLibrary(AndroidBuilder.java:1721)
	at com.android.build.gradle.internal.transforms.DexTransform$PreDexTask.call(DexTransform.java:473)
	at com.android.build.gradle.internal.transforms.DexTransform$PreDexTask.call(DexTransform.java:427)
Caused by: java.util.concurrent.ExecutionException: com.android.ide.common.process.ProcessException: Return code 1 for dex process
	at com.android.builder.core.AndroidBuilder.dexInProcess(AndroidBuilder.java:1507)
	... 6 more
Caused by: com.android.ide.common.process.ProcessException: Return code 1 for dex process
	at com.android.builder.internal.compiler.DexWrapper$DexProcessResult.assertNormalExitValue(DexWrapper.java:105)
	at com.android.builder.core.AndroidBuilder$2.call(AndroidBuilder.java:1512)
	at com.android.builder.core.AndroidBuilder$2.call(AndroidBuilder.java:1507)


BUILD FAILED

Total time: 16.596 secs

2018-11-11 17:54:23,376 INFO  ProjectTaskService - Detecting possible tasks...
2018-11-11 17:54:23,376 INFO  SysUtils - Execute command: [/var/folders/bq/vtzpc5ns5sg2cthy61lqpg3dfzgbys/T/1541933619282-0/src/AutoVersion-master/gradlew, -b, /var/folders/bq/vtzpc5ns5sg2cthy61lqpg3dfzgbys/T/1541933619282-0/src/AutoVersion-master/build.gradle, -Dorg.gradle.daemon=false, -Dorg.gradle.daemon.performance.enable-monitoring=false, -Dorg.gradle.configureondemand=true, tasks]
2018-11-11 17:54:33,095 INFO  ProjectTaskService - Detected possible tasks: 81
2018-11-11 17:54:33,096 INFO  ProjectTaskService - Excluded tasks (20): lintDebug mockableAndroidJar deviceCheck lint testReleaseUnitTest javadoc uninstallRelease deviceAndroidTest uninstallDebugAndroidTest installDebugAndroidTest connectedCheck connectedDebugAndroidTest uninstallAll test check testDebugUnitTest connectedAndroidTest installDebug lintRelease uninstallDebug
2018-11-11 17:54:33,096 INFO  SysUtils - Execute command: [/var/folders/bq/vtzpc5ns5sg2cthy61lqpg3dfzgbys/T/1541933619282-0/src/AutoVersion-master/gradlew, -b, /var/folders/bq/vtzpc5ns5sg2cthy61lqpg3dfzgbys/T/1541933619282-0/src/AutoVersion-master/build.gradle, -Dorg.gradle.daemon=false, -Dorg.gradle.daemon.performance.enable-monitoring=false, -Dorg.gradle.configureondemand=true, --stacktrace, -x, lintDebug, -x, mockableAndroidJar, -x, deviceCheck, -x, lint, -x, testReleaseUnitTest, -x, javadoc, -x, uninstallRelease, -x, deviceAndroidTest, -x, uninstallDebugAndroidTest, -x, installDebugAndroidTest, -x, connectedCheck, -x, connectedDebugAndroidTest, -x, uninstallAll, -x, test, -x, check, -x, testDebugUnitTest, -x, connectedAndroidTest, -x, installDebug, -x, lintRelease, -x, uninstallDebug, build]
2018-11-11 17:54:45,189 ERROR SysUtils - Could not process external command
org.apache.commons.exec.ExecuteException: Process exited with an error: 1 (Exit value: 1)
	at org.apache.commons.exec.DefaultExecutor.executeInternal(DefaultExecutor.java:404)
	at org.apache.commons.exec.DefaultExecutor.execute(DefaultExecutor.java:166)
	at com.github.vbauer.apkmaster.util.SysUtils.execute(SysUtils.java:67)
	at com.github.vbauer.apkmaster.util.SysUtils.executeSimple(SysUtils.java:43)
	at com.github.vbauer.apkmaster.service.assembly.ProjectBuildService.buildProject(ProjectBuildService.java:78)
	at com.github.vbauer.apkmaster.service.assembly.ProjectBuildService.buildProject(ProjectBuildService.java:64)
	at com.github.vbauer.apkmaster.service.assembly.ProjectBuildService.buildProject(ProjectBuildService.java:43)
	at com.github.vbauer.apkmaster.service.FullProcessService.build(FullProcessService.java:84)
	at com.github.vbauer.apkmaster.service.FullProcessService.process(FullProcessService.java:34)
	at com.github.vbauer.apkmaster.app.MainApplication.process(MainApplication.java:38)
	at com.github.vbauer.apkmaster.app.MainApplication.main(MainApplication.java:20)
	at sun.reflect.GeneratedMethodAccessor9.invoke(Unknown Source)
	at sun.reflect.DelegatingMethodAccessorImpl.invoke(DelegatingMethodAccessorImpl.java:43)
	at java.lang.reflect.Method.invoke(Method.java:498)
	at com.android.arsenal.util.ReflectionUtils.invoke(ReflectionUtils.java:52)
	at com.android.arsenal.util.ApkMasterUtils.main(ApkMasterUtils.java:30)
	at com.android.arsenal.service.processor.impl.BuildProcessorServiceImpl.buildProject(BuildProcessorServiceImpl.java:196)
	at com.android.arsenal.service.processor.impl.BuildProcessorServiceImpl.build(BuildProcessorServiceImpl.java:130)
	at com.android.arsenal.service.processor.impl.BuildProcessorServiceImpl.lambda$createTasks$1(BuildProcessorServiceImpl.java:113)
	at java.util.concurrent.FutureTask.run(FutureTask.java:266)
	at java.util.concurrent.Executors$RunnableAdapter.call(Executors.java:511)
	at java.util.concurrent.FutureTask.run(FutureTask.java:266)
	at java.util.concurrent.ThreadPoolExecutor.runWorker(ThreadPoolExecutor.java:1149)
	at java.util.concurrent.ThreadPoolExecutor$Worker.run(ThreadPoolExecutor.java:624)
	at java.lang.Thread.run(Thread.java:748)
2018-11-11 17:54:45,189 INFO  SysUtils - Configuration on demand is an incubating feature.
AutoVersion:versionCode: 508
AutoVersion:versionName: 1.0.0.508
Incremental java compilation is an incubating feature.
:autoversion:compileJava UP-TO-DATE
:autoversion:compileGroovy UP-TO-DATE
:autoversion:processResources UP-TO-DATE
:autoversion:classes UP-TO-DATE
:autoversion:jar UP-TO-DATE
:autoversion:javadocJar
:autoversion:sourcesJar
:autoversion:assemble
:autoversion:build
:demo:preBuild UP-TO-DATE
:demo:preDebugBuild UP-TO-DATE
:demo:checkDebugManifest
:demo:preReleaseBuild UP-TO-DATE
:demo:prepareComAndroidSupportAnimatedVectorDrawable2330Library UP-TO-DATE
:demo:prepareComAndroidSupportAppcompatV72330Library UP-TO-DATE
:demo:prepareComAndroidSupportSupportV42330Library UP-TO-DATE
:demo:prepareComAndroidSupportSupportVectorDrawable2330Library UP-TO-DATE
:demo:prepareDebugDependencies
:demo:compileDebugAidl UP-TO-DATE
:demo:compileDebugRenderscript UP-TO-DATE
:demo:generateDebugBuildConfig UP-TO-DATE
:demo:mergeDebugShaders UP-TO-DATE
:demo:compileDebugShaders UP-TO-DATE
:demo:generateDebugAssets UP-TO-DATE
:demo:mergeDebugAssets UP-TO-DATE
:demo:generateDebugResValues UP-TO-DATE
:demo:generateDebugResources UP-TO-DATE
:demo:mergeDebugResources UP-TO-DATE
:demo:processDebugManifest UP-TO-DATE
:demo:processDebugResources UP-TO-DATE
:demo:generateDebugSources UP-TO-DATE
:demo:incrementalDebugJavaCompilationSafeguard UP-TO-DATE
:demo:compileDebugJavaWithJavac UP-TO-DATE
:demo:compileDebugNdk UP-TO-DATE
:demo:compileDebugSources UP-TO-DATE
:demo:prePackageMarkerForDebug
:demo:transformClassesWithDexForDebugDex: Error converting bytecode to dex:
Cause: Dex cannot parse version 52 byte code.
This is caused by library dependencies that have been compiled using Java 8 or above.
If you are using the 'java' gradle plugin in a library submodule add 
targetCompatibility = '1.7'
sourceCompatibility = '1.7'
to that submodule's build.gradle file.
    UNEXPECTED TOP-LEVEL EXCEPTION:
    java.lang.RuntimeException: Exception parsing classes
    	at com.android.dx.command.dexer.Main.processClass(Main.java:761)
    	at com.android.dx.command.dexer.Main.processFileBytes(Main.java:727)
    	at com.android.dx.command.dexer.Main.access$1200(Main.java:87)
    	at com.android.dx.command.dexer.Main$FileBytesConsumer.processFileBytes(Main.java:1655)
    	at com.android.dx.cf.direct.ClassPathOpener.processArchive(ClassPathOpener.java:284)
    	at com.android.dx.cf.direct.ClassPathOpener.processOne(ClassPathOpener.java:166)
    	at com.android.dx.cf.direct.ClassPathOpener.process(ClassPathOpener.java:144)
    	at com.android.dx.command.dexer.Main.processOne(Main.java:681)
    	at com.android.dx.command.dexer.Main.processAllFiles(Main.java:578)
    	at com.android.dx.command.dexer.Main.runMonoDex(Main.java:315)
    	at com.android.dx.command.dexer.Main.run(Main.java:286)
    	at com.android.builder.internal.compiler.DexWrapper.run(DexWrapper.java:52)
    	at com.android.builder.core.AndroidBuilder$2.call(AndroidBuilder.java:1511)
    	at com.android.builder.core.AndroidBuilder$2.call(AndroidBuilder.java:1507)
    	at java.util.concurrent.FutureTask.run(FutureTask.java:266)
    	at java.util.concurrent.ThreadPoolExecutor.runWorker(ThreadPoolExecutor.java:1149)
    	at java.util.concurrent.ThreadPoolExecutor$Worker.run(ThreadPoolExecutor.java:624)
    	at java.lang.Thread.run(Thread.java:748)
    Caused by: com.android.dx.cf.iface.ParseException: bad class file magic (cafebabe) or version (0034.0000)
    	at com.android.dx.cf.direct.DirectClassFile.parse0(DirectClassFile.java:472)
    	at com.android.dx.cf.direct.DirectClassFile.parse(DirectClassFile.java:406)
    	at com.android.dx.cf.direct.DirectClassFile.parseToInterfacesIfNecessary(DirectClassFile.java:388)
    	at com.android.dx.cf.direct.DirectClassFile.getMagic(DirectClassFile.java:251)
    	at com.android.dx.command.dexer.Main.parseClass(Main.java:773)
    	at com.android.dx.command.dexer.Main.access$1600(Main.java:87)
    	at com.android.dx.command.dexer.Main$ClassParserTask.call(Main.java:1694)
    	at com.android.dx.command.dexer.Main.processClass(Main.java:758)
    	... 17 more
    
1 error; aborting
 FAILED

FAILURE: Build failed with an exception.

* What went wrong:
Execution failed for task ':demo:transformClassesWithDexForDebug'.
> com.android.build.api.transform.TransformException: java.lang.RuntimeException: com.android.ide.common.process.ProcessException: java.util.concurrent.ExecutionException: com.android.ide.common.process.ProcessException: Return code 1 for dex process

* Try:
Run with --info or --debug option to get more log output.

* Exception is:
org.gradle.api.tasks.TaskExecutionException: Execution failed for task ':demo:transformClassesWithDexForDebug'.
	at org.gradle.api.internal.tasks.execution.ExecuteActionsTaskExecuter.executeActions(ExecuteActionsTaskExecuter.java:69)
	at org.gradle.api.internal.tasks.execution.ExecuteActionsTaskExecuter.execute(ExecuteActionsTaskExecuter.java:46)
	at org.gradle.api.internal.tasks.execution.PostExecutionAnalysisTaskExecuter.execute(PostExecutionAnalysisTaskExecuter.java:35)
	at org.gradle.api.internal.tasks.execution.SkipUpToDateTaskExecuter.execute(SkipUpToDateTaskExecuter.java:64)
	at org.gradle.api.internal.tasks.execution.ValidatingTaskExecuter.execute(ValidatingTaskExecuter.java:58)
	at org.gradle.api.internal.tasks.execution.SkipEmptySourceFilesTaskExecuter.execute(SkipEmptySourceFilesTaskExecuter.java:52)
	at org.gradle.api.internal.tasks.execution.SkipTaskWithNoActionsExecuter.execute(SkipTaskWithNoActionsExecuter.java:52)
	at org.gradle.api.internal.tasks.execution.SkipOnlyIfTaskExecuter.execute(SkipOnlyIfTaskExecuter.java:53)
	at org.gradle.api.internal.tasks.execution.ExecuteAtMostOnceTaskExecuter.execute(ExecuteAtMostOnceTaskExecuter.java:43)
	at org.gradle.execution.taskgraph.DefaultTaskGraphExecuter$EventFiringTaskWorker.execute(DefaultTaskGraphExecuter.java:203)
	at org.gradle.execution.taskgraph.DefaultTaskGraphExecuter$EventFiringTaskWorker.execute(DefaultTaskGraphExecuter.java:185)
	at org.gradle.execution.taskgraph.AbstractTaskPlanExecutor$TaskExecutorWorker.processTask(AbstractTaskPlanExecutor.java:66)
	at org.gradle.execution.taskgraph.AbstractTaskPlanExecutor$TaskExecutorWorker.run(AbstractTaskPlanExecutor.java:50)
	at org.gradle.execution.taskgraph.DefaultTaskPlanExecutor.process(DefaultTaskPlanExecutor.java:25)
	at org.gradle.execution.taskgraph.DefaultTaskGraphExecuter.execute(DefaultTaskGraphExecuter.java:110)
	at org.gradle.execution.SelectedTaskExecutionAction.execute(SelectedTaskExecutionAction.java:37)
	at org.gradle.execution.DefaultBuildExecuter.execute(DefaultBuildExecuter.java:37)
	at org.gradle.execution.DefaultBuildExecuter.access$000(DefaultBuildExecuter.java:23)
	at org.gradle.execution.DefaultBuildExecuter$1.proceed(DefaultBuildExecuter.java:43)
	at org.gradle.execution.DryRunBuildExecutionAction.execute(DryRunBuildExecutionAction.java:32)
	at org.gradle.execution.DefaultBuildExecuter.execute(DefaultBuildExecuter.java:37)
	at org.gradle.execution.DefaultBuildExecuter.execute(DefaultBuildExecuter.java:30)
	at org.gradle.initialization.DefaultGradleLauncher$4.run(DefaultGradleLauncher.java:154)
	at org.gradle.internal.Factories$1.create(Factories.java:22)
	at org.gradle.internal.progress.DefaultBuildOperationExecutor.run(DefaultBuildOperationExecutor.java:90)
	at org.gradle.internal.progress.DefaultBuildOperationExecutor.run(DefaultBuildOperationExecutor.java:52)
	at org.gradle.initialization.DefaultGradleLauncher.doBuildStages(DefaultGradleLauncher.java:151)
	at org.gradle.initialization.DefaultGradleLauncher.access$200(DefaultGradleLauncher.java:32)
	at org.gradle.initialization.DefaultGradleLauncher$1.create(DefaultGradleLauncher.java:99)
	at org.gradle.initialization.DefaultGradleLauncher$1.create(DefaultGradleLauncher.java:93)
	at org.gradle.internal.progress.DefaultBuildOperationExecutor.run(DefaultBuildOperationExecutor.java:90)
	at org.gradle.internal.progress.DefaultBuildOperationExecutor.run(DefaultBuildOperationExecutor.java:62)
	at org.gradle.initialization.DefaultGradleLauncher.doBuild(DefaultGradleLauncher.java:93)
	at org.gradle.initialization.DefaultGradleLauncher.run(DefaultGradleLauncher.java:82)
	at org.gradle.launcher.exec.InProcessBuildActionExecuter$DefaultBuildController.run(InProcessBuildActionExecuter.java:94)
	at org.gradle.tooling.internal.provider.ExecuteBuildActionRunner.run(ExecuteBuildActionRunner.java:28)
	at org.gradle.launcher.exec.ChainingBuildActionRunner.run(ChainingBuildActionRunner.java:35)
	at org.gradle.launcher.exec.InProcessBuildActionExecuter.execute(InProcessBuildActionExecuter.java:43)
	at org.gradle.launcher.exec.InProcessBuildActionExecuter.execute(InProcessBuildActionExecuter.java:28)
	at org.gradle.launcher.exec.ContinuousBuildActionExecuter.execute(ContinuousBuildActionExecuter.java:78)
	at org.gradle.launcher.exec.ContinuousBuildActionExecuter.execute(ContinuousBuildActionExecuter.java:48)
	at org.gradle.launcher.exec.DaemonUsageSuggestingBuildActionExecuter.execute(DaemonUsageSuggestingBuildActionExecuter.java:51)
	at org.gradle.launcher.exec.DaemonUsageSuggestingBuildActionExecuter.execute(DaemonUsageSuggestingBuildActionExecuter.java:28)
	at org.gradle.launcher.cli.RunBuildAction.run(RunBuildAction.java:43)
	at org.gradle.internal.Actions$RunnableActionAdapter.execute(Actions.java:170)
	at org.gradle.launcher.cli.CommandLineActionFactory$ParseAndBuildAction.execute(CommandLineActionFactory.java:237)
	at org.gradle.launcher.cli.CommandLineActionFactory$ParseAndBuildAction.execute(CommandLineActionFactory.java:210)
	at org.gradle.launcher.cli.JavaRuntimeValidationAction.execute(JavaRuntimeValidationAction.java:35)
	at org.gradle.launcher.cli.JavaRuntimeValidationAction.execute(JavaRuntimeValidationAction.java:24)
	at org.gradle.launcher.cli.CommandLineActionFactory$WithLogging.execute(CommandLineActionFactory.java:206)
	at org.gradle.launcher.cli.CommandLineActionFactory$WithLogging.execute(CommandLineActionFactory.java:169)
	at org.gradle.launcher.cli.ExceptionReportingAction.execute(ExceptionReportingAction.java:33)
	at org.gradle.launcher.cli.ExceptionReportingAction.execute(ExceptionReportingAction.java:22)
	at org.gradle.launcher.Main.doAction(Main.java:33)
	at org.gradle.launcher.bootstrap.EntryPoint.run(EntryPoint.java:45)
	at org.gradle.launcher.bootstrap.ProcessBootstrap.runNoExit(ProcessBootstrap.java:54)
	at org.gradle.launcher.bootstrap.ProcessBootstrap.run(ProcessBootstrap.java:35)
	at org.gradle.launcher.GradleMain.main(GradleMain.java:23)
	at org.gradle.wrapper.BootstrapMainStarter.start(BootstrapMainStarter.java:30)
	at org.gradle.wrapper.WrapperExecutor.execute(WrapperExecutor.java:129)
	at org.gradle.wrapper.GradleWrapperMain.main(GradleWrapperMain.java:61)
Caused by: java.lang.RuntimeException: com.android.build.api.transform.TransformException: java.lang.RuntimeException: com.android.ide.common.process.ProcessException: java.util.concurrent.ExecutionException: com.android.ide.common.process.ProcessException: Return code 1 for dex process
	at com.android.builder.profile.Recorder$Block.handleException(Recorder.java:54)
	at com.android.builder.profile.ThreadRecorder$1.record(ThreadRecorder.java:57)
	at com.android.builder.profile.ThreadRecorder$1.record(ThreadRecorder.java:47)
	at com.android.build.gradle.internal.pipeline.TransformTask.transform(TransformTask.java:173)
	at org.gradle.internal.reflect.JavaMethod.invoke(JavaMethod.java:75)
	at org.gradle.api.internal.project.taskfactory.AnnotationProcessingTaskFactory$IncrementalTaskAction.doExecute(AnnotationProcessingTaskFactory.java:244)
	at org.gradle.api.internal.project.taskfactory.AnnotationProcessingTaskFactory$StandardTaskAction.execute(AnnotationProcessingTaskFactory.java:220)
	at org.gradle.api.internal.project.taskfactory.AnnotationProcessingTaskFactory$IncrementalTaskAction.execute(AnnotationProcessingTaskFactory.java:231)
	at org.gradle.api.internal.project.taskfactory.AnnotationProcessingTaskFactory$StandardTaskAction.execute(AnnotationProcessingTaskFactory.java:209)
	at org.gradle.api.internal.tasks.execution.ExecuteActionsTaskExecuter.executeAction(ExecuteActionsTaskExecuter.java:80)
	at org.gradle.api.internal.tasks.execution.ExecuteActionsTaskExecuter.executeActions(ExecuteActionsTaskExecuter.java:61)
	... 60 more
Caused by: com.android.build.api.transform.TransformException: java.lang.RuntimeException: com.android.ide.common.process.ProcessException: java.util.concurrent.ExecutionException: com.android.ide.common.process.ProcessException: Return code 1 for dex process
	at com.android.build.gradle.internal.transforms.DexTransform.transform(DexTransform.java:423)
	at com.android.build.gradle.internal.pipeline.TransformTask$3.call(TransformTask.java:178)
	at com.android.build.gradle.internal.pipeline.TransformTask$3.call(TransformTask.java:174)
	at com.android.builder.profile.ThreadRecorder$1.record(ThreadRecorder.java:55)
	... 69 more
Caused by: java.lang.RuntimeException: com.android.ide.common.process.ProcessException: java.util.concurrent.ExecutionException: com.android.ide.common.process.ProcessException: Return code 1 for dex process
	at com.android.ide.common.internal.WaitableExecutor.waitForTasksWithQuickFail(WaitableExecutor.java:119)
	at com.android.build.gradle.internal.transforms.DexTransform.transform(DexTransform.java:364)
	... 72 more
Caused by: com.android.ide.common.process.ProcessException: java.util.concurrent.ExecutionException: com.android.ide.common.process.ProcessException: Return code 1 for dex process
	at com.android.builder.core.AndroidBuilder.dexInProcess(AndroidBuilder.java:1518)
	at com.android.builder.core.AndroidBuilder.runDexer(AndroidBuilder.java:1493)
	at com.android.builder.core.AndroidBuilder.preDexLibraryNoCache(AndroidBuilder.java:1766)
	at com.android.builder.internal.compiler.PreDexCache.preDexLibrary(PreDexCache.java:119)
	at com.android.builder.core.AndroidBuilder.preDexLibrary(AndroidBuilder.java:1721)
	at com.android.build.gradle.internal.transforms.DexTransform$PreDexTask.call(DexTransform.java:473)
	at com.android.build.gradle.internal.transforms.DexTransform$PreDexTask.call(DexTransform.java:427)
Caused by: java.util.concurrent.ExecutionException: com.android.ide.common.process.ProcessException: Return code 1 for dex process
	at com.android.builder.core.AndroidBuilder.dexInProcess(AndroidBuilder.java:1507)
	... 6 more
Caused by: com.android.ide.common.process.ProcessException: Return code 1 for dex process
	at com.android.builder.internal.compiler.DexWrapper$DexProcessResult.assertNormalExitValue(DexWrapper.java:105)
	at com.android.builder.core.AndroidBuilder$2.call(AndroidBuilder.java:1512)
	at com.android.builder.core.AndroidBuilder$2.call(AndroidBuilder.java:1507)


BUILD FAILED

Total time: 11.481 secs

2018-11-11 17:54:45,251 INFO  ProjectTaskService - Detecting possible tasks...
2018-11-11 17:54:45,251 INFO  SysUtils - Execute command: [/var/folders/bq/vtzpc5ns5sg2cthy61lqpg3dfzgbys/T/1541933619282-0/src/AutoVersion-master/gradlew, -b, /var/folders/bq/vtzpc5ns5sg2cthy61lqpg3dfzgbys/T/1541933619282-0/src/AutoVersion-master/autoversion/build.gradle, -Dorg.gradle.daemon=false, -Dorg.gradle.daemon.performance.enable-monitoring=false, -Dorg.gradle.configureondemand=true, tasks]
2018-11-11 17:54:55,957 ERROR ProjectTaskService - Could not detect possible Gradle tasks: Process exited with an error: 1 (Exit value: 1)
2018-11-11 17:54:55,957 INFO  ProjectTaskService - Detected possible tasks: 0
2018-11-11 17:54:55,957 INFO  ProjectTaskService - Excluded tasks (0): none
2018-11-11 17:54:55,957 INFO  SysUtils - Execute command: [/var/folders/bq/vtzpc5ns5sg2cthy61lqpg3dfzgbys/T/1541933619282-0/src/AutoVersion-master/gradlew, -b, /var/folders/bq/vtzpc5ns5sg2cthy61lqpg3dfzgbys/T/1541933619282-0/src/AutoVersion-master/autoversion/build.gradle, -Dorg.gradle.daemon=false, -Dorg.gradle.daemon.performance.enable-monitoring=false, -Dorg.gradle.configureondemand=true, --stacktrace, build]
2018-11-11 17:55:04,595 INFO  SysUtils - Configuration on demand is an incubating feature.
:autoversion:compileJava UP-TO-DATE
:autoversion:compileGroovy UP-TO-DATE
:autoversion:processResources UP-TO-DATE
:autoversion:classes UP-TO-DATE
:autoversion:jar UP-TO-DATE
:autoversion:javadoc UP-TO-DATE
:autoversion:javadocJar UP-TO-DATE
:autoversion:sourcesJar UP-TO-DATE
:autoversion:assemble UP-TO-DATE
:autoversion:compileTestJava UP-TO-DATE
:autoversion:compileTestGroovy UP-TO-DATE
:autoversion:processTestResources UP-TO-DATE
:autoversion:testClasses UP-TO-DATE
:autoversion:test UP-TO-DATE
:autoversion:check UP-TO-DATE
:autoversion:build UP-TO-DATE

BUILD SUCCESSFUL

Total time: 8.102 secs

2018-11-11 17:55:04,684 ERROR FullProcessService - Project build has not produced APK file
2018-11-11 17:55:04,775 ERROR FullProcessService - Could not find generated or existed APK file
