2018-10-28 01:48:09,779 INFO  DownloadService - Downloading "https://github.com/onehilltech/concurrent/archive/master.zip", attempt 3
2018-10-28 01:48:11,316 INFO  DownloadService - Downloaded https://github.com/onehilltech/concurrent/archive/master.zip, attempt 3
2018-10-28 01:48:11,316 INFO  DownloadService - Size of file "/var/folders/bq/vtzpc5ns5sg2cthy61lqpg3dfzgbys/T/1540666089776-0/master.zip": 114 KB
2018-10-28 01:48:11,316 INFO  ArchiveUtils - Checking entries [.gradle] in ZIP file...
2018-10-28 01:48:11,322 INFO  ArchiveUtils - Has entries [.gradle] in ZIP file /var/folders/bq/vtzpc5ns5sg2cthy61lqpg3dfzgbys/T/1540666089776-0/master.zip: true
2018-10-28 01:48:11,322 DEBUG ZipUtil - Extracting '/var/folders/bq/vtzpc5ns5sg2cthy61lqpg3dfzgbys/T/1540666089776-0/master.zip' into '/var/folders/bq/vtzpc5ns5sg2cthy61lqpg3dfzgbys/T/1540666089776-0/src'.
2018-10-28 01:48:11,342 INFO  FullProcessService - Size of directory with sources: 209 KB
2018-10-28 01:48:11,342 INFO  SysUtils - Execute command: [git, init, /var/folders/bq/vtzpc5ns5sg2cthy61lqpg3dfzgbys/T/1540666089776-0/src]
2018-10-28 01:48:11,360 INFO  SysUtils - Initialized empty Git repository in /private/var/folders/bq/vtzpc5ns5sg2cthy61lqpg3dfzgbys/T/1540666089776-0/src/.git/

2018-10-28 01:48:11,362 INFO  ProjectBuildService - Gradle wrapper(s): /var/folders/bq/vtzpc5ns5sg2cthy61lqpg3dfzgbys/T/1540666089776-0/src/concurrent-master/gradlew
2018-10-28 01:48:11,365 INFO  ProjectBuildService - Build script(s): /var/folders/bq/vtzpc5ns5sg2cthy61lqpg3dfzgbys/T/1540666089776-0/src/concurrent-master/concurrent-android/build.gradle /var/folders/bq/vtzpc5ns5sg2cthy61lqpg3dfzgbys/T/1540666089776-0/src/concurrent-master/build.gradle /var/folders/bq/vtzpc5ns5sg2cthy61lqpg3dfzgbys/T/1540666089776-0/src/concurrent-master/concurrent-core/build.gradle
2018-10-28 01:48:11,367 INFO  ProjectBuildService - All script(s): /var/folders/bq/vtzpc5ns5sg2cthy61lqpg3dfzgbys/T/1540666089776-0/src/concurrent-master/build.gradle /var/folders/bq/vtzpc5ns5sg2cthy61lqpg3dfzgbys/T/1540666089776-0/src/concurrent-master/settings.gradle /var/folders/bq/vtzpc5ns5sg2cthy61lqpg3dfzgbys/T/1540666089776-0/src/concurrent-master/concurrent-core/build.gradle /var/folders/bq/vtzpc5ns5sg2cthy61lqpg3dfzgbys/T/1540666089776-0/src/concurrent-master/concurrent-android/build.gradle
2018-10-28 01:48:11,367 INFO  ProjectBuildService - Remote scripts: none
2018-10-28 01:48:11,368 INFO  ProjectFixService - Fixing project...
2018-10-28 01:48:11,375 INFO  LocalPropertiesFixService - Created fake /var/folders/bq/vtzpc5ns5sg2cthy61lqpg3dfzgbys/T/1540666089776-0/src/concurrent-master/concurrent-android/local.properties
2018-10-28 01:48:11,376 INFO  ProjectFixService - Build info for "/var/folders/bq/vtzpc5ns5sg2cthy61lqpg3dfzgbys/T/1540666089776-0/src/concurrent-master/concurrent-android/build.gradle": [buildToolsVersion=<null>,compileSdkVersion=<null>,minSdkVersion=<null>,targetSdkVersion=<null>]
2018-10-28 01:48:11,377 INFO  ProjectFixService - Fixed build info for "/var/folders/bq/vtzpc5ns5sg2cthy61lqpg3dfzgbys/T/1540666089776-0/src/concurrent-master/concurrent-android/build.gradle": [buildToolsVersion=28.0.0-rc2,compileSdkVersion=28,minSdkVersion=28,targetSdkVersion=28]
2018-10-28 01:48:11,377 INFO  LocalPropertiesFixService - Created fake /var/folders/bq/vtzpc5ns5sg2cthy61lqpg3dfzgbys/T/1540666089776-0/src/concurrent-master/local.properties
2018-10-28 01:48:11,378 INFO  WrapperPropertiesFixService - Gradle wrapper: https://services.gradle.org/distributions/gradle-2.14.1-all.zip
2018-10-28 01:48:11,378 INFO  WrapperPropertiesFixService - Gradle wrapper was changed from "-all.zip" to "-bin.zip" (https://services.gradle.org/distributions/gradle-2.14.1-bin.zip)
2018-10-28 01:48:11,380 INFO  ProjectFixService - Build info for "/var/folders/bq/vtzpc5ns5sg2cthy61lqpg3dfzgbys/T/1540666089776-0/src/concurrent-master/build.gradle": [buildToolsVersion=<null>,compileSdkVersion=<null>,minSdkVersion=<null>,targetSdkVersion=<null>]
2018-10-28 01:48:11,380 INFO  ProjectFixService - Fixed build info for "/var/folders/bq/vtzpc5ns5sg2cthy61lqpg3dfzgbys/T/1540666089776-0/src/concurrent-master/build.gradle": [buildToolsVersion=28.0.0-rc2,compileSdkVersion=28,minSdkVersion=28,targetSdkVersion=28]
2018-10-28 01:48:11,380 INFO  LocalPropertiesFixService - Created fake /var/folders/bq/vtzpc5ns5sg2cthy61lqpg3dfzgbys/T/1540666089776-0/src/concurrent-master/concurrent-core/local.properties
2018-10-28 01:48:11,382 INFO  ProjectFixService - Build info for "/var/folders/bq/vtzpc5ns5sg2cthy61lqpg3dfzgbys/T/1540666089776-0/src/concurrent-master/concurrent-core/build.gradle": [buildToolsVersion=<null>,compileSdkVersion=<null>,minSdkVersion=<null>,targetSdkVersion=<null>]
2018-10-28 01:48:11,382 INFO  ProjectFixService - Fixed build info for "/var/folders/bq/vtzpc5ns5sg2cthy61lqpg3dfzgbys/T/1540666089776-0/src/concurrent-master/concurrent-core/build.gradle": [buildToolsVersion=28.0.0-rc2,compileSdkVersion=28,minSdkVersion=28,targetSdkVersion=28]
2018-10-28 01:48:11,382 INFO  ProjectFixService - Project was maybe fixed
2018-10-28 01:48:11,382 INFO  ProjectTaskService - Detecting possible tasks...
2018-10-28 01:48:11,383 INFO  SysUtils - Execute command: [/var/folders/bq/vtzpc5ns5sg2cthy61lqpg3dfzgbys/T/1540666089776-0/src/concurrent-master/gradlew, -b, /var/folders/bq/vtzpc5ns5sg2cthy61lqpg3dfzgbys/T/1540666089776-0/src/concurrent-master/concurrent-android/build.gradle, -Dorg.gradle.daemon=false, -Dorg.gradle.daemon.performance.enable-monitoring=false, -Dorg.gradle.configureondemand=true, tasks]
2018-10-28 01:48:20,336 INFO  ProjectTaskService - Detected possible tasks: 67
2018-10-28 01:48:20,336 INFO  ProjectTaskService - Excluded tasks (16): lintDebug mockableAndroidJar deviceCheck lint testReleaseUnitTest deviceAndroidTest uninstallDebugAndroidTest installDebugAndroidTest connectedCheck connectedDebugAndroidTest uninstallAll test check testDebugUnitTest connectedAndroidTest lintRelease
2018-10-28 01:48:20,337 INFO  SysUtils - Execute command: [/var/folders/bq/vtzpc5ns5sg2cthy61lqpg3dfzgbys/T/1540666089776-0/src/concurrent-master/gradlew, -b, /var/folders/bq/vtzpc5ns5sg2cthy61lqpg3dfzgbys/T/1540666089776-0/src/concurrent-master/concurrent-android/build.gradle, -Dorg.gradle.daemon=false, -Dorg.gradle.daemon.performance.enable-monitoring=false, -Dorg.gradle.configureondemand=true, --stacktrace, -x, lintDebug, -x, mockableAndroidJar, -x, deviceCheck, -x, lint, -x, testReleaseUnitTest, -x, deviceAndroidTest, -x, uninstallDebugAndroidTest, -x, installDebugAndroidTest, -x, connectedCheck, -x, connectedDebugAndroidTest, -x, uninstallAll, -x, test, -x, check, -x, testDebugUnitTest, -x, connectedAndroidTest, -x, lintRelease, build]
2018-10-28 01:48:28,519 INFO  SysUtils - Configuration on demand is an incubating feature.
Incremental java compilation is an incubating feature.
:concurrent-android:preBuild UP-TO-DATE
:concurrent-android:preDebugBuild UP-TO-DATE
:concurrent-android:checkDebugManifest
:concurrent-android:prepareDebugDependencies
:concurrent-android:compileDebugAidl
:concurrent-android:compileDebugNdk UP-TO-DATE
:concurrent-android:compileLint
:concurrent-android:copyDebugLint UP-TO-DATE
:concurrent-android:mergeDebugShaders
:concurrent-android:compileDebugShaders
:concurrent-android:generateDebugAssets
:concurrent-android:mergeDebugAssets
:concurrent-android:mergeDebugProguardFiles
:concurrent-android:packageDebugRenderscript UP-TO-DATE
:concurrent-android:compileDebugRenderscript
:concurrent-android:generateDebugResValues
:concurrent-android:generateDebugResources
:concurrent-android:packageDebugResources
:concurrent-android:processDebugManifest
:concurrent-android:generateDebugBuildConfig
:concurrent-android:processDebugResources
:concurrent-android:generateDebugSources
:concurrent-android:incrementalDebugJavaCompilationSafeguard
:concurrent-core:compileJavawarning: [options] bootstrap class path not set in conjunction with -source 1.7
Note: Some input files use unchecked or unsafe operations.
Note: Recompile with -Xlint:unchecked for details.
1 warning

:concurrent-core:processResources UP-TO-DATE
:concurrent-core:classes
:concurrent-core:jar
:concurrent-android:compileDebugJavaWithJavac
:concurrent-android:compileDebugJavaWithJavac - is not incremental (e.g. outputs have changed, no previous execution, etc.).
:concurrent-android:processDebugJavaRes UP-TO-DATE
:concurrent-android:transformResourcesWithMergeJavaResForDebug
:concurrent-android:transformClassesAndResourcesWithSyncLibJarsForDebug
:concurrent-android:mergeDebugJniLibFolders
:concurrent-android:transformNative_libsWithMergeJniLibsForDebug
:concurrent-android:transformNative_libsWithSyncJniLibsForDebug
:concurrent-android:bundleDebug
:concurrent-android:compileDebugSources
:concurrent-android:assembleDebug
:concurrent-android:preReleaseBuild UP-TO-DATE
:concurrent-android:checkReleaseManifest
:concurrent-android:prepareReleaseDependencies
:concurrent-android:compileReleaseAidl
:concurrent-android:compileReleaseNdk UP-TO-DATE
:concurrent-android:copyReleaseLint UP-TO-DATE
:concurrent-android:mergeReleaseShaders
:concurrent-android:compileReleaseShaders
:concurrent-android:generateReleaseAssets
:concurrent-android:mergeReleaseAssets
:concurrent-android:mergeReleaseProguardFiles
:concurrent-android:packageReleaseRenderscript UP-TO-DATE
:concurrent-android:compileReleaseRenderscript
:concurrent-android:generateReleaseResValues
:concurrent-android:generateReleaseResources
:concurrent-android:packageReleaseResources
:concurrent-android:processReleaseManifest
:concurrent-android:generateReleaseBuildConfig
:concurrent-android:processReleaseResources
:concurrent-android:generateReleaseSources
:concurrent-android:incrementalReleaseJavaCompilationSafeguard
:concurrent-android:compileReleaseJavaWithJavac
:concurrent-android:compileReleaseJavaWithJavac - is not incremental (e.g. outputs have changed, no previous execution, etc.).
:concurrent-android:processReleaseJavaRes UP-TO-DATE
:concurrent-android:transformResourcesWithMergeJavaResForRelease
:concurrent-android:transformClassesAndResourcesWithSyncLibJarsForRelease
:concurrent-android:mergeReleaseJniLibFolders
:concurrent-android:transformNative_libsWithMergeJniLibsForRelease
:concurrent-android:transformNative_libsWithSyncJniLibsForRelease
:concurrent-android:bundleRelease
:concurrent-android:compileReleaseSources
:concurrent-android:assembleRelease
:concurrent-android:assemble
:concurrent-android:build

BUILD SUCCESSFUL

Total time: 7.384 secs

2018-10-28 01:48:28,534 INFO  ProjectTaskService - Detecting possible tasks...
2018-10-28 01:48:28,534 INFO  SysUtils - Execute command: [/var/folders/bq/vtzpc5ns5sg2cthy61lqpg3dfzgbys/T/1540666089776-0/src/concurrent-master/gradlew, -b, /var/folders/bq/vtzpc5ns5sg2cthy61lqpg3dfzgbys/T/1540666089776-0/src/concurrent-master/build.gradle, -Dorg.gradle.daemon=false, -Dorg.gradle.daemon.performance.enable-monitoring=false, -Dorg.gradle.configureondemand=true, tasks]
2018-10-28 01:48:35,132 INFO  ProjectTaskService - Detected possible tasks: 73
2018-10-28 01:48:35,132 INFO  ProjectTaskService - Excluded tasks (17): lintDebug mockableAndroidJar deviceCheck lint testReleaseUnitTest javadoc deviceAndroidTest uninstallDebugAndroidTest installDebugAndroidTest connectedCheck connectedDebugAndroidTest uninstallAll test check testDebugUnitTest connectedAndroidTest lintRelease
2018-10-28 01:48:35,133 INFO  SysUtils - Execute command: [/var/folders/bq/vtzpc5ns5sg2cthy61lqpg3dfzgbys/T/1540666089776-0/src/concurrent-master/gradlew, -b, /var/folders/bq/vtzpc5ns5sg2cthy61lqpg3dfzgbys/T/1540666089776-0/src/concurrent-master/build.gradle, -Dorg.gradle.daemon=false, -Dorg.gradle.daemon.performance.enable-monitoring=false, -Dorg.gradle.configureondemand=true, --stacktrace, -x, lintDebug, -x, mockableAndroidJar, -x, deviceCheck, -x, lint, -x, testReleaseUnitTest, -x, javadoc, -x, deviceAndroidTest, -x, uninstallDebugAndroidTest, -x, installDebugAndroidTest, -x, connectedCheck, -x, connectedDebugAndroidTest, -x, uninstallAll, -x, test, -x, check, -x, testDebugUnitTest, -x, connectedAndroidTest, -x, lintRelease, build]
2018-10-28 01:48:41,956 INFO  SysUtils - Configuration on demand is an incubating feature.
Incremental java compilation is an incubating feature.
:concurrent-android:preBuild UP-TO-DATE
:concurrent-android:preDebugBuild UP-TO-DATE
:concurrent-android:checkDebugManifest
:concurrent-android:prepareDebugDependencies
:concurrent-android:compileDebugAidl UP-TO-DATE
:concurrent-android:compileDebugNdk UP-TO-DATE
:concurrent-android:compileLint UP-TO-DATE
:concurrent-android:copyDebugLint UP-TO-DATE
:concurrent-android:mergeDebugShaders UP-TO-DATE
:concurrent-android:compileDebugShaders UP-TO-DATE
:concurrent-android:generateDebugAssets UP-TO-DATE
:concurrent-android:mergeDebugAssets UP-TO-DATE
:concurrent-android:mergeDebugProguardFiles UP-TO-DATE
:concurrent-android:packageDebugRenderscript UP-TO-DATE
:concurrent-android:compileDebugRenderscript UP-TO-DATE
:concurrent-android:generateDebugResValues UP-TO-DATE
:concurrent-android:generateDebugResources UP-TO-DATE
:concurrent-android:packageDebugResources UP-TO-DATE
:concurrent-android:processDebugManifest UP-TO-DATE
:concurrent-android:generateDebugBuildConfig UP-TO-DATE
:concurrent-android:processDebugResources UP-TO-DATE
:concurrent-android:generateDebugSources UP-TO-DATE
:concurrent-android:incrementalDebugJavaCompilationSafeguard UP-TO-DATE
:concurrent-core:compileJava UP-TO-DATE
:concurrent-core:processResources UP-TO-DATE
:concurrent-core:classes UP-TO-DATE
:concurrent-core:jar UP-TO-DATE
:concurrent-android:compileDebugJavaWithJavac UP-TO-DATE
:concurrent-android:processDebugJavaRes UP-TO-DATE
:concurrent-android:transformResourcesWithMergeJavaResForDebug UP-TO-DATE
:concurrent-android:transformClassesAndResourcesWithSyncLibJarsForDebug UP-TO-DATE
:concurrent-android:mergeDebugJniLibFolders UP-TO-DATE
:concurrent-android:transformNative_libsWithMergeJniLibsForDebug UP-TO-DATE
:concurrent-android:transformNative_libsWithSyncJniLibsForDebug UP-TO-DATE
:concurrent-android:bundleDebug UP-TO-DATE
:concurrent-android:compileDebugSources UP-TO-DATE
:concurrent-android:assembleDebug UP-TO-DATE
:concurrent-android:preReleaseBuild UP-TO-DATE
:concurrent-android:checkReleaseManifest
:concurrent-android:prepareReleaseDependencies
:concurrent-android:compileReleaseAidl UP-TO-DATE
:concurrent-android:compileReleaseNdk UP-TO-DATE
:concurrent-android:copyReleaseLint UP-TO-DATE
:concurrent-android:mergeReleaseShaders UP-TO-DATE
:concurrent-android:compileReleaseShaders UP-TO-DATE
:concurrent-android:generateReleaseAssets UP-TO-DATE
:concurrent-android:mergeReleaseAssets UP-TO-DATE
:concurrent-android:mergeReleaseProguardFiles UP-TO-DATE
:concurrent-android:packageReleaseRenderscript UP-TO-DATE
:concurrent-android:compileReleaseRenderscript UP-TO-DATE
:concurrent-android:generateReleaseResValues UP-TO-DATE
:concurrent-android:generateReleaseResources UP-TO-DATE
:concurrent-android:packageReleaseResources UP-TO-DATE
:concurrent-android:processReleaseManifest UP-TO-DATE
:concurrent-android:generateReleaseBuildConfig UP-TO-DATE
:concurrent-android:processReleaseResources UP-TO-DATE
:concurrent-android:generateReleaseSources UP-TO-DATE
:concurrent-android:incrementalReleaseJavaCompilationSafeguard UP-TO-DATE
:concurrent-android:compileReleaseJavaWithJavac UP-TO-DATE
:concurrent-android:processReleaseJavaRes UP-TO-DATE
:concurrent-android:transformResourcesWithMergeJavaResForRelease UP-TO-DATE
:concurrent-android:transformClassesAndResourcesWithSyncLibJarsForRelease UP-TO-DATE
:concurrent-android:mergeReleaseJniLibFolders UP-TO-DATE
:concurrent-android:transformNative_libsWithMergeJniLibsForRelease UP-TO-DATE
:concurrent-android:transformNative_libsWithSyncJniLibsForRelease UP-TO-DATE
:concurrent-android:bundleRelease UP-TO-DATE
:concurrent-android:compileReleaseSources UP-TO-DATE
:concurrent-android:assembleRelease UP-TO-DATE
:concurrent-android:assemble UP-TO-DATE
:concurrent-android:build
:concurrent-core:assemble UP-TO-DATE
:concurrent-core:build

BUILD SUCCESSFUL

Total time: 6.244 secs

2018-10-28 01:48:41,970 INFO  ProjectTaskService - Detecting possible tasks...
2018-10-28 01:48:41,971 INFO  SysUtils - Execute command: [/var/folders/bq/vtzpc5ns5sg2cthy61lqpg3dfzgbys/T/1540666089776-0/src/concurrent-master/gradlew, -b, /var/folders/bq/vtzpc5ns5sg2cthy61lqpg3dfzgbys/T/1540666089776-0/src/concurrent-master/concurrent-core/build.gradle, -Dorg.gradle.daemon=false, -Dorg.gradle.daemon.performance.enable-monitoring=false, -Dorg.gradle.configureondemand=true, tasks]
2018-10-28 01:48:48,749 ERROR ProjectTaskService - Could not detect possible Gradle tasks: Process exited with an error: 1 (Exit value: 1)
2018-10-28 01:48:48,749 INFO  ProjectTaskService - Detected possible tasks: 0
2018-10-28 01:48:48,749 INFO  ProjectTaskService - Excluded tasks (0): none
2018-10-28 01:48:48,749 INFO  SysUtils - Execute command: [/var/folders/bq/vtzpc5ns5sg2cthy61lqpg3dfzgbys/T/1540666089776-0/src/concurrent-master/gradlew, -b, /var/folders/bq/vtzpc5ns5sg2cthy61lqpg3dfzgbys/T/1540666089776-0/src/concurrent-master/concurrent-core/build.gradle, -Dorg.gradle.daemon=false, -Dorg.gradle.daemon.performance.enable-monitoring=false, -Dorg.gradle.configureondemand=true, --stacktrace, build]
2018-10-28 01:49:04,361 ERROR SysUtils - Could not process external command
org.apache.commons.exec.ExecuteException: Process exited with an error: 1 (Exit value: 1)
	at org.apache.commons.exec.DefaultExecutor.executeInternal(DefaultExecutor.java:404)
	at org.apache.commons.exec.DefaultExecutor.execute(DefaultExecutor.java:166)
	at com.github.vbauer.apkmaster.util.SysUtils.execute(SysUtils.java:67)
	at com.github.vbauer.apkmaster.util.SysUtils.executeSimple(SysUtils.java:43)
	at com.github.vbauer.apkmaster.service.assembly.ProjectBuildService.buildProject(ProjectBuildService.java:78)
	at com.github.vbauer.apkmaster.service.assembly.ProjectBuildService.buildProject(ProjectBuildService.java:64)
	at com.github.vbauer.apkmaster.service.assembly.ProjectBuildService.buildProject(ProjectBuildService.java:43)
	at com.github.vbauer.apkmaster.service.FullProcessService.build(FullProcessService.java:84)
	at com.github.vbauer.apkmaster.service.FullProcessService.process(FullProcessService.java:34)
	at com.github.vbauer.apkmaster.app.MainApplication.process(MainApplication.java:38)
	at com.github.vbauer.apkmaster.app.MainApplication.main(MainApplication.java:20)
	at sun.reflect.GeneratedMethodAccessor9.invoke(Unknown Source)
	at sun.reflect.DelegatingMethodAccessorImpl.invoke(DelegatingMethodAccessorImpl.java:43)
	at java.lang.reflect.Method.invoke(Method.java:498)
	at com.android.arsenal.util.ReflectionUtils.invoke(ReflectionUtils.java:52)
	at com.android.arsenal.util.ApkMasterUtils.main(ApkMasterUtils.java:30)
	at com.android.arsenal.service.processor.impl.BuildProcessorServiceImpl.buildProject(BuildProcessorServiceImpl.java:196)
	at com.android.arsenal.service.processor.impl.BuildProcessorServiceImpl.build(BuildProcessorServiceImpl.java:130)
	at com.android.arsenal.service.processor.impl.BuildProcessorServiceImpl.lambda$null$1(BuildProcessorServiceImpl.java:113)
	at java.util.concurrent.FutureTask.run(FutureTask.java:266)
	at java.util.concurrent.Executors$RunnableAdapter.call(Executors.java:511)
	at java.util.concurrent.FutureTask.run(FutureTask.java:266)
	at java.util.concurrent.ThreadPoolExecutor.runWorker(ThreadPoolExecutor.java:1149)
	at java.util.concurrent.ThreadPoolExecutor$Worker.run(ThreadPoolExecutor.java:624)
	at java.lang.Thread.run(Thread.java:748)
2018-10-28 01:49:04,361 INFO  SysUtils - Configuration on demand is an incubating feature.
:concurrent-core:compileJava UP-TO-DATE
:concurrent-core:processResources UP-TO-DATE
:concurrent-core:classes UP-TO-DATE
:concurrent-core:jar UP-TO-DATE
:concurrent-core:assemble UP-TO-DATE
:concurrent-core:compileTestJavawarning: [options] bootstrap class path not set in conjunction with -source 1.7
Note: Some input files use unchecked or unsafe operations.
Note: Recompile with -Xlint:unchecked for details.
1 warning

:concurrent-core:processTestResources UP-TO-DATE
:concurrent-core:testClasses
:concurrent-core:test
Download https://jcenter.bintray.com/org/jacoco/org.jacoco.agent/0.7.6.201602180812/org.jacoco.agent-0.7.6.201602180812.pom
Download https://jcenter.bintray.com/org/jacoco/org.jacoco.agent/0.7.6.201602180812/org.jacoco.agent-0.7.6.201602180812.jar

com.onehilltech.concurrent.ParallelTest > testExecuteCancel FAILED
    java.lang.AssertionError at ParallelTest.java:217

48 tests completed, 1 failed
:concurrent-core:test FAILED

FAILURE: Build failed with an exception.

* What went wrong:
Execution failed for task ':concurrent-core:test'.
> There were failing tests. See the report at: file:///private/var/folders/bq/vtzpc5ns5sg2cthy61lqpg3dfzgbys/T/1540666089776-0/src/concurrent-master/concurrent-core/build/reports/tests/index.html

* Try:
Run with --info or --debug option to get more log output.

* Exception is:
org.gradle.api.tasks.TaskExecutionException: Execution failed for task ':concurrent-core:test'.
	at org.gradle.api.internal.tasks.execution.ExecuteActionsTaskExecuter.executeActions(ExecuteActionsTaskExecuter.java:69)
	at org.gradle.api.internal.tasks.execution.ExecuteActionsTaskExecuter.execute(ExecuteActionsTaskExecuter.java:46)
	at org.gradle.api.internal.tasks.execution.PostExecutionAnalysisTaskExecuter.execute(PostExecutionAnalysisTaskExecuter.java:35)
	at org.gradle.api.internal.tasks.execution.SkipUpToDateTaskExecuter.execute(SkipUpToDateTaskExecuter.java:66)
	at org.gradle.api.internal.tasks.execution.ValidatingTaskExecuter.execute(ValidatingTaskExecuter.java:58)
	at org.gradle.api.internal.tasks.execution.SkipEmptySourceFilesTaskExecuter.execute(SkipEmptySourceFilesTaskExecuter.java:52)
	at org.gradle.api.internal.tasks.execution.SkipTaskWithNoActionsExecuter.execute(SkipTaskWithNoActionsExecuter.java:52)
	at org.gradle.api.internal.tasks.execution.SkipOnlyIfTaskExecuter.execute(SkipOnlyIfTaskExecuter.java:53)
	at org.gradle.api.internal.tasks.execution.ExecuteAtMostOnceTaskExecuter.execute(ExecuteAtMostOnceTaskExecuter.java:43)
	at org.gradle.execution.taskgraph.DefaultTaskGraphExecuter$EventFiringTaskWorker.execute(DefaultTaskGraphExecuter.java:203)
	at org.gradle.execution.taskgraph.DefaultTaskGraphExecuter$EventFiringTaskWorker.execute(DefaultTaskGraphExecuter.java:185)
	at org.gradle.execution.taskgraph.AbstractTaskPlanExecutor$TaskExecutorWorker.processTask(AbstractTaskPlanExecutor.java:66)
	at org.gradle.execution.taskgraph.AbstractTaskPlanExecutor$TaskExecutorWorker.run(AbstractTaskPlanExecutor.java:50)
	at org.gradle.execution.taskgraph.DefaultTaskPlanExecutor.process(DefaultTaskPlanExecutor.java:25)
	at org.gradle.execution.taskgraph.DefaultTaskGraphExecuter.execute(DefaultTaskGraphExecuter.java:110)
	at org.gradle.execution.SelectedTaskExecutionAction.execute(SelectedTaskExecutionAction.java:37)
	at org.gradle.execution.DefaultBuildExecuter.execute(DefaultBuildExecuter.java:37)
	at org.gradle.execution.DefaultBuildExecuter.access$000(DefaultBuildExecuter.java:23)
	at org.gradle.execution.DefaultBuildExecuter$1.proceed(DefaultBuildExecuter.java:43)
	at org.gradle.execution.DryRunBuildExecutionAction.execute(DryRunBuildExecutionAction.java:32)
	at org.gradle.execution.DefaultBuildExecuter.execute(DefaultBuildExecuter.java:37)
	at org.gradle.execution.DefaultBuildExecuter.execute(DefaultBuildExecuter.java:30)
	at org.gradle.initialization.DefaultGradleLauncher$4.run(DefaultGradleLauncher.java:153)
	at org.gradle.internal.Factories$1.create(Factories.java:22)
	at org.gradle.internal.progress.DefaultBuildOperationExecutor.run(DefaultBuildOperationExecutor.java:91)
	at org.gradle.internal.progress.DefaultBuildOperationExecutor.run(DefaultBuildOperationExecutor.java:53)
	at org.gradle.initialization.DefaultGradleLauncher.doBuildStages(DefaultGradleLauncher.java:150)
	at org.gradle.initialization.DefaultGradleLauncher.access$200(DefaultGradleLauncher.java:32)
	at org.gradle.initialization.DefaultGradleLauncher$1.create(DefaultGradleLauncher.java:98)
	at org.gradle.initialization.DefaultGradleLauncher$1.create(DefaultGradleLauncher.java:92)
	at org.gradle.internal.progress.DefaultBuildOperationExecutor.run(DefaultBuildOperationExecutor.java:91)
	at org.gradle.internal.progress.DefaultBuildOperationExecutor.run(DefaultBuildOperationExecutor.java:63)
	at org.gradle.initialization.DefaultGradleLauncher.doBuild(DefaultGradleLauncher.java:92)
	at org.gradle.initialization.DefaultGradleLauncher.run(DefaultGradleLauncher.java:83)
	at org.gradle.launcher.exec.InProcessBuildActionExecuter$DefaultBuildController.run(InProcessBuildActionExecuter.java:99)
	at org.gradle.tooling.internal.provider.ExecuteBuildActionRunner.run(ExecuteBuildActionRunner.java:28)
	at org.gradle.launcher.exec.ChainingBuildActionRunner.run(ChainingBuildActionRunner.java:35)
	at org.gradle.launcher.exec.InProcessBuildActionExecuter.execute(InProcessBuildActionExecuter.java:48)
	at org.gradle.launcher.exec.InProcessBuildActionExecuter.execute(InProcessBuildActionExecuter.java:30)
	at org.gradle.launcher.exec.ContinuousBuildActionExecuter.execute(ContinuousBuildActionExecuter.java:81)
	at org.gradle.launcher.exec.ContinuousBuildActionExecuter.execute(ContinuousBuildActionExecuter.java:46)
	at org.gradle.launcher.exec.DaemonUsageSuggestingBuildActionExecuter.execute(DaemonUsageSuggestingBuildActionExecuter.java:51)
	at org.gradle.launcher.exec.DaemonUsageSuggestingBuildActionExecuter.execute(DaemonUsageSuggestingBuildActionExecuter.java:28)
	at org.gradle.launcher.cli.RunBuildAction.run(RunBuildAction.java:43)
	at org.gradle.internal.Actions$RunnableActionAdapter.execute(Actions.java:173)
	at org.gradle.launcher.cli.CommandLineActionFactory$ParseAndBuildAction.execute(CommandLineActionFactory.java:239)
	at org.gradle.launcher.cli.CommandLineActionFactory$ParseAndBuildAction.execute(CommandLineActionFactory.java:212)
	at org.gradle.launcher.cli.JavaRuntimeValidationAction.execute(JavaRuntimeValidationAction.java:35)
	at org.gradle.launcher.cli.JavaRuntimeValidationAction.execute(JavaRuntimeValidationAction.java:24)
	at org.gradle.launcher.cli.ExceptionReportingAction.execute(ExceptionReportingAction.java:33)
	at org.gradle.launcher.cli.ExceptionReportingAction.execute(ExceptionReportingAction.java:22)
	at org.gradle.launcher.cli.CommandLineActionFactory$WithLogging.execute(CommandLineActionFactory.java:205)
	at org.gradle.launcher.cli.CommandLineActionFactory$WithLogging.execute(CommandLineActionFactory.java:169)
	at org.gradle.launcher.Main.doAction(Main.java:33)
	at org.gradle.launcher.bootstrap.EntryPoint.run(EntryPoint.java:45)
	at org.gradle.launcher.bootstrap.ProcessBootstrap.runNoExit(ProcessBootstrap.java:55)
	at org.gradle.launcher.bootstrap.ProcessBootstrap.run(ProcessBootstrap.java:36)
	at org.gradle.launcher.GradleMain.main(GradleMain.java:23)
	at org.gradle.wrapper.BootstrapMainStarter.start(BootstrapMainStarter.java:30)
	at org.gradle.wrapper.WrapperExecutor.execute(WrapperExecutor.java:129)
	at org.gradle.wrapper.GradleWrapperMain.main(GradleWrapperMain.java:61)
Caused by: org.gradle.api.GradleException: There were failing tests. See the report at: file:///private/var/folders/bq/vtzpc5ns5sg2cthy61lqpg3dfzgbys/T/1540666089776-0/src/concurrent-master/concurrent-core/build/reports/tests/index.html
	at org.gradle.api.tasks.testing.Test.handleTestFailures(Test.java:1232)
	at org.gradle.api.tasks.testing.Test.executeTests(Test.java:624)
	at org.gradle.internal.reflect.JavaMethod.invoke(JavaMethod.java:75)
	at org.gradle.api.internal.project.taskfactory.AnnotationProcessingTaskFactory$StandardTaskAction.doExecute(AnnotationProcessingTaskFactory.java:228)
	at org.gradle.api.internal.project.taskfactory.AnnotationProcessingTaskFactory$StandardTaskAction.execute(AnnotationProcessingTaskFactory.java:221)
	at org.gradle.api.internal.project.taskfactory.AnnotationProcessingTaskFactory$StandardTaskAction.execute(AnnotationProcessingTaskFactory.java:210)
	at org.gradle.api.internal.AbstractTask$TaskActionWrapper.execute(AbstractTask.java:621)
	at org.gradle.api.internal.AbstractTask$TaskActionWrapper.execute(AbstractTask.java:604)
	at org.gradle.api.internal.tasks.execution.ExecuteActionsTaskExecuter.executeAction(ExecuteActionsTaskExecuter.java:80)
	at org.gradle.api.internal.tasks.execution.ExecuteActionsTaskExecuter.executeActions(ExecuteActionsTaskExecuter.java:61)
	... 60 more


BUILD FAILED

Total time: 15.144 secs

2018-10-28 01:49:04,378 ERROR FullProcessService - Project build has not produced APK file
2018-10-28 01:49:04,393 ERROR FullProcessService - Could not find generated or existed APK file
