2018-10-27 20:05:38,198 INFO  DownloadService - Downloading "https://github.com/chengdazhi/StyleImageView/archive/master.zip", attempt 3
2018-10-27 20:05:43,555 INFO  DownloadService - Downloaded https://github.com/chengdazhi/StyleImageView/archive/master.zip, attempt 3
2018-10-27 20:05:43,555 INFO  DownloadService - Size of file "/var/folders/bq/vtzpc5ns5sg2cthy61lqpg3dfzgbys/T/1540645538189-0/master.zip": 8 MB
2018-10-27 20:05:43,555 INFO  ArchiveUtils - Checking entries [.gradle] in ZIP file...
2018-10-27 20:05:43,558 INFO  ArchiveUtils - Has entries [.gradle] in ZIP file /var/folders/bq/vtzpc5ns5sg2cthy61lqpg3dfzgbys/T/1540645538189-0/master.zip: true
2018-10-27 20:05:43,558 DEBUG ZipUtil - Extracting '/var/folders/bq/vtzpc5ns5sg2cthy61lqpg3dfzgbys/T/1540645538189-0/master.zip' into '/var/folders/bq/vtzpc5ns5sg2cthy61lqpg3dfzgbys/T/1540645538189-0/src'.
2018-10-27 20:05:43,645 INFO  FullProcessService - Size of directory with sources: 8 MB
2018-10-27 20:05:43,646 INFO  SysUtils - Execute command: [git, init, /var/folders/bq/vtzpc5ns5sg2cthy61lqpg3dfzgbys/T/1540645538189-0/src]
2018-10-27 20:05:44,289 INFO  SysUtils - Initialized empty Git repository in /private/var/folders/bq/vtzpc5ns5sg2cthy61lqpg3dfzgbys/T/1540645538189-0/src/.git/

2018-10-27 20:05:44,294 INFO  ProjectBuildService - Gradle wrapper(s): /var/folders/bq/vtzpc5ns5sg2cthy61lqpg3dfzgbys/T/1540645538189-0/src/StyleImageView-master/gradlew
2018-10-27 20:05:44,299 INFO  ProjectBuildService - Build script(s): /var/folders/bq/vtzpc5ns5sg2cthy61lqpg3dfzgbys/T/1540645538189-0/src/StyleImageView-master/style_image_view_test/build.gradle /var/folders/bq/vtzpc5ns5sg2cthy61lqpg3dfzgbys/T/1540645538189-0/src/StyleImageView-master/styleimageview/build.gradle /var/folders/bq/vtzpc5ns5sg2cthy61lqpg3dfzgbys/T/1540645538189-0/src/StyleImageView-master/styler_test/build.gradle /var/folders/bq/vtzpc5ns5sg2cthy61lqpg3dfzgbys/T/1540645538189-0/src/StyleImageView-master/build.gradle
2018-10-27 20:05:44,304 INFO  ProjectBuildService - All script(s): /var/folders/bq/vtzpc5ns5sg2cthy61lqpg3dfzgbys/T/1540645538189-0/src/StyleImageView-master/style_image_view_test/build.gradle /var/folders/bq/vtzpc5ns5sg2cthy61lqpg3dfzgbys/T/1540645538189-0/src/StyleImageView-master/styler_test/build.gradle /var/folders/bq/vtzpc5ns5sg2cthy61lqpg3dfzgbys/T/1540645538189-0/src/StyleImageView-master/styleimageview/build.gradle /var/folders/bq/vtzpc5ns5sg2cthy61lqpg3dfzgbys/T/1540645538189-0/src/StyleImageView-master/build.gradle /var/folders/bq/vtzpc5ns5sg2cthy61lqpg3dfzgbys/T/1540645538189-0/src/StyleImageView-master/settings.gradle
2018-10-27 20:05:44,304 INFO  ProjectBuildService - Remote scripts: none
2018-10-27 20:05:44,304 INFO  ProjectFixService - Fixing project...
2018-10-27 20:05:44,315 INFO  LocalPropertiesFixService - Created fake /var/folders/bq/vtzpc5ns5sg2cthy61lqpg3dfzgbys/T/1540645538189-0/src/StyleImageView-master/style_image_view_test/local.properties
2018-10-27 20:05:44,315 INFO  ProjectFixService - Build info for "/var/folders/bq/vtzpc5ns5sg2cthy61lqpg3dfzgbys/T/1540645538189-0/src/StyleImageView-master/style_image_view_test/build.gradle": [buildToolsVersion=23.0.3,compileSdkVersion=23,minSdkVersion=15,targetSdkVersion=23]
2018-10-27 20:05:44,316 INFO  LocalPropertiesFixService - Created fake /var/folders/bq/vtzpc5ns5sg2cthy61lqpg3dfzgbys/T/1540645538189-0/src/StyleImageView-master/styleimageview/local.properties
2018-10-27 20:05:44,316 INFO  ProjectFixService - Build info for "/var/folders/bq/vtzpc5ns5sg2cthy61lqpg3dfzgbys/T/1540645538189-0/src/StyleImageView-master/styleimageview/build.gradle": [buildToolsVersion=24.0.1,compileSdkVersion=23,minSdkVersion=15,targetSdkVersion=23]
2018-10-27 20:05:44,316 INFO  LocalPropertiesFixService - Created fake /var/folders/bq/vtzpc5ns5sg2cthy61lqpg3dfzgbys/T/1540645538189-0/src/StyleImageView-master/styler_test/local.properties
2018-10-27 20:05:44,317 INFO  ProjectFixService - Build info for "/var/folders/bq/vtzpc5ns5sg2cthy61lqpg3dfzgbys/T/1540645538189-0/src/StyleImageView-master/styler_test/build.gradle": [buildToolsVersion=24.0.1,compileSdkVersion=23,minSdkVersion=15,targetSdkVersion=23]
2018-10-27 20:05:44,317 INFO  LocalPropertiesFixService - Created fake /var/folders/bq/vtzpc5ns5sg2cthy61lqpg3dfzgbys/T/1540645538189-0/src/StyleImageView-master/local.properties
2018-10-27 20:05:44,317 INFO  WrapperPropertiesFixService - Gradle wrapper: https://services.gradle.org/distributions/gradle-2.10-all.zip
2018-10-27 20:05:44,318 INFO  WrapperPropertiesFixService - Gradle wrapper was changed from "-all.zip" to "-bin.zip" (https://services.gradle.org/distributions/gradle-2.10-bin.zip)
2018-10-27 20:05:44,319 INFO  ProjectFixService - Build info for "/var/folders/bq/vtzpc5ns5sg2cthy61lqpg3dfzgbys/T/1540645538189-0/src/StyleImageView-master/build.gradle": [buildToolsVersion=23.0.3,compileSdkVersion=23,minSdkVersion=15,targetSdkVersion=23]
2018-10-27 20:05:44,319 INFO  ProjectFixService - Project was maybe fixed
2018-10-27 20:05:44,319 INFO  ProjectTaskService - Detecting possible tasks...
2018-10-27 20:05:44,319 INFO  SysUtils - Execute command: [/var/folders/bq/vtzpc5ns5sg2cthy61lqpg3dfzgbys/T/1540645538189-0/src/StyleImageView-master/gradlew, -b, /var/folders/bq/vtzpc5ns5sg2cthy61lqpg3dfzgbys/T/1540645538189-0/src/StyleImageView-master/style_image_view_test/build.gradle, -Dorg.gradle.daemon=false, -Dorg.gradle.daemon.performance.enable-monitoring=false, -Dorg.gradle.configureondemand=true, tasks]
2018-10-27 20:05:52,030 ERROR ProjectTaskService - Could not detect possible Gradle tasks: Process exited with an error: 1 (Exit value: 1)
2018-10-27 20:05:52,030 INFO  ProjectTaskService - Detected possible tasks: 0
2018-10-27 20:05:52,030 INFO  ProjectTaskService - Excluded tasks (0): none
2018-10-27 20:05:52,030 INFO  SysUtils - Execute command: [/var/folders/bq/vtzpc5ns5sg2cthy61lqpg3dfzgbys/T/1540645538189-0/src/StyleImageView-master/gradlew, -b, /var/folders/bq/vtzpc5ns5sg2cthy61lqpg3dfzgbys/T/1540645538189-0/src/StyleImageView-master/style_image_view_test/build.gradle, -Dorg.gradle.daemon=false, -Dorg.gradle.daemon.performance.enable-monitoring=false, -Dorg.gradle.configureondemand=true, --stacktrace, build]
2018-10-27 20:06:10,403 ERROR SysUtils - Could not process external command
org.apache.commons.exec.ExecuteException: Process exited with an error: 1 (Exit value: 1)
	at org.apache.commons.exec.DefaultExecutor.executeInternal(DefaultExecutor.java:404)
	at org.apache.commons.exec.DefaultExecutor.execute(DefaultExecutor.java:166)
	at com.github.vbauer.apkmaster.util.SysUtils.execute(SysUtils.java:67)
	at com.github.vbauer.apkmaster.util.SysUtils.executeSimple(SysUtils.java:43)
	at com.github.vbauer.apkmaster.service.assembly.ProjectBuildService.buildProject(ProjectBuildService.java:78)
	at com.github.vbauer.apkmaster.service.assembly.ProjectBuildService.buildProject(ProjectBuildService.java:64)
	at com.github.vbauer.apkmaster.service.assembly.ProjectBuildService.buildProject(ProjectBuildService.java:43)
	at com.github.vbauer.apkmaster.service.FullProcessService.build(FullProcessService.java:84)
	at com.github.vbauer.apkmaster.service.FullProcessService.process(FullProcessService.java:34)
	at com.github.vbauer.apkmaster.app.MainApplication.process(MainApplication.java:38)
	at com.github.vbauer.apkmaster.app.MainApplication.main(MainApplication.java:20)
	at sun.reflect.GeneratedMethodAccessor9.invoke(Unknown Source)
	at sun.reflect.DelegatingMethodAccessorImpl.invoke(DelegatingMethodAccessorImpl.java:43)
	at java.lang.reflect.Method.invoke(Method.java:498)
	at com.android.arsenal.util.ReflectionUtils.invoke(ReflectionUtils.java:52)
	at com.android.arsenal.util.ApkMasterUtils.main(ApkMasterUtils.java:30)
	at com.android.arsenal.service.processor.impl.BuildProcessorServiceImpl.buildProject(BuildProcessorServiceImpl.java:196)
	at com.android.arsenal.service.processor.impl.BuildProcessorServiceImpl.build(BuildProcessorServiceImpl.java:130)
	at com.android.arsenal.service.processor.impl.BuildProcessorServiceImpl.lambda$null$1(BuildProcessorServiceImpl.java:113)
	at java.util.concurrent.FutureTask.run(FutureTask.java:266)
	at java.util.concurrent.Executors$RunnableAdapter.call(Executors.java:511)
	at java.util.concurrent.FutureTask.run(FutureTask.java:266)
	at java.util.concurrent.ThreadPoolExecutor.runWorker(ThreadPoolExecutor.java:1149)
	at java.util.concurrent.ThreadPoolExecutor$Worker.run(ThreadPoolExecutor.java:624)
	at java.lang.Thread.run(Thread.java:748)
2018-10-27 20:06:10,403 INFO  SysUtils - Configuration on demand is an incubating feature.
Incremental java compilation is an incubating feature.
:style_image_view_test:preBuild UP-TO-DATE
:style_image_view_test:preDebugBuild UP-TO-DATE
:style_image_view_test:checkDebugManifest
:style_image_view_test:preReleaseBuild UP-TO-DATE
:styleimageview:preBuild UP-TO-DATE
:styleimageview:preReleaseBuild UP-TO-DATE
:styleimageview:compileReleaseNdk UP-TO-DATE
:styleimageview:compileLint
:styleimageview:copyReleaseLint UP-TO-DATE
:styleimageview:checkReleaseManifest
:styleimageview:preDebugAndroidTestBuild UP-TO-DATE
:styleimageview:preDebugBuild UP-TO-DATE
:styleimageview:preDebugUnitTestBuild UP-TO-DATE
:styleimageview:preReleaseUnitTestBuild UP-TO-DATE
:styleimageview:prepareComAndroidSupportAnimatedVectorDrawable2340Library
:styleimageview:prepareComAndroidSupportAppcompatV72340Library
:styleimageview:prepareComAndroidSupportSupportV42340Library
:styleimageview:prepareComAndroidSupportSupportVectorDrawable2340Library
:styleimageview:prepareReleaseDependencies
:styleimageview:compileReleaseAidl
:styleimageview:compileReleaseRenderscript
:styleimageview:generateReleaseBuildConfig
:styleimageview:mergeReleaseShaders
:styleimageview:compileReleaseShaders
:styleimageview:generateReleaseAssets
:styleimageview:mergeReleaseAssets
:styleimageview:generateReleaseResValues
:styleimageview:generateReleaseResources
:styleimageview:mergeReleaseResources
:styleimageview:processReleaseManifest
:styleimageview:processReleaseResources
:styleimageview:generateReleaseSources
:styleimageview:incrementalReleaseJavaCompilationSafeguard
:styleimageview:compileReleaseJavaWithJavac
:styleimageview:compileReleaseJavaWithJavac - is not incremental (e.g. outputs have changed, no previous execution, etc.).
:styleimageview:extractReleaseAnnotations
:styleimageview:mergeReleaseProguardFiles
:styleimageview:packageReleaseRenderscript UP-TO-DATE
:styleimageview:packageReleaseResources
:styleimageview:processReleaseJavaRes UP-TO-DATE
:styleimageview:transformResourcesWithMergeJavaResForRelease
:styleimageview:transformClassesAndResourcesWithSyncLibJarsForRelease
:styleimageview:mergeReleaseJniLibFolders
:styleimageview:transformNative_libsWithMergeJniLibsForRelease
:styleimageview:transformNative_libsWithSyncJniLibsForRelease
:styleimageview:bundleRelease
:style_image_view_test:prepareComAndroidSupportAnimatedVectorDrawable2340Library
:style_image_view_test:prepareComAndroidSupportAppcompatV72340Library
:style_image_view_test:prepareComAndroidSupportSupportV42340Library
:style_image_view_test:prepareComAndroidSupportSupportVectorDrawable2340Library
:style_image_view_test:prepareItChengdazhiStyleimageviewStyleimageview104Library
:style_image_view_test:prepareDebugDependencies
:style_image_view_test:compileDebugAidl
:style_image_view_test:compileDebugRenderscript
:style_image_view_test:generateDebugBuildConfig
:style_image_view_test:mergeDebugShaders
:style_image_view_test:compileDebugShaders
:style_image_view_test:generateDebugAssets
:style_image_view_test:mergeDebugAssets
:style_image_view_test:generateDebugResValues
:style_image_view_test:generateDebugResources
:style_image_view_test:mergeDebugResources
:style_image_view_test:processDebugManifest
:style_image_view_test:processDebugResources
:style_image_view_test:generateDebugSources
:style_image_view_test:incrementalDebugJavaCompilationSafeguard
:style_image_view_test:compileDebugJavaWithJavac
:style_image_view_test:compileDebugJavaWithJavac - is not incremental (e.g. outputs have changed, no previous execution, etc.).
:style_image_view_test:compileDebugNdk UP-TO-DATE
:style_image_view_test:compileDebugSources
:style_image_view_test:prePackageMarkerForDebug
:style_image_view_test:transformClassesWithDexForDebug
Merged dex #1 (5 defs/15.3KiB)
Merged dex #2 (330 defs/538.0KiB)
Merged dex #3 (770 defs/937.1KiB)
Merged dex #4 (17 defs/48.5KiB)
Merged dex #5 (49 defs/113.1KiB)
Merged dex #6 (335 defs/262.9KiB)
Merged dex #7 (12 defs/18.9KiB)
Merged dex #8 (41 defs/6.5KiB)
Result is 1559 defs/2349.3KiB. Took 0.3s
:style_image_view_test:mergeDebugJniLibFolders
:style_image_view_test:transformNative_libsWithMergeJniLibsForDebug
:style_image_view_test:processDebugJavaRes UP-TO-DATE
:style_image_view_test:transformResourcesWithMergeJavaResForDebug
:style_image_view_test:validateDebugSigning
:style_image_view_test:packageDebug
:style_image_view_test:zipalignDebug
:style_image_view_test:assembleDebug
:style_image_view_test:checkReleaseManifest
:style_image_view_test:prepareReleaseDependencies
:style_image_view_test:compileReleaseAidl
:style_image_view_test:compileReleaseRenderscript
:style_image_view_test:generateReleaseBuildConfig
:style_image_view_test:mergeReleaseShaders
:style_image_view_test:compileReleaseShaders
:style_image_view_test:generateReleaseAssets
:style_image_view_test:mergeReleaseAssets
:style_image_view_test:generateReleaseResValues
:style_image_view_test:generateReleaseResources
:style_image_view_test:mergeReleaseResources
:style_image_view_test:processReleaseManifest
:style_image_view_test:processReleaseResources
:style_image_view_test:generateReleaseSources
:style_image_view_test:incrementalReleaseJavaCompilationSafeguard
:style_image_view_test:compileReleaseJavaWithJavac
:style_image_view_test:compileReleaseJavaWithJavac - is not incremental (e.g. outputs have changed, no previous execution, etc.).
:style_image_view_test:compileReleaseNdk UP-TO-DATE
:style_image_view_test:compileReleaseSources
:style_image_view_test:lintVitalRelease FAILED

FAILURE: Build failed with an exception.

* What went wrong:
Execution failed for task ':style_image_view_test:lintVitalRelease'.
> No toolchains found in the NDK toolchains folder for ABI with prefix: mipsel-linux-android

* Try:
Run with --info or --debug option to get more log output.

* Exception is:
org.gradle.api.tasks.TaskExecutionException: Execution failed for task ':style_image_view_test:lintVitalRelease'.
	at org.gradle.api.internal.tasks.execution.ExecuteActionsTaskExecuter.executeActions(ExecuteActionsTaskExecuter.java:69)
	at org.gradle.api.internal.tasks.execution.ExecuteActionsTaskExecuter.execute(ExecuteActionsTaskExecuter.java:46)
	at org.gradle.api.internal.tasks.execution.PostExecutionAnalysisTaskExecuter.execute(PostExecutionAnalysisTaskExecuter.java:35)
	at org.gradle.api.internal.tasks.execution.SkipUpToDateTaskExecuter.execute(SkipUpToDateTaskExecuter.java:64)
	at org.gradle.api.internal.tasks.execution.ValidatingTaskExecuter.execute(ValidatingTaskExecuter.java:58)
	at org.gradle.api.internal.tasks.execution.SkipEmptySourceFilesTaskExecuter.execute(SkipEmptySourceFilesTaskExecuter.java:52)
	at org.gradle.api.internal.tasks.execution.SkipTaskWithNoActionsExecuter.execute(SkipTaskWithNoActionsExecuter.java:52)
	at org.gradle.api.internal.tasks.execution.SkipOnlyIfTaskExecuter.execute(SkipOnlyIfTaskExecuter.java:53)
	at org.gradle.api.internal.tasks.execution.ExecuteAtMostOnceTaskExecuter.execute(ExecuteAtMostOnceTaskExecuter.java:43)
	at org.gradle.execution.taskgraph.DefaultTaskGraphExecuter$EventFiringTaskWorker.execute(DefaultTaskGraphExecuter.java:203)
	at org.gradle.execution.taskgraph.DefaultTaskGraphExecuter$EventFiringTaskWorker.execute(DefaultTaskGraphExecuter.java:185)
	at org.gradle.execution.taskgraph.AbstractTaskPlanExecutor$TaskExecutorWorker.processTask(AbstractTaskPlanExecutor.java:66)
	at org.gradle.execution.taskgraph.AbstractTaskPlanExecutor$TaskExecutorWorker.run(AbstractTaskPlanExecutor.java:50)
	at org.gradle.execution.taskgraph.DefaultTaskPlanExecutor.process(DefaultTaskPlanExecutor.java:25)
	at org.gradle.execution.taskgraph.DefaultTaskGraphExecuter.execute(DefaultTaskGraphExecuter.java:110)
	at org.gradle.execution.SelectedTaskExecutionAction.execute(SelectedTaskExecutionAction.java:37)
	at org.gradle.execution.DefaultBuildExecuter.execute(DefaultBuildExecuter.java:37)
	at org.gradle.execution.DefaultBuildExecuter.access$000(DefaultBuildExecuter.java:23)
	at org.gradle.execution.DefaultBuildExecuter$1.proceed(DefaultBuildExecuter.java:43)
	at org.gradle.execution.DryRunBuildExecutionAction.execute(DryRunBuildExecutionAction.java:32)
	at org.gradle.execution.DefaultBuildExecuter.execute(DefaultBuildExecuter.java:37)
	at org.gradle.execution.DefaultBuildExecuter.execute(DefaultBuildExecuter.java:30)
	at org.gradle.initialization.DefaultGradleLauncher$4.run(DefaultGradleLauncher.java:154)
	at org.gradle.internal.Factories$1.create(Factories.java:22)
	at org.gradle.internal.progress.DefaultBuildOperationExecutor.run(DefaultBuildOperationExecutor.java:90)
	at org.gradle.internal.progress.DefaultBuildOperationExecutor.run(DefaultBuildOperationExecutor.java:52)
	at org.gradle.initialization.DefaultGradleLauncher.doBuildStages(DefaultGradleLauncher.java:151)
	at org.gradle.initialization.DefaultGradleLauncher.access$200(DefaultGradleLauncher.java:32)
	at org.gradle.initialization.DefaultGradleLauncher$1.create(DefaultGradleLauncher.java:99)
	at org.gradle.initialization.DefaultGradleLauncher$1.create(DefaultGradleLauncher.java:93)
	at org.gradle.internal.progress.DefaultBuildOperationExecutor.run(DefaultBuildOperationExecutor.java:90)
	at org.gradle.internal.progress.DefaultBuildOperationExecutor.run(DefaultBuildOperationExecutor.java:62)
	at org.gradle.initialization.DefaultGradleLauncher.doBuild(DefaultGradleLauncher.java:93)
	at org.gradle.initialization.DefaultGradleLauncher.run(DefaultGradleLauncher.java:82)
	at org.gradle.launcher.exec.InProcessBuildActionExecuter$DefaultBuildController.run(InProcessBuildActionExecuter.java:94)
	at org.gradle.tooling.internal.provider.ExecuteBuildActionRunner.run(ExecuteBuildActionRunner.java:28)
	at org.gradle.launcher.exec.ChainingBuildActionRunner.run(ChainingBuildActionRunner.java:35)
	at org.gradle.launcher.exec.InProcessBuildActionExecuter.execute(InProcessBuildActionExecuter.java:43)
	at org.gradle.launcher.exec.InProcessBuildActionExecuter.execute(InProcessBuildActionExecuter.java:28)
	at org.gradle.launcher.exec.ContinuousBuildActionExecuter.execute(ContinuousBuildActionExecuter.java:78)
	at org.gradle.launcher.exec.ContinuousBuildActionExecuter.execute(ContinuousBuildActionExecuter.java:48)
	at org.gradle.launcher.exec.DaemonUsageSuggestingBuildActionExecuter.execute(DaemonUsageSuggestingBuildActionExecuter.java:51)
	at org.gradle.launcher.exec.DaemonUsageSuggestingBuildActionExecuter.execute(DaemonUsageSuggestingBuildActionExecuter.java:28)
	at org.gradle.launcher.cli.RunBuildAction.run(RunBuildAction.java:43)
	at org.gradle.internal.Actions$RunnableActionAdapter.execute(Actions.java:170)
	at org.gradle.launcher.cli.CommandLineActionFactory$ParseAndBuildAction.execute(CommandLineActionFactory.java:237)
	at org.gradle.launcher.cli.CommandLineActionFactory$ParseAndBuildAction.execute(CommandLineActionFactory.java:210)
	at org.gradle.launcher.cli.JavaRuntimeValidationAction.execute(JavaRuntimeValidationAction.java:35)
	at org.gradle.launcher.cli.JavaRuntimeValidationAction.execute(JavaRuntimeValidationAction.java:24)
	at org.gradle.launcher.cli.CommandLineActionFactory$WithLogging.execute(CommandLineActionFactory.java:206)
	at org.gradle.launcher.cli.CommandLineActionFactory$WithLogging.execute(CommandLineActionFactory.java:169)
	at org.gradle.launcher.cli.ExceptionReportingAction.execute(ExceptionReportingAction.java:33)
	at org.gradle.launcher.cli.ExceptionReportingAction.execute(ExceptionReportingAction.java:22)
	at org.gradle.launcher.Main.doAction(Main.java:33)
	at org.gradle.launcher.bootstrap.EntryPoint.run(EntryPoint.java:45)
	at org.gradle.launcher.bootstrap.ProcessBootstrap.runNoExit(ProcessBootstrap.java:54)
	at org.gradle.launcher.bootstrap.ProcessBootstrap.run(ProcessBootstrap.java:35)
	at org.gradle.launcher.GradleMain.main(GradleMain.java:23)
	at org.gradle.wrapper.BootstrapMainStarter.start(BootstrapMainStarter.java:30)
	at org.gradle.wrapper.WrapperExecutor.execute(WrapperExecutor.java:129)
	at org.gradle.wrapper.GradleWrapperMain.main(GradleWrapperMain.java:61)
Caused by: java.lang.RuntimeException: No toolchains found in the NDK toolchains folder for ABI with prefix: mipsel-linux-android
	at com.android.build.gradle.internal.NdkHandler.getDefaultToolchainVersion(NdkHandler.java:375)
	at com.android.build.gradle.internal.NdkHandler.getToolchainPath(NdkHandler.java:273)
	at com.android.build.gradle.internal.NdkHandler.getCCompiler(NdkHandler.java:461)
	at com.android.build.gradle.internal.model.ModelBuilder.createNativeToolchainModelMap(ModelBuilder.java:227)
	at com.android.build.gradle.internal.model.ModelBuilder.buildAll(ModelBuilder.java:166)
	at org.gradle.tooling.provider.model.ToolingModelBuilder$buildAll.call(Unknown Source)
	at com.android.build.gradle.tasks.Lint.createAndroidProject(Lint.groovy:256)
	at com.android.build.gradle.tasks.Lint.lint(Lint.groovy:73)
	at org.gradle.internal.reflect.JavaMethod.invoke(JavaMethod.java:75)
	at org.gradle.api.internal.project.taskfactory.AnnotationProcessingTaskFactory$StandardTaskAction.doExecute(AnnotationProcessingTaskFactory.java:227)
	at org.gradle.api.internal.project.taskfactory.AnnotationProcessingTaskFactory$StandardTaskAction.execute(AnnotationProcessingTaskFactory.java:220)
	at org.gradle.api.internal.project.taskfactory.AnnotationProcessingTaskFactory$StandardTaskAction.execute(AnnotationProcessingTaskFactory.java:209)
	at org.gradle.api.internal.AbstractTask$TaskActionWrapper.execute(AbstractTask.java:585)
	at org.gradle.api.internal.AbstractTask$TaskActionWrapper.execute(AbstractTask.java:568)
	at org.gradle.api.internal.tasks.execution.ExecuteActionsTaskExecuter.executeAction(ExecuteActionsTaskExecuter.java:80)
	at org.gradle.api.internal.tasks.execution.ExecuteActionsTaskExecuter.executeActions(ExecuteActionsTaskExecuter.java:61)
	... 60 more


BUILD FAILED

Total time: 17.804 secs

2018-10-27 20:06:10,486 INFO  FullProcessService - Found APK file: /var/folders/bq/vtzpc5ns5sg2cthy61lqpg3dfzgbys/T/1540645538189-0/src/StyleImageView-master/style_image_view_test/build/outputs/apk/style_image_view_test-debug-unaligned.apk
